<?xml version="1.0" encoding="utf-8"?>
<CoverageSession xmlns:xsd="http://www.w3.org/2001/XMLSchema" xmlns:xsi="http://www.w3.org/2001/XMLSchema-instance" Version="4.7.922.0">
  <Summary numSequencePoints="906" visitedSequencePoints="364" numBranchPoints="160" visitedBranchPoints="85" sequenceCoverage="40.18" branchCoverage="53.12" maxCyclomaticComplexity="5" minCyclomaticComplexity="1" maxCrapScore="30" minCrapScore="1" visitedClasses="12" numClasses="15" visitedMethods="66" numMethods="106" />
  <Modules>
    <Module hash="89-50-AE-CE-86-AF-7C-28-C5-87-B3-34-B7-A8-7C-09-D7-11-6F-C3">
      <Summary numSequencePoints="79" visitedSequencePoints="79" numBranchPoints="11" visitedBranchPoints="11" sequenceCoverage="100" branchCoverage="100" maxCyclomaticComplexity="1" minCyclomaticComplexity="1" maxCrapScore="1" minCrapScore="1" visitedClasses="1" numClasses="1" visitedMethods="11" numMethods="11" />
      <ModulePath>C:\Users\Yihss\OneDrive\桌面\視窗程式設計\Windows-Programming-hw2\hw2Tests\bin\Debug\fine-code-coverage\build-output\hw2Tests.dll</ModulePath>
      <ModuleTime>2024-11-30T06:58:35.9135087Z</ModuleTime>
      <ModuleName>hw2Tests</ModuleName>
      <Files>
        <File uid="1" fullPath="C:\Users\Yihss\OneDrive\桌面\視窗程式設計\Windows-Programming-hw2\hw2Tests\Models\ModelTests.cs" />
      </Files>
      <Classes>
        <Class>
          <Summary numSequencePoints="79" visitedSequencePoints="79" numBranchPoints="11" visitedBranchPoints="11" sequenceCoverage="100" branchCoverage="100" maxCyclomaticComplexity="1" minCyclomaticComplexity="1" maxCrapScore="1" minCrapScore="1" visitedClasses="1" numClasses="1" visitedMethods="11" numMethods="11" />
          <FullName>hw2.Models.Tests.ModelTests</FullName>
          <Methods>
            <Method visited="true" cyclomaticComplexity="1" nPathComplexity="0" sequenceCoverage="100" branchCoverage="100" crapScore="1" isConstructor="false" isStatic="false" isGetter="false" isSetter="false">
              <Summary numSequencePoints="3" visitedSequencePoints="3" numBranchPoints="1" visitedBranchPoints="1" sequenceCoverage="100" branchCoverage="100" maxCyclomaticComplexity="1" minCyclomaticComplexity="1" maxCrapScore="1" minCrapScore="1" visitedClasses="0" numClasses="0" visitedMethods="1" numMethods="1" />
              <MetadataToken>100663297</MetadataToken>
              <Name>System.Void hw2.Models.Tests.ModelTests::ModelTest()</Name>
              <FileRef uid="1" />
              <SequencePoints>
                <SequencePoint vc="1" uspid="1" ordinal="0" offset="0" sl="23" sc="9" el="23" ec="10" bec="0" bev="0" fileid="1" />
                <SequencePoint vc="1" uspid="2" ordinal="1" offset="1" sl="24" sc="13" el="24" ec="33" bec="0" bev="0" fileid="1" />
                <SequencePoint vc="1" uspid="3" ordinal="2" offset="12" sl="25" sc="9" el="25" ec="10" bec="0" bev="0" fileid="1" />
              </SequencePoints>
              <BranchPoints />
              <MethodPoint xsi:type="SequencePoint" vc="1" uspid="1" ordinal="0" offset="0" sl="23" sc="9" el="23" ec="10" bec="0" bev="0" fileid="1" />
            </Method>
            <Method visited="true" cyclomaticComplexity="1" nPathComplexity="0" sequenceCoverage="100" branchCoverage="100" crapScore="1" isConstructor="false" isStatic="false" isGetter="false" isSetter="false">
              <Summary numSequencePoints="6" visitedSequencePoints="6" numBranchPoints="1" visitedBranchPoints="1" sequenceCoverage="100" branchCoverage="100" maxCyclomaticComplexity="1" minCyclomaticComplexity="1" maxCrapScore="1" minCrapScore="1" visitedClasses="0" numClasses="0" visitedMethods="1" numMethods="1" />
              <MetadataToken>100663298</MetadataToken>
              <Name>System.Void hw2.Models.Tests.ModelTests::EnterPointerStateTest()</Name>
              <FileRef uid="1" />
              <SequencePoints>
                <SequencePoint vc="1" uspid="4" ordinal="0" offset="0" sl="29" sc="9" el="29" ec="10" bec="0" bev="0" fileid="1" />
                <SequencePoint vc="1" uspid="5" ordinal="1" offset="1" sl="30" sc="13" el="30" ec="39" bec="0" bev="0" fileid="1" />
                <SequencePoint vc="1" uspid="6" ordinal="2" offset="13" sl="31" sc="13" el="31" ec="66" bec="0" bev="0" fileid="1" />
                <SequencePoint vc="1" uspid="7" ordinal="3" offset="31" sl="32" sc="13" el="32" ec="65" bec="0" bev="0" fileid="1" />
                <SequencePoint vc="1" uspid="8" ordinal="4" offset="49" sl="33" sc="13" el="33" ec="69" bec="0" bev="0" fileid="1" />
                <SequencePoint vc="1" uspid="9" ordinal="5" offset="77" sl="34" sc="9" el="34" ec="10" bec="0" bev="0" fileid="1" />
              </SequencePoints>
              <BranchPoints />
              <MethodPoint xsi:type="SequencePoint" vc="1" uspid="4" ordinal="0" offset="0" sl="29" sc="9" el="29" ec="10" bec="0" bev="0" fileid="1" />
            </Method>
            <Method visited="true" cyclomaticComplexity="1" nPathComplexity="0" sequenceCoverage="100" branchCoverage="100" crapScore="1" isConstructor="false" isStatic="false" isGetter="false" isSetter="false">
              <Summary numSequencePoints="6" visitedSequencePoints="6" numBranchPoints="1" visitedBranchPoints="1" sequenceCoverage="100" branchCoverage="100" maxCyclomaticComplexity="1" minCyclomaticComplexity="1" maxCrapScore="1" minCrapScore="1" visitedClasses="0" numClasses="0" visitedMethods="1" numMethods="1" />
              <MetadataToken>100663299</MetadataToken>
              <Name>System.Void hw2.Models.Tests.ModelTests::EnterDrawingStateTest()</Name>
              <FileRef uid="1" />
              <SequencePoints>
                <SequencePoint vc="1" uspid="10" ordinal="0" offset="0" sl="40" sc="9" el="40" ec="10" bec="0" bev="0" fileid="1" />
                <SequencePoint vc="1" uspid="11" ordinal="1" offset="1" sl="41" sc="13" el="41" ec="39" bec="0" bev="0" fileid="1" />
                <SequencePoint vc="1" uspid="12" ordinal="2" offset="13" sl="42" sc="13" el="42" ec="65" bec="0" bev="0" fileid="1" />
                <SequencePoint vc="1" uspid="13" ordinal="3" offset="31" sl="43" sc="13" el="43" ec="66" bec="0" bev="0" fileid="1" />
                <SequencePoint vc="1" uspid="14" ordinal="4" offset="49" sl="44" sc="13" el="44" ec="69" bec="0" bev="0" fileid="1" />
                <SequencePoint vc="1" uspid="15" ordinal="5" offset="77" sl="45" sc="9" el="45" ec="10" bec="0" bev="0" fileid="1" />
              </SequencePoints>
              <BranchPoints />
              <MethodPoint xsi:type="SequencePoint" vc="1" uspid="10" ordinal="0" offset="0" sl="40" sc="9" el="40" ec="10" bec="0" bev="0" fileid="1" />
            </Method>
            <Method visited="true" cyclomaticComplexity="1" nPathComplexity="0" sequenceCoverage="100" branchCoverage="100" crapScore="1" isConstructor="false" isStatic="false" isGetter="false" isSetter="false">
              <Summary numSequencePoints="17" visitedSequencePoints="17" numBranchPoints="1" visitedBranchPoints="1" sequenceCoverage="100" branchCoverage="100" maxCyclomaticComplexity="1" minCyclomaticComplexity="1" maxCrapScore="1" minCrapScore="1" visitedClasses="0" numClasses="0" visitedMethods="1" numMethods="1" />
              <MetadataToken>100663300</MetadataToken>
              <Name>System.Void hw2.Models.Tests.ModelTests::PointerActionTest()</Name>
              <FileRef uid="1" />
              <SequencePoints>
                <SequencePoint vc="1" uspid="16" ordinal="0" offset="0" sl="48" sc="9" el="48" ec="10" bec="0" bev="0" fileid="1" />
                <SequencePoint vc="1" uspid="17" ordinal="1" offset="1" sl="49" sc="13" el="49" ec="49" bec="0" bev="0" fileid="1" />
                <SequencePoint vc="1" uspid="18" ordinal="2" offset="36" sl="50" sc="13" el="50" ec="39" bec="0" bev="0" fileid="1" />
                <SequencePoint vc="1" uspid="19" ordinal="3" offset="66" sl="51" sc="13" el="51" ec="43" bec="0" bev="0" fileid="1" />
                <SequencePoint vc="1" uspid="20" ordinal="4" offset="96" sl="53" sc="13" el="53" ec="39" bec="0" bev="0" fileid="1" />
                <SequencePoint vc="1" uspid="21" ordinal="5" offset="108" sl="54" sc="13" el="54" ec="56" bec="0" bev="0" fileid="1" />
                <SequencePoint vc="1" uspid="22" ordinal="6" offset="143" sl="55" sc="13" el="55" ec="40" bec="0" bev="0" fileid="1" />
                <SequencePoint vc="1" uspid="23" ordinal="7" offset="173" sl="56" sc="13" el="56" ec="43" bec="0" bev="0" fileid="1" />
                <SequencePoint vc="1" uspid="24" ordinal="8" offset="203" sl="58" sc="13" el="58" ec="39" bec="0" bev="0" fileid="1" />
                <SequencePoint vc="1" uspid="25" ordinal="9" offset="215" sl="59" sc="13" el="59" ec="53" bec="0" bev="0" fileid="1" />
                <SequencePoint vc="1" uspid="26" ordinal="10" offset="250" sl="60" sc="13" el="60" ec="40" bec="0" bev="0" fileid="1" />
                <SequencePoint vc="1" uspid="27" ordinal="11" offset="280" sl="61" sc="13" el="61" ec="42" bec="0" bev="0" fileid="1" />
                <SequencePoint vc="1" uspid="28" ordinal="12" offset="310" sl="63" sc="13" el="63" ec="39" bec="0" bev="0" fileid="1" />
                <SequencePoint vc="1" uspid="29" ordinal="13" offset="322" sl="64" sc="13" el="64" ec="54" bec="0" bev="0" fileid="1" />
                <SequencePoint vc="1" uspid="30" ordinal="14" offset="357" sl="65" sc="13" el="65" ec="40" bec="0" bev="0" fileid="1" />
                <SequencePoint vc="1" uspid="31" ordinal="15" offset="387" sl="66" sc="13" el="66" ec="43" bec="0" bev="0" fileid="1" />
                <SequencePoint vc="1" uspid="32" ordinal="16" offset="417" sl="67" sc="9" el="67" ec="10" bec="0" bev="0" fileid="1" />
              </SequencePoints>
              <BranchPoints />
              <MethodPoint xsi:type="SequencePoint" vc="1" uspid="16" ordinal="0" offset="0" sl="48" sc="9" el="48" ec="10" bec="0" bev="0" fileid="1" />
            </Method>
            <Method visited="true" cyclomaticComplexity="1" nPathComplexity="0" sequenceCoverage="100" branchCoverage="100" crapScore="1" isConstructor="false" isStatic="false" isGetter="false" isSetter="false">
              <Summary numSequencePoints="18" visitedSequencePoints="18" numBranchPoints="1" visitedBranchPoints="1" sequenceCoverage="100" branchCoverage="100" maxCyclomaticComplexity="1" minCyclomaticComplexity="1" maxCrapScore="1" minCrapScore="1" visitedClasses="0" numClasses="0" visitedMethods="1" numMethods="1" />
              <MetadataToken>100663301</MetadataToken>
              <Name>System.Void hw2.Models.Tests.ModelTests::ini()</Name>
              <FileRef uid="1" />
              <SequencePoints>
                <SequencePoint vc="9" uspid="33" ordinal="0" offset="0" sl="71" sc="9" el="71" ec="10" bec="0" bev="0" fileid="1" />
                <SequencePoint vc="9" uspid="34" ordinal="1" offset="1" sl="72" sc="13" el="72" ec="39" bec="0" bev="0" fileid="1" />
                <SequencePoint vc="9" uspid="35" ordinal="2" offset="13" sl="73" sc="13" el="73" ec="49" bec="0" bev="0" fileid="1" />
                <SequencePoint vc="9" uspid="36" ordinal="3" offset="48" sl="74" sc="13" el="74" ec="39" bec="0" bev="0" fileid="1" />
                <SequencePoint vc="9" uspid="37" ordinal="4" offset="78" sl="75" sc="13" el="75" ec="42" bec="0" bev="0" fileid="1" />
                <SequencePoint vc="9" uspid="38" ordinal="5" offset="108" sl="77" sc="13" el="77" ec="39" bec="0" bev="0" fileid="1" />
                <SequencePoint vc="9" uspid="39" ordinal="6" offset="120" sl="78" sc="13" el="78" ec="56" bec="0" bev="0" fileid="1" />
                <SequencePoint vc="9" uspid="40" ordinal="7" offset="155" sl="79" sc="13" el="79" ec="40" bec="0" bev="0" fileid="1" />
                <SequencePoint vc="9" uspid="41" ordinal="8" offset="185" sl="80" sc="13" el="80" ec="43" bec="0" bev="0" fileid="1" />
                <SequencePoint vc="9" uspid="42" ordinal="9" offset="215" sl="82" sc="13" el="82" ec="39" bec="0" bev="0" fileid="1" />
                <SequencePoint vc="9" uspid="43" ordinal="10" offset="227" sl="83" sc="13" el="83" ec="53" bec="0" bev="0" fileid="1" />
                <SequencePoint vc="9" uspid="44" ordinal="11" offset="262" sl="84" sc="13" el="84" ec="40" bec="0" bev="0" fileid="1" />
                <SequencePoint vc="9" uspid="45" ordinal="12" offset="292" sl="85" sc="13" el="85" ec="43" bec="0" bev="0" fileid="1" />
                <SequencePoint vc="9" uspid="46" ordinal="13" offset="322" sl="87" sc="13" el="87" ec="39" bec="0" bev="0" fileid="1" />
                <SequencePoint vc="9" uspid="47" ordinal="14" offset="334" sl="88" sc="13" el="88" ec="54" bec="0" bev="0" fileid="1" />
                <SequencePoint vc="9" uspid="48" ordinal="15" offset="369" sl="89" sc="13" el="89" ec="40" bec="0" bev="0" fileid="1" />
                <SequencePoint vc="9" uspid="49" ordinal="16" offset="399" sl="90" sc="13" el="90" ec="43" bec="0" bev="0" fileid="1" />
                <SequencePoint vc="9" uspid="50" ordinal="17" offset="429" sl="91" sc="9" el="91" ec="10" bec="0" bev="0" fileid="1" />
              </SequencePoints>
              <BranchPoints />
              <MethodPoint xsi:type="SequencePoint" vc="9" uspid="33" ordinal="0" offset="0" sl="71" sc="9" el="71" ec="10" bec="0" bev="0" fileid="1" />
            </Method>
            <Method visited="true" cyclomaticComplexity="1" nPathComplexity="0" sequenceCoverage="100" branchCoverage="100" crapScore="1" isConstructor="false" isStatic="false" isGetter="false" isSetter="false">
              <Summary numSequencePoints="14" visitedSequencePoints="14" numBranchPoints="1" visitedBranchPoints="1" sequenceCoverage="100" branchCoverage="100" maxCyclomaticComplexity="1" minCyclomaticComplexity="1" maxCrapScore="1" minCrapScore="1" visitedClasses="0" numClasses="0" visitedMethods="1" numMethods="1" />
              <MetadataToken>100663302</MetadataToken>
              <Name>System.Void hw2.Models.Tests.ModelTests::PointStatePointerActionTest()</Name>
              <FileRef uid="1" />
              <SequencePoints>
                <SequencePoint vc="1" uspid="51" ordinal="0" offset="0" sl="94" sc="9" el="94" ec="10" bec="0" bev="0" fileid="1" />
                <SequencePoint vc="1" uspid="52" ordinal="1" offset="1" sl="95" sc="13" el="95" ec="39" bec="0" bev="0" fileid="1" />
                <SequencePoint vc="1" uspid="53" ordinal="2" offset="13" sl="96" sc="13" el="96" ec="49" bec="0" bev="0" fileid="1" />
                <SequencePoint vc="1" uspid="54" ordinal="3" offset="48" sl="97" sc="13" el="97" ec="39" bec="0" bev="0" fileid="1" />
                <SequencePoint vc="1" uspid="55" ordinal="4" offset="78" sl="99" sc="13" el="99" ec="39" bec="0" bev="0" fileid="1" />
                <SequencePoint vc="1" uspid="56" ordinal="5" offset="90" sl="100" sc="13" el="100" ec="56" bec="0" bev="0" fileid="1" />
                <SequencePoint vc="1" uspid="57" ordinal="6" offset="125" sl="101" sc="13" el="101" ec="40" bec="0" bev="0" fileid="1" />
                <SequencePoint vc="1" uspid="58" ordinal="7" offset="155" sl="103" sc="13" el="103" ec="39" bec="0" bev="0" fileid="1" />
                <SequencePoint vc="1" uspid="59" ordinal="8" offset="167" sl="104" sc="13" el="104" ec="53" bec="0" bev="0" fileid="1" />
                <SequencePoint vc="1" uspid="60" ordinal="9" offset="202" sl="105" sc="13" el="105" ec="39" bec="0" bev="0" fileid="1" />
                <SequencePoint vc="1" uspid="61" ordinal="10" offset="232" sl="107" sc="13" el="107" ec="39" bec="0" bev="0" fileid="1" />
                <SequencePoint vc="1" uspid="62" ordinal="11" offset="244" sl="108" sc="13" el="108" ec="54" bec="0" bev="0" fileid="1" />
                <SequencePoint vc="1" uspid="63" ordinal="12" offset="279" sl="109" sc="13" el="109" ec="40" bec="0" bev="0" fileid="1" />
                <SequencePoint vc="1" uspid="64" ordinal="13" offset="309" sl="110" sc="9" el="110" ec="10" bec="0" bev="0" fileid="1" />
              </SequencePoints>
              <BranchPoints />
              <MethodPoint xsi:type="SequencePoint" vc="1" uspid="51" ordinal="0" offset="0" sl="94" sc="9" el="94" ec="10" bec="0" bev="0" fileid="1" />
            </Method>
            <Method visited="true" cyclomaticComplexity="1" nPathComplexity="0" sequenceCoverage="100" branchCoverage="100" crapScore="1" isConstructor="false" isStatic="false" isGetter="false" isSetter="false">
              <Summary numSequencePoints="4" visitedSequencePoints="4" numBranchPoints="1" visitedBranchPoints="1" sequenceCoverage="100" branchCoverage="100" maxCyclomaticComplexity="1" minCyclomaticComplexity="1" maxCrapScore="1" minCrapScore="1" visitedClasses="0" numClasses="0" visitedMethods="1" numMethods="1" />
              <MetadataToken>100663303</MetadataToken>
              <Name>System.Void hw2.Models.Tests.ModelTests::OnPaintTest()</Name>
              <FileRef uid="1" />
              <SequencePoints>
                <SequencePoint vc="1" uspid="65" ordinal="0" offset="0" sl="114" sc="9" el="114" ec="10" bec="0" bev="0" fileid="1" />
                <SequencePoint vc="1" uspid="66" ordinal="1" offset="1" sl="115" sc="13" el="115" ec="79" bec="0" bev="0" fileid="1" />
                <SequencePoint vc="1" uspid="67" ordinal="2" offset="7" sl="116" sc="13" el="116" ec="30" bec="0" bev="0" fileid="1" />
                <SequencePoint vc="1" uspid="68" ordinal="3" offset="20" sl="117" sc="9" el="117" ec="10" bec="0" bev="0" fileid="1" />
              </SequencePoints>
              <BranchPoints />
              <MethodPoint xsi:type="SequencePoint" vc="1" uspid="65" ordinal="0" offset="0" sl="114" sc="9" el="114" ec="10" bec="0" bev="0" fileid="1" />
            </Method>
            <Method visited="true" cyclomaticComplexity="1" nPathComplexity="0" sequenceCoverage="100" branchCoverage="100" crapScore="1" isConstructor="false" isStatic="false" isGetter="false" isSetter="false">
              <Summary numSequencePoints="4" visitedSequencePoints="4" numBranchPoints="1" visitedBranchPoints="1" sequenceCoverage="100" branchCoverage="100" maxCyclomaticComplexity="1" minCyclomaticComplexity="1" maxCrapScore="1" minCrapScore="1" visitedClasses="0" numClasses="0" visitedMethods="1" numMethods="1" />
              <MetadataToken>100663304</MetadataToken>
              <Name>System.Void hw2.Models.Tests.ModelTests::DrawTest()</Name>
              <FileRef uid="1" />
              <SequencePoints>
                <SequencePoint vc="1" uspid="69" ordinal="0" offset="0" sl="121" sc="9" el="121" ec="10" bec="0" bev="0" fileid="1" />
                <SequencePoint vc="1" uspid="70" ordinal="1" offset="1" sl="122" sc="13" el="122" ec="79" bec="0" bev="0" fileid="1" />
                <SequencePoint vc="1" uspid="71" ordinal="2" offset="7" sl="123" sc="13" el="123" ec="27" bec="0" bev="0" fileid="1" />
                <SequencePoint vc="1" uspid="72" ordinal="3" offset="20" sl="124" sc="9" el="124" ec="10" bec="0" bev="0" fileid="1" />
              </SequencePoints>
              <BranchPoints />
              <MethodPoint xsi:type="SequencePoint" vc="1" uspid="69" ordinal="0" offset="0" sl="121" sc="9" el="121" ec="10" bec="0" bev="0" fileid="1" />
            </Method>
            <Method visited="true" cyclomaticComplexity="1" nPathComplexity="0" sequenceCoverage="100" branchCoverage="100" crapScore="1" isConstructor="false" isStatic="false" isGetter="false" isSetter="false">
              <Summary numSequencePoints="3" visitedSequencePoints="3" numBranchPoints="1" visitedBranchPoints="1" sequenceCoverage="100" branchCoverage="100" maxCyclomaticComplexity="1" minCyclomaticComplexity="1" maxCrapScore="1" minCrapScore="1" visitedClasses="0" numClasses="0" visitedMethods="1" numMethods="1" />
              <MetadataToken>100663305</MetadataToken>
              <Name>System.Void hw2.Models.Tests.ModelTests::Delete_shapeTest()</Name>
              <FileRef uid="1" />
              <SequencePoints>
                <SequencePoint vc="1" uspid="73" ordinal="0" offset="0" sl="127" sc="9" el="127" ec="10" bec="0" bev="0" fileid="1" />
                <SequencePoint vc="1" uspid="74" ordinal="1" offset="1" sl="128" sc="13" el="128" ec="35" bec="0" bev="0" fileid="1" />
                <SequencePoint vc="1" uspid="75" ordinal="2" offset="14" sl="129" sc="9" el="129" ec="10" bec="0" bev="0" fileid="1" />
              </SequencePoints>
              <BranchPoints />
              <MethodPoint xsi:type="SequencePoint" vc="1" uspid="73" ordinal="0" offset="0" sl="127" sc="9" el="127" ec="10" bec="0" bev="0" fileid="1" />
            </Method>
            <Method visited="true" cyclomaticComplexity="1" nPathComplexity="0" sequenceCoverage="100" branchCoverage="100" crapScore="1" isConstructor="false" isStatic="false" isGetter="false" isSetter="false">
              <Summary numSequencePoints="3" visitedSequencePoints="3" numBranchPoints="1" visitedBranchPoints="1" sequenceCoverage="100" branchCoverage="100" maxCyclomaticComplexity="1" minCyclomaticComplexity="1" maxCrapScore="1" minCrapScore="1" visitedClasses="0" numClasses="0" visitedMethods="1" numMethods="1" />
              <MetadataToken>100663306</MetadataToken>
              <Name>System.Void hw2.Models.Tests.ModelTests::PresentationModelTest()</Name>
              <FileRef uid="1" />
              <SequencePoints>
                <SequencePoint vc="1" uspid="76" ordinal="0" offset="0" sl="132" sc="9" el="132" ec="10" bec="0" bev="0" fileid="1" />
                <SequencePoint vc="1" uspid="77" ordinal="1" offset="1" sl="133" sc="13" el="133" ec="67" bec="0" bev="0" fileid="1" />
                <SequencePoint vc="1" uspid="78" ordinal="2" offset="18" sl="134" sc="9" el="134" ec="10" bec="0" bev="0" fileid="1" />
              </SequencePoints>
              <BranchPoints />
              <MethodPoint xsi:type="SequencePoint" vc="1" uspid="76" ordinal="0" offset="0" sl="132" sc="9" el="132" ec="10" bec="0" bev="0" fileid="1" />
            </Method>
            <Method visited="true" cyclomaticComplexity="1" nPathComplexity="0" sequenceCoverage="100" branchCoverage="100" crapScore="1" isConstructor="true" isStatic="false" isGetter="false" isSetter="false">
              <Summary numSequencePoints="1" visitedSequencePoints="1" numBranchPoints="1" visitedBranchPoints="1" sequenceCoverage="100" branchCoverage="100" maxCyclomaticComplexity="1" minCyclomaticComplexity="1" maxCrapScore="1" minCrapScore="1" visitedClasses="0" numClasses="0" visitedMethods="1" numMethods="1" />
              <MetadataToken>100663307</MetadataToken>
              <Name>System.Void hw2.Models.Tests.ModelTests::.ctor()</Name>
              <FileRef uid="1" />
              <SequencePoints>
                <SequencePoint vc="9" uspid="79" ordinal="0" offset="0" sl="19" sc="9" el="19" ec="35" bec="0" bev="0" fileid="1" />
              </SequencePoints>
              <BranchPoints />
              <MethodPoint xsi:type="SequencePoint" vc="9" uspid="79" ordinal="0" offset="0" sl="19" sc="9" el="19" ec="35" bec="0" bev="0" fileid="1" />
            </Method>
          </Methods>
        </Class>
      </Classes>
    </Module>
    <Module hash="D0-D3-D5-57-DC-EE-88-12-48-F5-19-B8-F0-06-78-85-3C-60-82-B1">
      <Summary numSequencePoints="827" visitedSequencePoints="285" numBranchPoints="149" visitedBranchPoints="74" sequenceCoverage="34.46" branchCoverage="49.66" maxCyclomaticComplexity="5" minCyclomaticComplexity="1" maxCrapScore="30" minCrapScore="1" visitedClasses="11" numClasses="14" visitedMethods="55" numMethods="95" />
      <ModulePath>C:\Users\Yihss\OneDrive\桌面\視窗程式設計\Windows-Programming-hw2\hw2Tests\bin\Debug\fine-code-coverage\build-output\hw2.exe</ModulePath>
      <ModuleTime>2024-11-30T06:56:23.1521791Z</ModuleTime>
      <ModuleName>hw2</ModuleName>
      <Files>
        <File uid="3" fullPath="C:\Users\Yihss\OneDrive\桌面\視窗程式設計\Windows-Programming-hw2\hw2\Form1.cs" />
        <File uid="4" fullPath="C:\Users\Yihss\OneDrive\桌面\視窗程式設計\Windows-Programming-hw2\hw2\Form1.Designer.cs" />
        <File uid="5" fullPath="C:\Users\Yihss\OneDrive\桌面\視窗程式設計\Windows-Programming-hw2\hw2\Program.cs" />
        <File uid="6" fullPath="C:\Users\Yihss\OneDrive\桌面\視窗程式設計\Windows-Programming-hw2\hw2\PresentationMode\PresentationModel.cs" />
        <File uid="7" fullPath="C:\Users\Yihss\OneDrive\桌面\視窗程式設計\Windows-Programming-hw2\hw2\PresentationMode\WindowsFormsGraphicsAdaptor.cs" />
        <File uid="8" fullPath="C:\Users\Yihss\OneDrive\桌面\視窗程式設計\Windows-Programming-hw2\hw2\Models\Decision.cs" />
        <File uid="9" fullPath="C:\Users\Yihss\OneDrive\桌面\視窗程式設計\Windows-Programming-hw2\hw2\Models\DrawingState.cs" />
        <File uid="10" fullPath="C:\Users\Yihss\OneDrive\桌面\視窗程式設計\Windows-Programming-hw2\hw2\Models\Model.cs" />
        <File uid="11" fullPath="C:\Users\Yihss\OneDrive\桌面\視窗程式設計\Windows-Programming-hw2\hw2\Models\PointerState.cs" />
        <File uid="12" fullPath="C:\Users\Yihss\OneDrive\桌面\視窗程式設計\Windows-Programming-hw2\hw2\Models\Process.cs" />
        <File uid="13" fullPath="C:\Users\Yihss\OneDrive\桌面\視窗程式設計\Windows-Programming-hw2\hw2\Models\Shapefactory.cs" />
        <File uid="14" fullPath="C:\Users\Yihss\OneDrive\桌面\視窗程式設計\Windows-Programming-hw2\hw2\Models\Shapes.cs" />
        <File uid="15" fullPath="C:\Users\Yihss\OneDrive\桌面\視窗程式設計\Windows-Programming-hw2\hw2\Models\Start.cs" />
        <File uid="16" fullPath="C:\Users\Yihss\OneDrive\桌面\視窗程式設計\Windows-Programming-hw2\hw2\Models\Terminator.cs" />
        <File uid="17" fullPath="C:\Users\Yihss\OneDrive\桌面\視窗程式設計\Windows-Programming-hw2\hw2\DoubleBufferedPanel.cs" />
      </Files>
      <Classes>
        <Class>
          <Summary numSequencePoints="384" visitedSequencePoints="0" numBranchPoints="30" visitedBranchPoints="0" sequenceCoverage="0" branchCoverage="0" maxCyclomaticComplexity="4" minCyclomaticComplexity="1" maxCrapScore="20" minCrapScore="2" visitedClasses="0" numClasses="1" visitedMethods="0" numMethods="16" />
          <FullName>hw2.MyDrawingForm</FullName>
          <Methods>
            <Method visited="false" cyclomaticComplexity="1" nPathComplexity="0" sequenceCoverage="0" branchCoverage="0" crapScore="2" isConstructor="true" isStatic="false" isGetter="false" isSetter="false">
              <Summary numSequencePoints="23" visitedSequencePoints="0" numBranchPoints="1" visitedBranchPoints="0" sequenceCoverage="0" branchCoverage="0" maxCyclomaticComplexity="1" minCyclomaticComplexity="1" maxCrapScore="2" minCrapScore="2" visitedClasses="0" numClasses="0" visitedMethods="0" numMethods="1" />
              <MetadataToken>100663306</MetadataToken>
              <Name>System.Void hw2.MyDrawingForm::.ctor()</Name>
              <FileRef uid="3" />
              <SequencePoints>
                <SequencePoint vc="0" uspid="80" ordinal="0" offset="0" sl="24" sc="9" el="24" ec="35" bec="0" bev="0" fileid="3" />
                <SequencePoint vc="0" uspid="81" ordinal="1" offset="11" sl="26" sc="9" el="26" ec="51" bec="0" bev="0" fileid="3" />
                <SequencePoint vc="0" uspid="82" ordinal="2" offset="22" sl="27" sc="9" el="27" ec="44" bec="0" bev="0" fileid="3" />
                <SequencePoint vc="0" uspid="83" ordinal="3" offset="33" sl="8" sc="9" el="8" ec="68" bec="0" bev="0" fileid="4" />
                <SequencePoint vc="0" uspid="84" ordinal="4" offset="40" sl="29" sc="9" el="29" ec="31" bec="0" bev="0" fileid="3" />
                <SequencePoint vc="0" uspid="85" ordinal="5" offset="47" sl="30" sc="9" el="30" ec="10" bec="0" bev="0" fileid="3" />
                <SequencePoint vc="0" uspid="86" ordinal="6" offset="48" sl="31" sc="13" el="31" ec="35" bec="0" bev="0" fileid="3" />
                <SequencePoint vc="0" uspid="87" ordinal="7" offset="55" sl="32" sc="13" el="32" ec="43" bec="0" bev="0" fileid="3" />
                <SequencePoint vc="0" uspid="88" ordinal="8" offset="68" sl="33" sc="13" el="33" ec="51" bec="0" bev="0" fileid="3" />
                <SequencePoint vc="0" uspid="89" ordinal="9" offset="92" sl="34" sc="13" el="34" ec="44" bec="0" bev="0" fileid="3" />
                <SequencePoint vc="0" uspid="90" ordinal="10" offset="109" sl="35" sc="13" el="35" ec="47" bec="0" bev="0" fileid="3" />
                <SequencePoint vc="0" uspid="91" ordinal="11" offset="136" sl="36" sc="13" el="36" ec="54" bec="0" bev="0" fileid="3" />
                <SequencePoint vc="0" uspid="92" ordinal="12" offset="160" sl="37" sc="13" el="37" ec="53" bec="0" bev="0" fileid="3" />
                <SequencePoint vc="0" uspid="93" ordinal="13" offset="184" sl="38" sc="13" el="38" ec="52" bec="0" bev="0" fileid="3" />
                <SequencePoint vc="0" uspid="94" ordinal="14" offset="208" sl="39" sc="13" el="39" ec="48" bec="0" bev="0" fileid="3" />
                <SequencePoint vc="0" uspid="95" ordinal="15" offset="232" sl="40" sc="13" el="40" ec="35" bec="0" bev="0" fileid="3" />
                <SequencePoint vc="0" uspid="96" ordinal="16" offset="240" sl="42" sc="13" el="42" ec="35" bec="0" bev="0" fileid="3" />
                <SequencePoint vc="0" uspid="97" ordinal="17" offset="258" sl="43" sc="13" el="43" ec="33" bec="0" bev="0" fileid="3" />
                <SequencePoint vc="0" uspid="98" ordinal="18" offset="269" sl="44" sc="13" el="44" ec="67" bec="0" bev="0" fileid="3" />
                <SequencePoint vc="0" uspid="99" ordinal="19" offset="286" sl="45" sc="13" el="45" ec="55" bec="0" bev="0" fileid="3" />
                <SequencePoint vc="0" uspid="100" ordinal="20" offset="310" sl="46" sc="13" el="46" ec="39" bec="0" bev="0" fileid="3" />
                <SequencePoint vc="0" uspid="101" ordinal="21" offset="322" sl="47" sc="13" el="47" ec="25" bec="0" bev="0" fileid="3" />
                <SequencePoint vc="0" uspid="102" ordinal="22" offset="329" sl="48" sc="9" el="48" ec="10" bec="0" bev="0" fileid="3" />
              </SequencePoints>
              <BranchPoints />
              <MethodPoint xsi:type="SequencePoint" vc="0" uspid="80" ordinal="0" offset="0" sl="24" sc="9" el="24" ec="35" bec="0" bev="0" fileid="3" />
            </Method>
            <Method visited="false" cyclomaticComplexity="1" nPathComplexity="0" sequenceCoverage="0" branchCoverage="0" crapScore="2" isConstructor="false" isStatic="false" isGetter="false" isSetter="false">
              <Summary numSequencePoints="3" visitedSequencePoints="0" numBranchPoints="1" visitedBranchPoints="0" sequenceCoverage="0" branchCoverage="0" maxCyclomaticComplexity="1" minCyclomaticComplexity="1" maxCrapScore="2" minCrapScore="2" visitedClasses="0" numClasses="0" visitedMethods="0" numMethods="1" />
              <MetadataToken>100663307</MetadataToken>
              <Name>System.Void hw2.MyDrawingForm::HandleCanvasPressed(System.Object,System.Windows.Forms.MouseEventArgs)</Name>
              <FileRef uid="3" />
              <SequencePoints>
                <SequencePoint vc="0" uspid="103" ordinal="0" offset="0" sl="52" sc="9" el="52" ec="10" bec="0" bev="0" fileid="3" />
                <SequencePoint vc="0" uspid="104" ordinal="1" offset="1" sl="54" sc="13" el="54" ec="68" bec="0" bev="0" fileid="3" />
                <SequencePoint vc="0" uspid="105" ordinal="2" offset="33" sl="56" sc="9" el="56" ec="10" bec="0" bev="0" fileid="3" />
              </SequencePoints>
              <BranchPoints />
              <MethodPoint xsi:type="SequencePoint" vc="0" uspid="103" ordinal="0" offset="0" sl="52" sc="9" el="52" ec="10" bec="0" bev="0" fileid="3" />
            </Method>
            <Method visited="false" cyclomaticComplexity="1" nPathComplexity="0" sequenceCoverage="0" branchCoverage="0" crapScore="2" isConstructor="false" isStatic="false" isGetter="false" isSetter="false">
              <Summary numSequencePoints="5" visitedSequencePoints="0" numBranchPoints="1" visitedBranchPoints="0" sequenceCoverage="0" branchCoverage="0" maxCyclomaticComplexity="1" minCyclomaticComplexity="1" maxCrapScore="2" minCrapScore="2" visitedClasses="0" numClasses="0" visitedMethods="0" numMethods="1" />
              <MetadataToken>100663308</MetadataToken>
              <Name>System.Void hw2.MyDrawingForm::HandleCanvasReleased(System.Object,System.Windows.Forms.MouseEventArgs)</Name>
              <FileRef uid="3" />
              <SequencePoints>
                <SequencePoint vc="0" uspid="106" ordinal="0" offset="0" sl="59" sc="9" el="59" ec="10" bec="0" bev="0" fileid="3" />
                <SequencePoint vc="0" uspid="107" ordinal="1" offset="1" sl="60" sc="13" el="60" ec="45" bec="0" bev="0" fileid="3" />
                <SequencePoint vc="0" uspid="108" ordinal="2" offset="27" sl="61" sc="13" el="61" ec="25" bec="0" bev="0" fileid="3" />
                <SequencePoint vc="0" uspid="109" ordinal="3" offset="34" sl="62" sc="13" el="62" ec="35" bec="0" bev="0" fileid="3" />
                <SequencePoint vc="0" uspid="110" ordinal="4" offset="41" sl="63" sc="9" el="63" ec="10" bec="0" bev="0" fileid="3" />
              </SequencePoints>
              <BranchPoints />
              <MethodPoint xsi:type="SequencePoint" vc="0" uspid="106" ordinal="0" offset="0" sl="59" sc="9" el="59" ec="10" bec="0" bev="0" fileid="3" />
            </Method>
            <Method visited="false" cyclomaticComplexity="1" nPathComplexity="0" sequenceCoverage="0" branchCoverage="0" crapScore="2" isConstructor="false" isStatic="false" isGetter="false" isSetter="false">
              <Summary numSequencePoints="3" visitedSequencePoints="0" numBranchPoints="1" visitedBranchPoints="0" sequenceCoverage="0" branchCoverage="0" maxCyclomaticComplexity="1" minCyclomaticComplexity="1" maxCrapScore="2" minCrapScore="2" visitedClasses="0" numClasses="0" visitedMethods="0" numMethods="1" />
              <MetadataToken>100663309</MetadataToken>
              <Name>System.Void hw2.MyDrawingForm::HandleCanvasMoved(System.Object,System.Windows.Forms.MouseEventArgs)</Name>
              <FileRef uid="3" />
              <SequencePoints>
                <SequencePoint vc="0" uspid="111" ordinal="0" offset="0" sl="66" sc="9" el="66" ec="10" bec="0" bev="0" fileid="3" />
                <SequencePoint vc="0" uspid="112" ordinal="1" offset="1" sl="67" sc="13" el="67" ec="42" bec="0" bev="0" fileid="3" />
                <SequencePoint vc="0" uspid="113" ordinal="2" offset="27" sl="68" sc="9" el="68" ec="10" bec="0" bev="0" fileid="3" />
              </SequencePoints>
              <BranchPoints />
              <MethodPoint xsi:type="SequencePoint" vc="0" uspid="111" ordinal="0" offset="0" sl="66" sc="9" el="66" ec="10" bec="0" bev="0" fileid="3" />
            </Method>
            <Method visited="false" cyclomaticComplexity="1" nPathComplexity="0" sequenceCoverage="0" branchCoverage="0" crapScore="2" isConstructor="false" isStatic="false" isGetter="false" isSetter="false">
              <Summary numSequencePoints="3" visitedSequencePoints="0" numBranchPoints="1" visitedBranchPoints="0" sequenceCoverage="0" branchCoverage="0" maxCyclomaticComplexity="1" minCyclomaticComplexity="1" maxCrapScore="2" minCrapScore="2" visitedClasses="0" numClasses="0" visitedMethods="0" numMethods="1" />
              <MetadataToken>100663310</MetadataToken>
              <Name>System.Void hw2.MyDrawingForm::HandleCanvasPaint(System.Object,System.Windows.Forms.PaintEventArgs)</Name>
              <FileRef uid="3" />
              <SequencePoints>
                <SequencePoint vc="0" uspid="114" ordinal="0" offset="0" sl="71" sc="9" el="71" ec="10" bec="0" bev="0" fileid="3" />
                <SequencePoint vc="0" uspid="115" ordinal="1" offset="1" sl="74" sc="13" el="74" ec="72" bec="0" bev="0" fileid="3" />
                <SequencePoint vc="0" uspid="116" ordinal="2" offset="24" sl="75" sc="9" el="75" ec="10" bec="0" bev="0" fileid="3" />
              </SequencePoints>
              <BranchPoints />
              <MethodPoint xsi:type="SequencePoint" vc="0" uspid="114" ordinal="0" offset="0" sl="71" sc="9" el="71" ec="10" bec="0" bev="0" fileid="3" />
            </Method>
            <Method visited="false" cyclomaticComplexity="1" nPathComplexity="0" sequenceCoverage="0" branchCoverage="0" crapScore="2" isConstructor="false" isStatic="false" isGetter="false" isSetter="false">
              <Summary numSequencePoints="3" visitedSequencePoints="0" numBranchPoints="1" visitedBranchPoints="0" sequenceCoverage="0" branchCoverage="0" maxCyclomaticComplexity="1" minCyclomaticComplexity="1" maxCrapScore="2" minCrapScore="2" visitedClasses="0" numClasses="0" visitedMethods="0" numMethods="1" />
              <MetadataToken>100663311</MetadataToken>
              <Name>System.Void hw2.MyDrawingForm::HandleModelChanged()</Name>
              <FileRef uid="3" />
              <SequencePoints>
                <SequencePoint vc="0" uspid="117" ordinal="0" offset="0" sl="77" sc="9" el="77" ec="10" bec="0" bev="0" fileid="3" />
                <SequencePoint vc="0" uspid="118" ordinal="1" offset="1" sl="78" sc="13" el="78" ec="30" bec="0" bev="0" fileid="3" />
                <SequencePoint vc="0" uspid="119" ordinal="2" offset="9" sl="79" sc="9" el="79" ec="10" bec="0" bev="0" fileid="3" />
              </SequencePoints>
              <BranchPoints />
              <MethodPoint xsi:type="SequencePoint" vc="0" uspid="117" ordinal="0" offset="0" sl="77" sc="9" el="77" ec="10" bec="0" bev="0" fileid="3" />
            </Method>
            <Method visited="false" cyclomaticComplexity="2" nPathComplexity="2" sequenceCoverage="0" branchCoverage="0" crapScore="6" isConstructor="false" isStatic="false" isGetter="false" isSetter="false">
              <Summary numSequencePoints="9" visitedSequencePoints="0" numBranchPoints="3" visitedBranchPoints="0" sequenceCoverage="0" branchCoverage="0" maxCyclomaticComplexity="2" minCyclomaticComplexity="2" maxCrapScore="6" minCrapScore="6" visitedClasses="0" numClasses="0" visitedMethods="0" numMethods="1" />
              <MetadataToken>100663312</MetadataToken>
              <Name>System.Void hw2.MyDrawingForm::renew_data_gridView()</Name>
              <FileRef uid="3" />
              <SequencePoints>
                <SequencePoint vc="0" uspid="120" ordinal="0" offset="0" sl="81" sc="9" el="81" ec="10" bec="0" bev="0" fileid="3" />
                <SequencePoint vc="0" uspid="121" ordinal="1" offset="1" sl="82" sc="13" el="82" ec="45" bec="0" bev="0" fileid="3" />
                <SequencePoint vc="0" uspid="122" ordinal="2" offset="18" sl="83" sc="18" el="83" ec="27" bec="0" bev="0" fileid="3" />
                <SequencePoint vc="0" uspid="123" ordinal="3" offset="22" sl="84" sc="13" el="84" ec="14" bec="0" bev="0" fileid="3" />
                <SequencePoint vc="0" uspid="124" ordinal="4" offset="23" sl="85" sc="17" el="85" ec="74" bec="0" bev="0" fileid="3" />
                <SequencePoint vc="0" uspid="125" ordinal="5" offset="62" sl="86" sc="13" el="86" ec="14" bec="0" bev="0" fileid="3" />
                <SequencePoint vc="0" uspid="126" ordinal="6" offset="63" sl="83" sc="53" el="83" ec="56" bec="0" bev="0" fileid="3" />
                <SequencePoint vc="0" uspid="127" ordinal="7" offset="67" sl="83" sc="29" el="83" ec="51" bec="2" bev="0" fileid="3" />
                <SequencePoint vc="0" uspid="128" ordinal="8" offset="90" sl="88" sc="9" el="88" ec="10" bec="0" bev="0" fileid="3" />
              </SequencePoints>
              <BranchPoints>
                <BranchPoint vc="0" uspid="129" ordinal="0" offset="88" sl="83" path="0" offsetend="90" fileid="3" />
                <BranchPoint vc="0" uspid="130" ordinal="1" offset="88" sl="83" path="1" offsetend="22" fileid="3" />
              </BranchPoints>
              <MethodPoint xsi:type="SequencePoint" vc="0" uspid="120" ordinal="0" offset="0" sl="81" sc="9" el="81" ec="10" bec="0" bev="0" fileid="3" />
            </Method>
            <Method visited="false" cyclomaticComplexity="1" nPathComplexity="0" sequenceCoverage="0" branchCoverage="0" crapScore="2" isConstructor="false" isStatic="false" isGetter="false" isSetter="false">
              <Summary numSequencePoints="3" visitedSequencePoints="0" numBranchPoints="1" visitedBranchPoints="0" sequenceCoverage="0" branchCoverage="0" maxCyclomaticComplexity="1" minCyclomaticComplexity="1" maxCrapScore="2" minCrapScore="2" visitedClasses="0" numClasses="0" visitedMethods="0" numMethods="1" />
              <MetadataToken>100663313</MetadataToken>
              <Name>System.Void hw2.MyDrawingForm::Form1_Load(System.Object,System.EventArgs)</Name>
              <FileRef uid="3" />
              <SequencePoints>
                <SequencePoint vc="0" uspid="131" ordinal="0" offset="0" sl="93" sc="9" el="93" ec="10" bec="0" bev="0" fileid="3" />
                <SequencePoint vc="0" uspid="132" ordinal="1" offset="1" sl="94" sc="13" el="94" ec="51" bec="0" bev="0" fileid="3" />
                <SequencePoint vc="0" uspid="133" ordinal="2" offset="14" sl="95" sc="9" el="95" ec="10" bec="0" bev="0" fileid="3" />
              </SequencePoints>
              <BranchPoints />
              <MethodPoint xsi:type="SequencePoint" vc="0" uspid="131" ordinal="0" offset="0" sl="93" sc="9" el="93" ec="10" bec="0" bev="0" fileid="3" />
            </Method>
            <Method visited="false" cyclomaticComplexity="1" nPathComplexity="0" sequenceCoverage="0" branchCoverage="0" crapScore="2" isConstructor="false" isStatic="false" isGetter="false" isSetter="false">
              <Summary numSequencePoints="2" visitedSequencePoints="0" numBranchPoints="1" visitedBranchPoints="0" sequenceCoverage="0" branchCoverage="0" maxCyclomaticComplexity="1" minCyclomaticComplexity="1" maxCrapScore="2" minCrapScore="2" visitedClasses="0" numClasses="0" visitedMethods="0" numMethods="1" />
              <MetadataToken>100663314</MetadataToken>
              <Name>System.Void hw2.MyDrawingForm::label4_Click(System.Object,System.EventArgs)</Name>
              <FileRef uid="3" />
              <SequencePoints>
                <SequencePoint vc="0" uspid="134" ordinal="0" offset="0" sl="98" sc="9" el="98" ec="10" bec="0" bev="0" fileid="3" />
                <SequencePoint vc="0" uspid="135" ordinal="1" offset="1" sl="100" sc="9" el="100" ec="10" bec="0" bev="0" fileid="3" />
              </SequencePoints>
              <BranchPoints />
              <MethodPoint xsi:type="SequencePoint" vc="0" uspid="134" ordinal="0" offset="0" sl="98" sc="9" el="98" ec="10" bec="0" bev="0" fileid="3" />
            </Method>
            <Method visited="false" cyclomaticComplexity="2" nPathComplexity="2" sequenceCoverage="0" branchCoverage="0" crapScore="6" isConstructor="false" isStatic="false" isGetter="false" isSetter="false">
              <Summary numSequencePoints="15" visitedSequencePoints="0" numBranchPoints="3" visitedBranchPoints="0" sequenceCoverage="0" branchCoverage="0" maxCyclomaticComplexity="2" minCyclomaticComplexity="2" maxCrapScore="6" minCrapScore="6" visitedClasses="0" numClasses="0" visitedMethods="0" numMethods="1" />
              <MetadataToken>100663315</MetadataToken>
              <Name>System.Void hw2.MyDrawingForm::add_data_button_Click(System.Object,System.EventArgs)</Name>
              <FileRef uid="3" />
              <SequencePoints>
                <SequencePoint vc="0" uspid="136" ordinal="0" offset="0" sl="104" sc="9" el="104" ec="10" bec="0" bev="0" fileid="3" />
                <SequencePoint vc="0" uspid="137" ordinal="1" offset="1" sl="107" sc="13" el="107" ec="14" bec="0" bev="0" fileid="3" />
                <SequencePoint vc="0" uspid="138" ordinal="2" offset="2" sl="108" sc="17" el="114" ec="46" bec="0" bev="0" fileid="3" />
                <SequencePoint vc="0" uspid="139" ordinal="3" offset="100" sl="115" sc="17" el="115" ec="49" bec="0" bev="0" fileid="3" />
                <SequencePoint vc="0" uspid="140" ordinal="4" offset="117" sl="116" sc="22" el="116" ec="31" bec="0" bev="0" fileid="3" />
                <SequencePoint vc="0" uspid="141" ordinal="5" offset="121" sl="117" sc="21" el="117" ec="78" bec="0" bev="0" fileid="3" />
                <SequencePoint vc="0" uspid="142" ordinal="6" offset="160" sl="116" sc="57" el="116" ec="60" bec="0" bev="0" fileid="3" />
                <SequencePoint vc="0" uspid="143" ordinal="7" offset="164" sl="116" sc="33" el="116" ec="55" bec="2" bev="0" fileid="3" />
                <SequencePoint vc="0" uspid="144" ordinal="8" offset="187" sl="118" sc="17" el="118" ec="38" bec="0" bev="0" fileid="3" />
                <SequencePoint vc="0" uspid="145" ordinal="9" offset="194" sl="119" sc="13" el="119" ec="14" bec="0" bev="0" fileid="3" />
                <SequencePoint vc="0" uspid="146" ordinal="10" offset="197" sl="120" sc="13" el="120" ec="18" bec="0" bev="0" fileid="3" />
                <SequencePoint vc="0" uspid="147" ordinal="11" offset="198" sl="121" sc="13" el="121" ec="14" bec="0" bev="0" fileid="3" />
                <SequencePoint vc="0" uspid="148" ordinal="12" offset="199" sl="122" sc="17" el="122" ec="46" bec="0" bev="0" fileid="3" />
                <SequencePoint vc="0" uspid="149" ordinal="13" offset="210" sl="123" sc="13" el="123" ec="14" bec="0" bev="0" fileid="3" />
                <SequencePoint vc="0" uspid="150" ordinal="14" offset="213" sl="125" sc="9" el="125" ec="10" bec="0" bev="0" fileid="3" />
              </SequencePoints>
              <BranchPoints>
                <BranchPoint vc="0" uspid="151" ordinal="0" offset="185" sl="116" path="0" offsetend="187" fileid="3" />
                <BranchPoint vc="0" uspid="152" ordinal="1" offset="185" sl="116" path="1" offsetend="121" fileid="3" />
              </BranchPoints>
              <MethodPoint xsi:type="SequencePoint" vc="0" uspid="136" ordinal="0" offset="0" sl="104" sc="9" el="104" ec="10" bec="0" bev="0" fileid="3" />
            </Method>
            <Method visited="false" cyclomaticComplexity="4" nPathComplexity="8" sequenceCoverage="0" branchCoverage="0" crapScore="20" isConstructor="false" isStatic="false" isGetter="false" isSetter="false">
              <Summary numSequencePoints="14" visitedSequencePoints="0" numBranchPoints="7" visitedBranchPoints="0" sequenceCoverage="0" branchCoverage="0" maxCyclomaticComplexity="4" minCyclomaticComplexity="4" maxCrapScore="20" minCrapScore="20" visitedClasses="0" numClasses="0" visitedMethods="0" numMethods="1" />
              <MetadataToken>100663316</MetadataToken>
              <Name>System.Void hw2.MyDrawingForm::shap_data_GridView_CellClick(System.Object,System.Windows.Forms.DataGridViewCellEventArgs)</Name>
              <FileRef uid="3" />
              <SequencePoints>
                <SequencePoint vc="0" uspid="153" ordinal="0" offset="0" sl="128" sc="9" el="128" ec="10" bec="0" bev="0" fileid="3" />
                <SequencePoint vc="0" uspid="154" ordinal="1" offset="1" sl="129" sc="13" el="129" ec="55" bec="4" bev="0" fileid="3" />
                <SequencePoint vc="0" uspid="155" ordinal="2" offset="31" sl="130" sc="13" el="130" ec="14" bec="0" bev="0" fileid="3" />
                <SequencePoint vc="0" uspid="156" ordinal="3" offset="32" sl="131" sc="17" el="131" ec="62" bec="0" bev="0" fileid="3" />
                <SequencePoint vc="0" uspid="157" ordinal="4" offset="55" sl="132" sc="17" el="132" ec="48" bec="0" bev="0" fileid="3" />
                <SequencePoint vc="0" uspid="158" ordinal="5" offset="73" sl="133" sc="22" el="133" ec="31" bec="0" bev="0" fileid="3" />
                <SequencePoint vc="0" uspid="159" ordinal="6" offset="77" sl="134" sc="17" el="134" ec="18" bec="0" bev="0" fileid="3" />
                <SequencePoint vc="0" uspid="160" ordinal="7" offset="78" sl="135" sc="21" el="135" ec="84" bec="0" bev="0" fileid="3" />
                <SequencePoint vc="0" uspid="161" ordinal="8" offset="139" sl="136" sc="17" el="136" ec="18" bec="0" bev="0" fileid="3" />
                <SequencePoint vc="0" uspid="162" ordinal="9" offset="140" sl="133" sc="66" el="133" ec="69" bec="0" bev="0" fileid="3" />
                <SequencePoint vc="0" uspid="163" ordinal="10" offset="144" sl="133" sc="33" el="133" ec="64" bec="2" bev="0" fileid="3" />
                <SequencePoint vc="0" uspid="164" ordinal="11" offset="162" sl="137" sc="13" el="137" ec="14" bec="0" bev="0" fileid="3" />
                <SequencePoint vc="0" uspid="165" ordinal="12" offset="163" sl="138" sc="13" el="138" ec="34" bec="0" bev="0" fileid="3" />
                <SequencePoint vc="0" uspid="166" ordinal="13" offset="170" sl="139" sc="9" el="139" ec="10" bec="0" bev="0" fileid="3" />
              </SequencePoints>
              <BranchPoints>
                <BranchPoint vc="0" uspid="167" ordinal="0" offset="7" sl="129" path="0" offsetend="9" fileid="3" />
                <BranchPoint vc="0" uspid="168" ordinal="1" offset="7" sl="129" path="1" offsetend="23" fileid="3" />
                <BranchPoint vc="0" uspid="169" ordinal="2" offset="26" sl="129" path="0" offsetend="31" fileid="3" />
                <BranchPoint vc="0" uspid="170" ordinal="3" offset="26" sl="129" path="1" offsetend="163" fileid="3" />
                <BranchPoint vc="0" uspid="171" ordinal="4" offset="160" sl="133" path="0" offsetend="162" fileid="3" />
                <BranchPoint vc="0" uspid="172" ordinal="5" offset="160" sl="133" path="1" offsetend="77" fileid="3" />
              </BranchPoints>
              <MethodPoint xsi:type="SequencePoint" vc="0" uspid="153" ordinal="0" offset="0" sl="128" sc="9" el="128" ec="10" bec="0" bev="0" fileid="3" />
            </Method>
            <Method visited="false" cyclomaticComplexity="1" nPathComplexity="0" sequenceCoverage="0" branchCoverage="0" crapScore="2" isConstructor="false" isStatic="false" isGetter="false" isSetter="false">
              <Summary numSequencePoints="4" visitedSequencePoints="0" numBranchPoints="1" visitedBranchPoints="0" sequenceCoverage="0" branchCoverage="0" maxCyclomaticComplexity="1" minCyclomaticComplexity="1" maxCrapScore="2" minCrapScore="2" visitedClasses="0" numClasses="0" visitedMethods="0" numMethods="1" />
              <MetadataToken>100663317</MetadataToken>
              <Name>System.Void hw2.MyDrawingForm::RefreshUI()</Name>
              <FileRef uid="3" />
              <SequencePoints>
                <SequencePoint vc="0" uspid="173" ordinal="0" offset="0" sl="141" sc="9" el="141" ec="10" bec="0" bev="0" fileid="3" />
                <SequencePoint vc="0" uspid="174" ordinal="1" offset="1" sl="142" sc="12" el="142" ec="79" bec="0" bev="0" fileid="3" />
                <SequencePoint vc="0" uspid="175" ordinal="2" offset="31" sl="143" sc="13" el="143" ec="26" bec="0" bev="0" fileid="3" />
                <SequencePoint vc="0" uspid="176" ordinal="3" offset="38" sl="144" sc="9" el="144" ec="10" bec="0" bev="0" fileid="3" />
              </SequencePoints>
              <BranchPoints />
              <MethodPoint xsi:type="SequencePoint" vc="0" uspid="173" ordinal="0" offset="0" sl="141" sc="9" el="141" ec="10" bec="0" bev="0" fileid="3" />
            </Method>
            <Method visited="false" cyclomaticComplexity="1" nPathComplexity="0" sequenceCoverage="0" branchCoverage="0" crapScore="2" isConstructor="false" isStatic="false" isGetter="false" isSetter="false">
              <Summary numSequencePoints="4" visitedSequencePoints="0" numBranchPoints="1" visitedBranchPoints="0" sequenceCoverage="0" branchCoverage="0" maxCyclomaticComplexity="1" minCyclomaticComplexity="1" maxCrapScore="2" minCrapScore="2" visitedClasses="0" numClasses="0" visitedMethods="0" numMethods="1" />
              <MetadataToken>100663318</MetadataToken>
              <Name>System.Void hw2.MyDrawingForm::toolStrip1_ItemClicked(System.Object,System.Windows.Forms.ToolStripItemClickedEventArgs)</Name>
              <FileRef uid="3" />
              <SequencePoints>
                <SequencePoint vc="0" uspid="177" ordinal="0" offset="0" sl="147" sc="9" el="147" ec="10" bec="0" bev="0" fileid="3" />
                <SequencePoint vc="0" uspid="178" ordinal="1" offset="1" sl="148" sc="13" el="148" ec="103" bec="0" bev="0" fileid="3" />
                <SequencePoint vc="0" uspid="179" ordinal="2" offset="27" sl="149" sc="13" el="149" ec="25" bec="0" bev="0" fileid="3" />
                <SequencePoint vc="0" uspid="180" ordinal="3" offset="34" sl="150" sc="9" el="150" ec="10" bec="0" bev="0" fileid="3" />
              </SequencePoints>
              <BranchPoints />
              <MethodPoint xsi:type="SequencePoint" vc="0" uspid="177" ordinal="0" offset="0" sl="147" sc="9" el="147" ec="10" bec="0" bev="0" fileid="3" />
            </Method>
            <Method visited="false" cyclomaticComplexity="1" nPathComplexity="0" sequenceCoverage="0" branchCoverage="0" crapScore="2" isConstructor="false" isStatic="false" isGetter="false" isSetter="false">
              <Summary numSequencePoints="3" visitedSequencePoints="0" numBranchPoints="1" visitedBranchPoints="0" sequenceCoverage="0" branchCoverage="0" maxCyclomaticComplexity="1" minCyclomaticComplexity="1" maxCrapScore="2" minCrapScore="2" visitedClasses="0" numClasses="0" visitedMethods="0" numMethods="1" />
              <MetadataToken>100663319</MetadataToken>
              <Name>System.Void hw2.MyDrawingForm::xbox_TextChanged(System.Object,System.EventArgs)</Name>
              <FileRef uid="3" />
              <SequencePoints>
                <SequencePoint vc="0" uspid="181" ordinal="0" offset="0" sl="153" sc="9" el="153" ec="10" bec="0" bev="0" fileid="3" />
                <SequencePoint vc="0" uspid="182" ordinal="1" offset="1" sl="154" sc="13" el="154" ec="160" bec="0" bev="0" fileid="3" />
                <SequencePoint vc="0" uspid="183" ordinal="2" offset="79" sl="156" sc="9" el="156" ec="10" bec="0" bev="0" fileid="3" />
              </SequencePoints>
              <BranchPoints />
              <MethodPoint xsi:type="SequencePoint" vc="0" uspid="181" ordinal="0" offset="0" sl="153" sc="9" el="153" ec="10" bec="0" bev="0" fileid="3" />
            </Method>
            <Method visited="false" cyclomaticComplexity="3" nPathComplexity="4" sequenceCoverage="0" branchCoverage="0" crapScore="12" isConstructor="false" isStatic="false" isGetter="false" isSetter="false">
              <Summary numSequencePoints="7" visitedSequencePoints="0" numBranchPoints="5" visitedBranchPoints="0" sequenceCoverage="0" branchCoverage="0" maxCyclomaticComplexity="3" minCyclomaticComplexity="3" maxCrapScore="12" minCrapScore="12" visitedClasses="0" numClasses="0" visitedMethods="0" numMethods="1" />
              <MetadataToken>100663320</MetadataToken>
              <Name>System.Void hw2.MyDrawingForm::Dispose(System.Boolean)</Name>
              <FileRef uid="4" />
              <SequencePoints>
                <SequencePoint vc="0" uspid="184" ordinal="0" offset="0" sl="15" sc="9" el="15" ec="10" bec="0" bev="0" fileid="4" />
                <SequencePoint vc="0" uspid="185" ordinal="1" offset="1" sl="16" sc="13" el="16" ec="51" bec="4" bev="0" fileid="4" />
                <SequencePoint vc="0" uspid="186" ordinal="2" offset="20" sl="17" sc="13" el="17" ec="14" bec="0" bev="0" fileid="4" />
                <SequencePoint vc="0" uspid="187" ordinal="3" offset="21" sl="18" sc="17" el="18" ec="38" bec="0" bev="0" fileid="4" />
                <SequencePoint vc="0" uspid="188" ordinal="4" offset="33" sl="19" sc="13" el="19" ec="14" bec="0" bev="0" fileid="4" />
                <SequencePoint vc="0" uspid="189" ordinal="5" offset="34" sl="20" sc="13" el="20" ec="37" bec="0" bev="0" fileid="4" />
                <SequencePoint vc="0" uspid="190" ordinal="6" offset="42" sl="21" sc="9" el="21" ec="10" bec="0" bev="0" fileid="4" />
              </SequencePoints>
              <BranchPoints>
                <BranchPoint vc="0" uspid="191" ordinal="0" offset="2" sl="16" path="0" offsetend="4" fileid="4" />
                <BranchPoint vc="0" uspid="192" ordinal="1" offset="2" sl="16" path="1" offsetend="15" fileid="4" />
                <BranchPoint vc="0" uspid="193" ordinal="2" offset="18" sl="16" path="0" offsetend="20" fileid="4" />
                <BranchPoint vc="0" uspid="194" ordinal="3" offset="18" sl="16" path="1" offsetend="34" fileid="4" />
              </BranchPoints>
              <MethodPoint xsi:type="SequencePoint" vc="0" uspid="184" ordinal="0" offset="0" sl="15" sc="9" el="15" ec="10" bec="0" bev="0" fileid="4" />
            </Method>
            <Method visited="false" cyclomaticComplexity="1" nPathComplexity="0" sequenceCoverage="0" branchCoverage="0" crapScore="2" isConstructor="false" isStatic="false" isGetter="false" isSetter="false">
              <Summary numSequencePoints="283" visitedSequencePoints="0" numBranchPoints="1" visitedBranchPoints="0" sequenceCoverage="0" branchCoverage="0" maxCyclomaticComplexity="1" minCyclomaticComplexity="1" maxCrapScore="2" minCrapScore="2" visitedClasses="0" numClasses="0" visitedMethods="0" numMethods="1" />
              <MetadataToken>100663321</MetadataToken>
              <Name>System.Void hw2.MyDrawingForm::InitializeComponent()</Name>
              <FileRef uid="4" />
              <SequencePoints>
                <SequencePoint vc="0" uspid="195" ordinal="0" offset="0" sl="30" sc="9" el="30" ec="10" bec="0" bev="0" fileid="4" />
                <SequencePoint vc="0" uspid="196" ordinal="1" offset="1" sl="31" sc="13" el="31" ec="146" bec="0" bev="0" fileid="4" />
                <SequencePoint vc="0" uspid="197" ordinal="2" offset="17" sl="32" sc="13" el="32" ec="68" bec="0" bev="0" fileid="4" />
                <SequencePoint vc="0" uspid="198" ordinal="3" offset="28" sl="33" sc="13" el="33" ec="85" bec="0" bev="0" fileid="4" />
                <SequencePoint vc="0" uspid="199" ordinal="4" offset="39" sl="34" sc="13" el="34" ec="85" bec="0" bev="0" fileid="4" />
                <SequencePoint vc="0" uspid="200" ordinal="5" offset="50" sl="35" sc="13" el="35" ec="79" bec="0" bev="0" fileid="4" />
                <SequencePoint vc="0" uspid="201" ordinal="6" offset="61" sl="36" sc="13" el="36" ec="86" bec="0" bev="0" fileid="4" />
                <SequencePoint vc="0" uspid="202" ordinal="7" offset="72" sl="37" sc="13" el="37" ec="83" bec="0" bev="0" fileid="4" />
                <SequencePoint vc="0" uspid="203" ordinal="8" offset="83" sl="38" sc="13" el="38" ec="86" bec="0" bev="0" fileid="4" />
                <SequencePoint vc="0" uspid="204" ordinal="9" offset="94" sl="39" sc="13" el="39" ec="88" bec="0" bev="0" fileid="4" />
                <SequencePoint vc="0" uspid="205" ordinal="10" offset="105" sl="40" sc="13" el="40" ec="83" bec="0" bev="0" fileid="4" />
                <SequencePoint vc="0" uspid="206" ordinal="11" offset="116" sl="41" sc="13" el="41" ec="82" bec="0" bev="0" fileid="4" />
                <SequencePoint vc="0" uspid="207" ordinal="12" offset="127" sl="42" sc="13" el="42" ec="83" bec="0" bev="0" fileid="4" />
                <SequencePoint vc="0" uspid="208" ordinal="13" offset="138" sl="43" sc="13" el="43" ec="83" bec="0" bev="0" fileid="4" />
                <SequencePoint vc="0" uspid="209" ordinal="14" offset="149" sl="44" sc="13" el="44" ec="64" bec="0" bev="0" fileid="4" />
                <SequencePoint vc="0" uspid="210" ordinal="15" offset="160" sl="45" sc="13" el="45" ec="55" bec="0" bev="0" fileid="4" />
                <SequencePoint vc="0" uspid="211" ordinal="16" offset="171" sl="46" sc="13" el="46" ec="55" bec="0" bev="0" fileid="4" />
                <SequencePoint vc="0" uspid="212" ordinal="17" offset="182" sl="47" sc="13" el="47" ec="55" bec="0" bev="0" fileid="4" />
                <SequencePoint vc="0" uspid="213" ordinal="18" offset="193" sl="48" sc="13" el="48" ec="55" bec="0" bev="0" fileid="4" />
                <SequencePoint vc="0" uspid="214" ordinal="19" offset="204" sl="49" sc="13" el="49" ec="61" bec="0" bev="0" fileid="4" />
                <SequencePoint vc="0" uspid="215" ordinal="20" offset="215" sl="50" sc="13" el="50" ec="60" bec="0" bev="0" fileid="4" />
                <SequencePoint vc="0" uspid="216" ordinal="21" offset="226" sl="51" sc="13" el="51" ec="60" bec="0" bev="0" fileid="4" />
                <SequencePoint vc="0" uspid="217" ordinal="22" offset="237" sl="52" sc="13" el="52" ec="60" bec="0" bev="0" fileid="4" />
                <SequencePoint vc="0" uspid="218" ordinal="23" offset="248" sl="53" sc="13" el="53" ec="60" bec="0" bev="0" fileid="4" />
                <SequencePoint vc="0" uspid="219" ordinal="24" offset="259" sl="54" sc="13" el="54" ec="66" bec="0" bev="0" fileid="4" />
                <SequencePoint vc="0" uspid="220" ordinal="25" offset="270" sl="55" sc="13" el="55" ec="71" bec="0" bev="0" fileid="4" />
                <SequencePoint vc="0" uspid="221" ordinal="26" offset="281" sl="56" sc="13" el="56" ec="70" bec="0" bev="0" fileid="4" />
                <SequencePoint vc="0" uspid="222" ordinal="27" offset="292" sl="57" sc="13" el="57" ec="68" bec="0" bev="0" fileid="4" />
                <SequencePoint vc="0" uspid="223" ordinal="28" offset="303" sl="58" sc="13" el="58" ec="69" bec="0" bev="0" fileid="4" />
                <SequencePoint vc="0" uspid="224" ordinal="29" offset="314" sl="59" sc="13" el="59" ec="74" bec="0" bev="0" fileid="4" />
                <SequencePoint vc="0" uspid="225" ordinal="30" offset="325" sl="60" sc="13" el="60" ec="72" bec="0" bev="0" fileid="4" />
                <SequencePoint vc="0" uspid="226" ordinal="31" offset="336" sl="61" sc="13" el="61" ec="71" bec="0" bev="0" fileid="4" />
                <SequencePoint vc="0" uspid="227" ordinal="32" offset="347" sl="62" sc="13" el="62" ec="74" bec="0" bev="0" fileid="4" />
                <SequencePoint vc="0" uspid="228" ordinal="33" offset="358" sl="63" sc="13" el="63" ec="62" bec="0" bev="0" fileid="4" />
                <SequencePoint vc="0" uspid="229" ordinal="34" offset="369" sl="64" sc="13" el="64" ec="62" bec="0" bev="0" fileid="4" />
                <SequencePoint vc="0" uspid="230" ordinal="35" offset="380" sl="65" sc="13" el="65" ec="45" bec="0" bev="0" fileid="4" />
                <SequencePoint vc="0" uspid="231" ordinal="36" offset="392" sl="66" sc="13" el="66" ec="95" bec="0" bev="0" fileid="4" />
                <SequencePoint vc="0" uspid="232" ordinal="37" offset="404" sl="67" sc="13" el="67" ec="42" bec="0" bev="0" fileid="4" />
                <SequencePoint vc="0" uspid="233" ordinal="38" offset="416" sl="68" sc="13" el="68" ec="45" bec="0" bev="0" fileid="4" />
                <SequencePoint vc="0" uspid="234" ordinal="39" offset="428" sl="69" sc="13" el="69" ec="34" bec="0" bev="0" fileid="4" />
                <SequencePoint vc="0" uspid="235" ordinal="40" offset="435" sl="73" sc="13" el="74" ec="40" bec="0" bev="0" fileid="4" />
                <SequencePoint vc="0" uspid="236" ordinal="41" offset="467" sl="75" sc="13" el="75" ec="71" bec="0" bev="0" fileid="4" />
                <SequencePoint vc="0" uspid="237" ordinal="42" offset="486" sl="76" sc="13" el="76" ec="49" bec="0" bev="0" fileid="4" />
                <SequencePoint vc="0" uspid="238" ordinal="43" offset="503" sl="77" sc="13" el="77" ec="70" bec="0" bev="0" fileid="4" />
                <SequencePoint vc="0" uspid="239" ordinal="44" offset="527" sl="78" sc="13" el="78" ec="42" bec="0" bev="0" fileid="4" />
                <SequencePoint vc="0" uspid="240" ordinal="45" offset="540" sl="79" sc="13" el="79" ec="49" bec="0" bev="0" fileid="4" />
                <SequencePoint vc="0" uspid="241" ordinal="46" offset="557" sl="83" sc="13" el="84" ec="40" bec="0" bev="0" fileid="4" />
                <SequencePoint vc="0" uspid="242" ordinal="47" offset="589" sl="85" sc="13" el="85" ec="67" bec="0" bev="0" fileid="4" />
                <SequencePoint vc="0" uspid="243" ordinal="48" offset="606" sl="86" sc="13" el="86" ec="77" bec="0" bev="0" fileid="4" />
                <SequencePoint vc="0" uspid="244" ordinal="49" offset="627" sl="87" sc="13" el="87" ec="50" bec="0" bev="0" fileid="4" />
                <SequencePoint vc="0" uspid="245" ordinal="50" offset="644" sl="91" sc="13" el="91" ec="67" bec="0" bev="0" fileid="4" />
                <SequencePoint vc="0" uspid="246" ordinal="51" offset="661" sl="92" sc="13" el="92" ec="77" bec="0" bev="0" fileid="4" />
                <SequencePoint vc="0" uspid="247" ordinal="52" offset="682" sl="93" sc="13" el="93" ec="50" bec="0" bev="0" fileid="4" />
                <SequencePoint vc="0" uspid="248" ordinal="53" offset="699" sl="97" sc="13" el="97" ec="64" bec="0" bev="0" fileid="4" />
                <SequencePoint vc="0" uspid="249" ordinal="54" offset="712" sl="98" sc="13" el="98" ec="137" bec="0" bev="0" fileid="4" />
                <SequencePoint vc="0" uspid="250" ordinal="55" offset="725" sl="99" sc="13" el="107" ec="30" bec="0" bev="0" fileid="4" />
                <SequencePoint vc="0" uspid="251" ordinal="56" offset="820" sl="108" sc="13" el="108" ec="80" bec="0" bev="0" fileid="4" />
                <SequencePoint vc="0" uspid="252" ordinal="57" offset="840" sl="109" sc="13" el="109" ec="65" bec="0" bev="0" fileid="4" />
                <SequencePoint vc="0" uspid="253" ordinal="58" offset="857" sl="110" sc="13" el="110" ec="53" bec="0" bev="0" fileid="4" />
                <SequencePoint vc="0" uspid="254" ordinal="59" offset="870" sl="111" sc="13" el="111" ec="63" bec="0" bev="0" fileid="4" />
                <SequencePoint vc="0" uspid="255" ordinal="60" offset="883" sl="112" sc="13" el="112" ec="61" bec="0" bev="0" fileid="4" />
                <SequencePoint vc="0" uspid="256" ordinal="61" offset="902" sl="113" sc="13" el="113" ec="78" bec="0" bev="0" fileid="4" />
                <SequencePoint vc="0" uspid="257" ordinal="62" offset="929" sl="114" sc="13" el="114" ec="50" bec="0" bev="0" fileid="4" />
                <SequencePoint vc="0" uspid="258" ordinal="63" offset="942" sl="115" sc="13" el="115" ec="139" bec="0" bev="0" fileid="4" />
                <SequencePoint vc="0" uspid="259" ordinal="64" offset="966" sl="119" sc="13" el="119" ec="104" bec="0" bev="0" fileid="4" />
                <SequencePoint vc="0" uspid="260" ordinal="65" offset="980" sl="120" sc="13" el="120" ec="50" bec="0" bev="0" fileid="4" />
                <SequencePoint vc="0" uspid="261" ordinal="66" offset="997" sl="121" sc="13" el="121" ec="50" bec="0" bev="0" fileid="4" />
                <SequencePoint vc="0" uspid="262" ordinal="67" offset="1014" sl="122" sc="13" el="122" ec="55" bec="0" bev="0" fileid="4" />
                <SequencePoint vc="0" uspid="263" ordinal="68" offset="1031" sl="123" sc="13" el="123" ec="48" bec="0" bev="0" fileid="4" />
                <SequencePoint vc="0" uspid="264" ordinal="69" offset="1044" sl="124" sc="13" el="124" ec="91" bec="0" bev="0" fileid="4" />
                <SequencePoint vc="0" uspid="265" ordinal="70" offset="1057" sl="125" sc="13" el="125" ec="101" bec="0" bev="0" fileid="4" />
                <SequencePoint vc="0" uspid="266" ordinal="71" offset="1070" sl="129" sc="13" el="129" ec="100" bec="0" bev="0" fileid="4" />
                <SequencePoint vc="0" uspid="267" ordinal="72" offset="1084" sl="130" sc="13" el="130" ec="45" bec="0" bev="0" fileid="4" />
                <SequencePoint vc="0" uspid="268" ordinal="73" offset="1101" sl="131" sc="13" el="131" ec="46" bec="0" bev="0" fileid="4" />
                <SequencePoint vc="0" uspid="269" ordinal="74" offset="1118" sl="132" sc="13" el="132" ec="47" bec="0" bev="0" fileid="4" />
                <SequencePoint vc="0" uspid="270" ordinal="75" offset="1135" sl="133" sc="13" el="133" ec="44" bec="0" bev="0" fileid="4" />
                <SequencePoint vc="0" uspid="271" ordinal="76" offset="1148" sl="137" sc="13" el="137" ec="103" bec="0" bev="0" fileid="4" />
                <SequencePoint vc="0" uspid="272" ordinal="77" offset="1162" sl="138" sc="13" el="138" ec="49" bec="0" bev="0" fileid="4" />
                <SequencePoint vc="0" uspid="273" ordinal="78" offset="1179" sl="139" sc="13" el="139" ec="49" bec="0" bev="0" fileid="4" />
                <SequencePoint vc="0" uspid="274" ordinal="79" offset="1196" sl="140" sc="13" el="140" ec="53" bec="0" bev="0" fileid="4" />
                <SequencePoint vc="0" uspid="275" ordinal="80" offset="1213" sl="141" sc="13" el="141" ec="47" bec="0" bev="0" fileid="4" />
                <SequencePoint vc="0" uspid="276" ordinal="81" offset="1226" sl="145" sc="13" el="145" ec="105" bec="0" bev="0" fileid="4" />
                <SequencePoint vc="0" uspid="277" ordinal="82" offset="1240" sl="146" sc="13" el="146" ec="51" bec="0" bev="0" fileid="4" />
                <SequencePoint vc="0" uspid="278" ordinal="83" offset="1257" sl="147" sc="13" el="147" ec="51" bec="0" bev="0" fileid="4" />
                <SequencePoint vc="0" uspid="279" ordinal="84" offset="1274" sl="148" sc="13" el="148" ec="57" bec="0" bev="0" fileid="4" />
                <SequencePoint vc="0" uspid="280" ordinal="85" offset="1291" sl="149" sc="13" el="149" ec="49" bec="0" bev="0" fileid="4" />
                <SequencePoint vc="0" uspid="281" ordinal="86" offset="1304" sl="153" sc="13" el="153" ec="100" bec="0" bev="0" fileid="4" />
                <SequencePoint vc="0" uspid="282" ordinal="87" offset="1318" sl="154" sc="13" el="154" ec="45" bec="0" bev="0" fileid="4" />
                <SequencePoint vc="0" uspid="283" ordinal="88" offset="1335" sl="155" sc="13" el="155" ec="45" bec="0" bev="0" fileid="4" />
                <SequencePoint vc="0" uspid="284" ordinal="89" offset="1352" sl="156" sc="13" el="156" ec="47" bec="0" bev="0" fileid="4" />
                <SequencePoint vc="0" uspid="285" ordinal="90" offset="1369" sl="157" sc="13" el="157" ec="44" bec="0" bev="0" fileid="4" />
                <SequencePoint vc="0" uspid="286" ordinal="91" offset="1382" sl="161" sc="13" el="161" ec="99" bec="0" bev="0" fileid="4" />
                <SequencePoint vc="0" uspid="287" ordinal="92" offset="1396" sl="162" sc="13" el="162" ec="44" bec="0" bev="0" fileid="4" />
                <SequencePoint vc="0" uspid="288" ordinal="93" offset="1413" sl="163" sc="13" el="163" ec="44" bec="0" bev="0" fileid="4" />
                <SequencePoint vc="0" uspid="289" ordinal="94" offset="1430" sl="164" sc="13" el="164" ec="45" bec="0" bev="0" fileid="4" />
                <SequencePoint vc="0" uspid="290" ordinal="95" offset="1447" sl="165" sc="13" el="165" ec="43" bec="0" bev="0" fileid="4" />
                <SequencePoint vc="0" uspid="291" ordinal="96" offset="1460" sl="169" sc="13" el="169" ec="100" bec="0" bev="0" fileid="4" />
                <SequencePoint vc="0" uspid="292" ordinal="97" offset="1474" sl="170" sc="13" el="170" ec="45" bec="0" bev="0" fileid="4" />
                <SequencePoint vc="0" uspid="293" ordinal="98" offset="1491" sl="171" sc="13" el="171" ec="45" bec="0" bev="0" fileid="4" />
                <SequencePoint vc="0" uspid="294" ordinal="99" offset="1508" sl="172" sc="13" el="172" ec="47" bec="0" bev="0" fileid="4" />
                <SequencePoint vc="0" uspid="295" ordinal="100" offset="1525" sl="173" sc="13" el="173" ec="44" bec="0" bev="0" fileid="4" />
                <SequencePoint vc="0" uspid="296" ordinal="101" offset="1538" sl="177" sc="13" el="177" ec="100" bec="0" bev="0" fileid="4" />
                <SequencePoint vc="0" uspid="297" ordinal="102" offset="1552" sl="178" sc="13" el="178" ec="45" bec="0" bev="0" fileid="4" />
                <SequencePoint vc="0" uspid="298" ordinal="103" offset="1569" sl="179" sc="13" el="179" ec="45" bec="0" bev="0" fileid="4" />
                <SequencePoint vc="0" uspid="299" ordinal="104" offset="1586" sl="180" sc="13" el="180" ec="47" bec="0" bev="0" fileid="4" />
                <SequencePoint vc="0" uspid="300" ordinal="105" offset="1603" sl="181" sc="13" el="181" ec="44" bec="0" bev="0" fileid="4" />
                <SequencePoint vc="0" uspid="301" ordinal="106" offset="1616" sl="185" sc="13" el="185" ec="47" bec="0" bev="0" fileid="4" />
                <SequencePoint vc="0" uspid="302" ordinal="107" offset="1639" sl="186" sc="13" el="186" ec="47" bec="0" bev="0" fileid="4" />
                <SequencePoint vc="0" uspid="303" ordinal="108" offset="1662" sl="187" sc="13" el="187" ec="64" bec="0" bev="0" fileid="4" />
                <SequencePoint vc="0" uspid="304" ordinal="109" offset="1685" sl="188" sc="13" el="188" ec="47" bec="0" bev="0" fileid="4" />
                <SequencePoint vc="0" uspid="305" ordinal="110" offset="1708" sl="189" sc="13" el="189" ec="47" bec="0" bev="0" fileid="4" />
                <SequencePoint vc="0" uspid="306" ordinal="111" offset="1731" sl="190" sc="13" el="190" ec="53" bec="0" bev="0" fileid="4" />
                <SequencePoint vc="0" uspid="307" ordinal="112" offset="1754" sl="191" sc="13" el="191" ec="50" bec="0" bev="0" fileid="4" />
                <SequencePoint vc="0" uspid="308" ordinal="113" offset="1777" sl="192" sc="13" el="192" ec="50" bec="0" bev="0" fileid="4" />
                <SequencePoint vc="0" uspid="309" ordinal="114" offset="1800" sl="193" sc="13" el="193" ec="50" bec="0" bev="0" fileid="4" />
                <SequencePoint vc="0" uspid="310" ordinal="115" offset="1823" sl="194" sc="13" el="194" ec="50" bec="0" bev="0" fileid="4" />
                <SequencePoint vc="0" uspid="311" ordinal="116" offset="1846" sl="195" sc="13" el="195" ec="56" bec="0" bev="0" fileid="4" />
                <SequencePoint vc="0" uspid="312" ordinal="117" offset="1869" sl="196" sc="13" el="196" ec="60" bec="0" bev="0" fileid="4" />
                <SequencePoint vc="0" uspid="313" ordinal="118" offset="1892" sl="197" sc="13" el="197" ec="61" bec="0" bev="0" fileid="4" />
                <SequencePoint vc="0" uspid="314" ordinal="119" offset="1915" sl="198" sc="13" el="198" ec="71" bec="0" bev="0" fileid="4" />
                <SequencePoint vc="0" uspid="315" ordinal="120" offset="1939" sl="199" sc="13" el="199" ec="43" bec="0" bev="0" fileid="4" />
                <SequencePoint vc="0" uspid="316" ordinal="121" offset="1956" sl="200" sc="13" el="200" ec="67" bec="0" bev="0" fileid="4" />
                <SequencePoint vc="0" uspid="317" ordinal="122" offset="1983" sl="201" sc="13" el="201" ec="39" bec="0" bev="0" fileid="4" />
                <SequencePoint vc="0" uspid="318" ordinal="123" offset="1996" sl="202" sc="13" el="202" ec="42" bec="0" bev="0" fileid="4" />
                <SequencePoint vc="0" uspid="319" ordinal="124" offset="2009" sl="203" sc="13" el="203" ec="40" bec="0" bev="0" fileid="4" />
                <SequencePoint vc="0" uspid="320" ordinal="125" offset="2026" sl="207" sc="13" el="207" ec="36" bec="0" bev="0" fileid="4" />
                <SequencePoint vc="0" uspid="321" ordinal="126" offset="2039" sl="208" sc="13" el="208" ec="82" bec="0" bev="0" fileid="4" />
                <SequencePoint vc="0" uspid="322" ordinal="127" offset="2066" sl="209" sc="13" el="209" ec="57" bec="0" bev="0" fileid="4" />
                <SequencePoint vc="0" uspid="323" ordinal="128" offset="2083" sl="210" sc="13" el="210" ec="65" bec="0" bev="0" fileid="4" />
                <SequencePoint vc="0" uspid="324" ordinal="129" offset="2107" sl="211" sc="13" el="211" ec="31" bec="0" bev="0" fileid="4" />
                <SequencePoint vc="0" uspid="325" ordinal="130" offset="2124" sl="212" sc="13" el="212" ec="59" bec="0" bev="0" fileid="4" />
                <SequencePoint vc="0" uspid="326" ordinal="131" offset="2145" sl="213" sc="13" el="213" ec="34" bec="0" bev="0" fileid="4" />
                <SequencePoint vc="0" uspid="327" ordinal="132" offset="2159" sl="214" sc="13" el="214" ec="31" bec="0" bev="0" fileid="4" />
                <SequencePoint vc="0" uspid="328" ordinal="133" offset="2176" sl="218" sc="13" el="218" ec="36" bec="0" bev="0" fileid="4" />
                <SequencePoint vc="0" uspid="329" ordinal="134" offset="2189" sl="219" sc="13" el="219" ec="82" bec="0" bev="0" fileid="4" />
                <SequencePoint vc="0" uspid="330" ordinal="135" offset="2216" sl="220" sc="13" el="220" ec="57" bec="0" bev="0" fileid="4" />
                <SequencePoint vc="0" uspid="331" ordinal="136" offset="2233" sl="221" sc="13" el="221" ec="65" bec="0" bev="0" fileid="4" />
                <SequencePoint vc="0" uspid="332" ordinal="137" offset="2257" sl="222" sc="13" el="222" ec="31" bec="0" bev="0" fileid="4" />
                <SequencePoint vc="0" uspid="333" ordinal="138" offset="2274" sl="223" sc="13" el="223" ec="59" bec="0" bev="0" fileid="4" />
                <SequencePoint vc="0" uspid="334" ordinal="139" offset="2295" sl="224" sc="13" el="224" ec="34" bec="0" bev="0" fileid="4" />
                <SequencePoint vc="0" uspid="335" ordinal="140" offset="2309" sl="225" sc="13" el="225" ec="31" bec="0" bev="0" fileid="4" />
                <SequencePoint vc="0" uspid="336" ordinal="141" offset="2326" sl="226" sc="13" el="226" ec="72" bec="0" bev="0" fileid="4" />
                <SequencePoint vc="0" uspid="337" ordinal="142" offset="2350" sl="230" sc="13" el="230" ec="36" bec="0" bev="0" fileid="4" />
                <SequencePoint vc="0" uspid="338" ordinal="143" offset="2363" sl="231" sc="13" el="231" ec="82" bec="0" bev="0" fileid="4" />
                <SequencePoint vc="0" uspid="339" ordinal="144" offset="2390" sl="232" sc="13" el="232" ec="57" bec="0" bev="0" fileid="4" />
                <SequencePoint vc="0" uspid="340" ordinal="145" offset="2407" sl="233" sc="13" el="233" ec="65" bec="0" bev="0" fileid="4" />
                <SequencePoint vc="0" uspid="341" ordinal="146" offset="2431" sl="234" sc="13" el="234" ec="31" bec="0" bev="0" fileid="4" />
                <SequencePoint vc="0" uspid="342" ordinal="147" offset="2448" sl="235" sc="13" el="235" ec="59" bec="0" bev="0" fileid="4" />
                <SequencePoint vc="0" uspid="343" ordinal="148" offset="2469" sl="236" sc="13" el="236" ec="34" bec="0" bev="0" fileid="4" />
                <SequencePoint vc="0" uspid="344" ordinal="149" offset="2483" sl="237" sc="13" el="237" ec="31" bec="0" bev="0" fileid="4" />
                <SequencePoint vc="0" uspid="345" ordinal="150" offset="2500" sl="241" sc="13" el="241" ec="36" bec="0" bev="0" fileid="4" />
                <SequencePoint vc="0" uspid="346" ordinal="151" offset="2513" sl="242" sc="13" el="242" ec="82" bec="0" bev="0" fileid="4" />
                <SequencePoint vc="0" uspid="347" ordinal="152" offset="2540" sl="243" sc="13" el="243" ec="57" bec="0" bev="0" fileid="4" />
                <SequencePoint vc="0" uspid="348" ordinal="153" offset="2557" sl="244" sc="13" el="244" ec="65" bec="0" bev="0" fileid="4" />
                <SequencePoint vc="0" uspid="349" ordinal="154" offset="2581" sl="245" sc="13" el="245" ec="31" bec="0" bev="0" fileid="4" />
                <SequencePoint vc="0" uspid="350" ordinal="155" offset="2598" sl="246" sc="13" el="246" ec="59" bec="0" bev="0" fileid="4" />
                <SequencePoint vc="0" uspid="351" ordinal="156" offset="2619" sl="247" sc="13" el="247" ec="34" bec="0" bev="0" fileid="4" />
                <SequencePoint vc="0" uspid="352" ordinal="157" offset="2633" sl="248" sc="13" el="248" ec="31" bec="0" bev="0" fileid="4" />
                <SequencePoint vc="0" uspid="353" ordinal="158" offset="2650" sl="252" sc="13" el="252" ec="42" bec="0" bev="0" fileid="4" />
                <SequencePoint vc="0" uspid="354" ordinal="159" offset="2663" sl="253" sc="13" el="253" ec="88" bec="0" bev="0" fileid="4" />
                <SequencePoint vc="0" uspid="355" ordinal="160" offset="2690" sl="254" sc="13" el="254" ec="63" bec="0" bev="0" fileid="4" />
[...]
              <MetadataToken>100663411</MetadataToken>
              <Name>System.Object[] hw2.Models.Shape::Getobject()</Name>
              <FileRef uid="14" />
              <SequencePoints>
                <SequencePoint vc="0" uspid="904" ordinal="0" offset="0" sl="48" sc="9" el="48" ec="10" bec="0" bev="0" fileid="14" />
                <SequencePoint vc="0" uspid="905" ordinal="1" offset="1" sl="49" sc="14" el="49" ec="117" bec="0" bev="0" fileid="14" />
                <SequencePoint vc="0" uspid="906" ordinal="2" offset="116" sl="50" sc="9" el="50" ec="10" bec="0" bev="0" fileid="14" />
              </SequencePoints>
              <BranchPoints />
              <MethodPoint xsi:type="SequencePoint" vc="0" uspid="904" ordinal="0" offset="0" sl="48" sc="9" el="48" ec="10" bec="0" bev="0" fileid="14" />
            </Method>
            <Method visited="true" cyclomaticComplexity="1" nPathComplexity="0" sequenceCoverage="100" branchCoverage="100" crapScore="1" isConstructor="false" isStatic="false" isGetter="false" isSetter="false">
              <Summary numSequencePoints="5" visitedSequencePoints="5" numBranchPoints="1" visitedBranchPoints="1" sequenceCoverage="100" branchCoverage="100" maxCyclomaticComplexity="1" minCyclomaticComplexity="1" maxCrapScore="1" minCrapScore="1" visitedClasses="0" numClasses="0" visitedMethods="1" numMethods="1" />
              <MetadataToken>100663412</MetadataToken>
              <Name>System.Boolean hw2.Models.Shape::IsPointInEllipse(System.Drawing.Point)</Name>
              <FileRef uid="14" />
              <SequencePoints>
                <SequencePoint vc="14" uspid="907" ordinal="0" offset="0" sl="54" sc="9" el="54" ec="10" bec="0" bev="0" fileid="14" />
                <SequencePoint vc="14" uspid="908" ordinal="1" offset="1" sl="55" sc="13" el="55" ec="52" bec="0" bev="0" fileid="14" />
                <SequencePoint vc="14" uspid="909" ordinal="2" offset="7" sl="56" sc="13" el="56" ec="42" bec="0" bev="0" fileid="14" />
                <SequencePoint vc="14" uspid="910" ordinal="3" offset="20" sl="57" sc="13" el="57" ec="42" bec="0" bev="0" fileid="14" />
                <SequencePoint vc="14" uspid="911" ordinal="4" offset="30" sl="58" sc="9" el="58" ec="10" bec="0" bev="0" fileid="14" />
              </SequencePoints>
              <BranchPoints />
              <MethodPoint xsi:type="SequencePoint" vc="14" uspid="907" ordinal="0" offset="0" sl="54" sc="9" el="54" ec="10" bec="0" bev="0" fileid="14" />
            </Method>
            <Method visited="false" cyclomaticComplexity="3" nPathComplexity="4" sequenceCoverage="0" branchCoverage="0" crapScore="12" isConstructor="false" isStatic="false" isGetter="false" isSetter="false">
              <Summary numSequencePoints="12" visitedSequencePoints="0" numBranchPoints="5" visitedBranchPoints="0" sequenceCoverage="0" branchCoverage="0" maxCyclomaticComplexity="3" minCyclomaticComplexity="3" maxCrapScore="12" minCrapScore="12" visitedClasses="0" numClasses="0" visitedMethods="0" numMethods="1" />
              <MetadataToken>100663413</MetadataToken>
              <Name>System.Void hw2.Models.Shape::Normalize()</Name>
              <FileRef uid="14" />
              <SequencePoints>
                <SequencePoint vc="0" uspid="912" ordinal="0" offset="0" sl="60" sc="9" el="60" ec="10" bec="0" bev="0" fileid="14" />
                <SequencePoint vc="0" uspid="913" ordinal="1" offset="1" sl="62" sc="13" el="62" ec="39" bec="2" bev="0" fileid="14" />
                <SequencePoint vc="0" uspid="914" ordinal="2" offset="19" sl="63" sc="13" el="63" ec="14" bec="0" bev="0" fileid="14" />
                <SequencePoint vc="0" uspid="915" ordinal="3" offset="20" sl="64" sc="17" el="64" ec="52" bec="0" bev="0" fileid="14" />
                <SequencePoint vc="0" uspid="916" ordinal="4" offset="50" sl="65" sc="17" el="65" ec="56" bec="0" bev="0" fileid="14" />
                <SequencePoint vc="0" uspid="917" ordinal="5" offset="74" sl="66" sc="13" el="66" ec="14" bec="0" bev="0" fileid="14" />
                <SequencePoint vc="0" uspid="918" ordinal="6" offset="75" sl="67" sc="13" el="67" ec="40" bec="2" bev="0" fileid="14" />
                <SequencePoint vc="0" uspid="919" ordinal="7" offset="93" sl="68" sc="13" el="68" ec="14" bec="0" bev="0" fileid="14" />
                <SequencePoint vc="0" uspid="920" ordinal="8" offset="94" sl="69" sc="17" el="69" ec="53" bec="0" bev="0" fileid="14" />
                <SequencePoint vc="0" uspid="921" ordinal="9" offset="124" sl="70" sc="17" el="70" ec="58" bec="0" bev="0" fileid="14" />
                <SequencePoint vc="0" uspid="922" ordinal="10" offset="148" sl="71" sc="13" el="71" ec="14" bec="0" bev="0" fileid="14" />
                <SequencePoint vc="0" uspid="923" ordinal="11" offset="149" sl="72" sc="9" el="72" ec="10" bec="0" bev="0" fileid="14" />
              </SequencePoints>
              <BranchPoints>
                <BranchPoint vc="0" uspid="924" ordinal="0" offset="17" sl="62" path="0" offsetend="19" fileid="14" />
                <BranchPoint vc="0" uspid="925" ordinal="1" offset="17" sl="62" path="1" offsetend="75" fileid="14" />
                <BranchPoint vc="0" uspid="926" ordinal="2" offset="91" sl="67" path="0" offsetend="93" fileid="14" />
                <BranchPoint vc="0" uspid="927" ordinal="3" offset="91" sl="67" path="1" offsetend="149" fileid="14" />
              </BranchPoints>
              <MethodPoint xsi:type="SequencePoint" vc="0" uspid="912" ordinal="0" offset="0" sl="60" sc="9" el="60" ec="10" bec="0" bev="0" fileid="14" />
            </Method>
            <Method visited="false" cyclomaticComplexity="1" nPathComplexity="0" sequenceCoverage="0" branchCoverage="0" crapScore="2" isConstructor="true" isStatic="false" isGetter="false" isSetter="false">
              <Summary numSequencePoints="0" visitedSequencePoints="0" numBranchPoints="0" visitedBranchPoints="0" sequenceCoverage="0" branchCoverage="0" maxCyclomaticComplexity="1" minCyclomaticComplexity="1" maxCrapScore="2" minCrapScore="2" visitedClasses="0" numClasses="0" visitedMethods="0" numMethods="0" />
              <MetadataToken>100663414</MetadataToken>
              <Name>System.Void hw2.Models.Shape::.ctor()</Name>
              <SequencePoints />
              <BranchPoints />
              <MethodPoint vc="0" uspid="928" ordinal="0" offset="0" />
            </Method>
          </Methods>
        </Class>
        <Class>
          <Summary numSequencePoints="13" visitedSequencePoints="13" numBranchPoints="2" visitedBranchPoints="2" sequenceCoverage="100" branchCoverage="100" maxCyclomaticComplexity="1" minCyclomaticComplexity="1" maxCrapScore="1" minCrapScore="1" visitedClasses="1" numClasses="1" visitedMethods="2" numMethods="2" />
          <FullName>hw2.Models.Start</FullName>
          <Methods>
            <Method visited="true" cyclomaticComplexity="1" nPathComplexity="0" sequenceCoverage="100" branchCoverage="100" crapScore="1" isConstructor="true" isStatic="false" isGetter="false" isSetter="false">
              <Summary numSequencePoints="10" visitedSequencePoints="10" numBranchPoints="1" visitedBranchPoints="1" sequenceCoverage="100" branchCoverage="100" maxCyclomaticComplexity="1" minCyclomaticComplexity="1" maxCrapScore="1" minCrapScore="1" visitedClasses="0" numClasses="0" visitedMethods="1" numMethods="1" />
              <MetadataToken>100663415</MetadataToken>
              <Name>System.Void hw2.Models.Start::.ctor(System.Int32,System.String,System.String,System.Int32,System.Int32,System.Int32,System.Int32)</Name>
              <FileRef uid="15" />
              <SequencePoints>
                <SequencePoint vc="9" uspid="929" ordinal="0" offset="0" sl="12" sc="8" el="12" ec="112" bec="0" bev="0" fileid="15" />
                <SequencePoint vc="9" uspid="930" ordinal="1" offset="7" sl="13" sc="9" el="13" ec="10" bec="0" bev="0" fileid="15" />
                <SequencePoint vc="9" uspid="931" ordinal="2" offset="8" sl="14" sc="13" el="14" ec="26" bec="0" bev="0" fileid="15" />
                <SequencePoint vc="9" uspid="932" ordinal="3" offset="16" sl="15" sc="13" el="15" ec="40" bec="0" bev="0" fileid="15" />
                <SequencePoint vc="9" uspid="933" ordinal="4" offset="24" sl="16" sc="13" el="16" ec="36" bec="0" bev="0" fileid="15" />
                <SequencePoint vc="9" uspid="934" ordinal="5" offset="32" sl="17" sc="13" el="17" ec="24" bec="0" bev="0" fileid="15" />
                <SequencePoint vc="9" uspid="935" ordinal="6" offset="41" sl="18" sc="13" el="18" ec="24" bec="0" bev="0" fileid="15" />
                <SequencePoint vc="9" uspid="936" ordinal="7" offset="50" sl="19" sc="13" el="19" ec="46" bec="0" bev="0" fileid="15" />
                <SequencePoint vc="9" uspid="937" ordinal="8" offset="59" sl="20" sc="13" el="20" ec="44" bec="0" bev="0" fileid="15" />
                <SequencePoint vc="9" uspid="938" ordinal="9" offset="68" sl="21" sc="9" el="21" ec="10" bec="0" bev="0" fileid="15" />
              </SequencePoints>
              <BranchPoints />
              <MethodPoint xsi:type="SequencePoint" vc="9" uspid="929" ordinal="0" offset="0" sl="12" sc="8" el="12" ec="112" bec="0" bev="0" fileid="15" />
            </Method>
            <Method visited="true" cyclomaticComplexity="1" nPathComplexity="0" sequenceCoverage="100" branchCoverage="100" crapScore="1" isConstructor="false" isStatic="false" isGetter="false" isSetter="false">
              <Summary numSequencePoints="3" visitedSequencePoints="3" numBranchPoints="1" visitedBranchPoints="1" sequenceCoverage="100" branchCoverage="100" maxCyclomaticComplexity="1" minCyclomaticComplexity="1" maxCrapScore="1" minCrapScore="1" visitedClasses="0" numClasses="0" visitedMethods="1" numMethods="1" />
              <MetadataToken>100663416</MetadataToken>
              <Name>System.Void hw2.Models.Start::Draw(System.Drawing.Graphics)</Name>
              <FileRef uid="15" />
              <SequencePoints>
                <SequencePoint vc="2" uspid="939" ordinal="0" offset="0" sl="23" sc="9" el="23" ec="10" bec="0" bev="0" fileid="15" />
                <SequencePoint vc="2" uspid="940" ordinal="1" offset="1" sl="24" sc="13" el="24" ec="100" bec="0" bev="0" fileid="15" />
                <SequencePoint vc="2" uspid="941" ordinal="2" offset="37" sl="25" sc="9" el="25" ec="10" bec="0" bev="0" fileid="15" />
              </SequencePoints>
              <BranchPoints />
              <MethodPoint xsi:type="SequencePoint" vc="2" uspid="939" ordinal="0" offset="0" sl="23" sc="9" el="23" ec="10" bec="0" bev="0" fileid="15" />
            </Method>
          </Methods>
        </Class>
        <Class>
          <Summary numSequencePoints="26" visitedSequencePoints="18" numBranchPoints="3" visitedBranchPoints="2" sequenceCoverage="69.23" branchCoverage="66.67" maxCyclomaticComplexity="1" minCyclomaticComplexity="1" maxCrapScore="2" minCrapScore="1" visitedClasses="1" numClasses="1" visitedMethods="2" numMethods="3" />
          <FullName>hw2.Models.Terminator</FullName>
          <Methods>
            <Method visited="true" cyclomaticComplexity="1" nPathComplexity="0" sequenceCoverage="100" branchCoverage="100" crapScore="1" isConstructor="true" isStatic="false" isGetter="false" isSetter="false">
              <Summary numSequencePoints="10" visitedSequencePoints="10" numBranchPoints="1" visitedBranchPoints="1" sequenceCoverage="100" branchCoverage="100" maxCyclomaticComplexity="1" minCyclomaticComplexity="1" maxCrapScore="1" minCrapScore="1" visitedClasses="0" numClasses="0" visitedMethods="1" numMethods="1" />
              <MetadataToken>100663417</MetadataToken>
              <Name>System.Void hw2.Models.Terminator::.ctor(System.Int32,System.String,System.String,System.Int32,System.Int32,System.Int32,System.Int32)</Name>
              <FileRef uid="16" />
              <SequencePoints>
                <SequencePoint vc="10" uspid="942" ordinal="0" offset="0" sl="12" sc="9" el="12" ec="117" bec="0" bev="0" fileid="16" />
                <SequencePoint vc="10" uspid="943" ordinal="1" offset="7" sl="13" sc="9" el="13" ec="10" bec="0" bev="0" fileid="16" />
                <SequencePoint vc="10" uspid="944" ordinal="2" offset="8" sl="14" sc="13" el="14" ec="26" bec="0" bev="0" fileid="16" />
                <SequencePoint vc="10" uspid="945" ordinal="3" offset="16" sl="15" sc="13" el="15" ec="40" bec="0" bev="0" fileid="16" />
                <SequencePoint vc="10" uspid="946" ordinal="4" offset="24" sl="16" sc="13" el="16" ec="36" bec="0" bev="0" fileid="16" />
                <SequencePoint vc="10" uspid="947" ordinal="5" offset="32" sl="17" sc="13" el="17" ec="24" bec="0" bev="0" fileid="16" />
                <SequencePoint vc="10" uspid="948" ordinal="6" offset="41" sl="18" sc="13" el="18" ec="24" bec="0" bev="0" fileid="16" />
                <SequencePoint vc="10" uspid="949" ordinal="7" offset="50" sl="19" sc="13" el="19" ec="46" bec="0" bev="0" fileid="16" />
                <SequencePoint vc="10" uspid="950" ordinal="8" offset="59" sl="20" sc="13" el="20" ec="44" bec="0" bev="0" fileid="16" />
                <SequencePoint vc="10" uspid="951" ordinal="9" offset="68" sl="21" sc="9" el="21" ec="10" bec="0" bev="0" fileid="16" />
              </SequencePoints>
              <BranchPoints />
              <MethodPoint xsi:type="SequencePoint" vc="10" uspid="942" ordinal="0" offset="0" sl="12" sc="9" el="12" ec="117" bec="0" bev="0" fileid="16" />
            </Method>
            <Method visited="true" cyclomaticComplexity="1" nPathComplexity="0" sequenceCoverage="72.73" branchCoverage="100" crapScore="1.02" isConstructor="false" isStatic="false" isGetter="false" isSetter="false">
              <Summary numSequencePoints="11" visitedSequencePoints="8" numBranchPoints="1" visitedBranchPoints="1" sequenceCoverage="72.73" branchCoverage="100" maxCyclomaticComplexity="1" minCyclomaticComplexity="1" maxCrapScore="1.02" minCrapScore="1.02" visitedClasses="0" numClasses="0" visitedMethods="1" numMethods="1" />
              <MetadataToken>100663418</MetadataToken>
              <Name>System.Void hw2.Models.Terminator::Draw(System.Drawing.Graphics)</Name>
              <FileRef uid="16" />
              <SequencePoints>
                <SequencePoint vc="2" uspid="952" ordinal="0" offset="0" sl="23" sc="9" el="23" ec="10" bec="0" bev="0" fileid="16" />
                <SequencePoint vc="2" uspid="953" ordinal="1" offset="1" sl="25" sc="13" el="25" ec="14" bec="0" bev="0" fileid="16" />
                <SequencePoint vc="2" uspid="954" ordinal="2" offset="2" sl="26" sc="17" el="26" ec="131" bec="0" bev="0" fileid="16" />
                <SequencePoint vc="2" uspid="955" ordinal="3" offset="52" sl="27" sc="17" el="27" ec="160" bec="0" bev="0" fileid="16" />
                <SequencePoint vc="2" uspid="956" ordinal="4" offset="109" sl="28" sc="17" el="28" ec="181" bec="0" bev="0" fileid="16" />
                <SequencePoint vc="2" uspid="957" ordinal="5" offset="174" sl="29" sc="17" el="29" ec="223" bec="0" bev="0" fileid="16" />
                <SequencePoint vc="2" uspid="958" ordinal="6" offset="253" sl="30" sc="13" el="30" ec="14" bec="0" bev="0" fileid="16" />
                <SequencePoint vc="0" uspid="959" ordinal="7" offset="256" sl="31" sc="13" el="31" ec="18" bec="0" bev="0" fileid="16" />
                <SequencePoint vc="0" uspid="960" ordinal="8" offset="257" sl="32" sc="13" el="32" ec="14" bec="0" bev="0" fileid="16" />
                <SequencePoint vc="0" uspid="961" ordinal="9" offset="258" sl="34" sc="13" el="34" ec="14" bec="0" bev="0" fileid="16" />
                <SequencePoint vc="2" uspid="962" ordinal="10" offset="261" sl="35" sc="9" el="35" ec="10" bec="0" bev="0" fileid="16" />
              </SequencePoints>
              <BranchPoints />
              <MethodPoint xsi:type="SequencePoint" vc="2" uspid="952" ordinal="0" offset="0" sl="23" sc="9" el="23" ec="10" bec="0" bev="0" fileid="16" />
            </Method>
            <Method visited="false" cyclomaticComplexity="1" nPathComplexity="0" sequenceCoverage="0" branchCoverage="0" crapScore="2" isConstructor="false" isStatic="false" isGetter="false" isSetter="false">
              <Summary numSequencePoints="5" visitedSequencePoints="0" numBranchPoints="1" visitedBranchPoints="0" sequenceCoverage="0" branchCoverage="0" maxCyclomaticComplexity="1" minCyclomaticComplexity="1" maxCrapScore="2" minCrapScore="2" visitedClasses="0" numClasses="0" visitedMethods="0" numMethods="1" />
              <MetadataToken>100663419</MetadataToken>
              <Name>System.Void hw2.Models.Terminator::DrawBoundingBox(System.Drawing.Graphics)</Name>
              <FileRef uid="16" />
              <SequencePoints>
                <SequencePoint vc="0" uspid="963" ordinal="0" offset="0" sl="37" sc="9" el="37" ec="10" bec="0" bev="0" fileid="16" />
                <SequencePoint vc="0" uspid="964" ordinal="1" offset="1" sl="38" sc="13" el="38" ec="55" bec="0" bev="0" fileid="16" />
                <SequencePoint vc="0" uspid="965" ordinal="2" offset="26" sl="39" sc="13" el="39" ec="52" bec="0" bev="0" fileid="16" />
                <SequencePoint vc="0" uspid="966" ordinal="3" offset="44" sl="40" sc="13" el="40" ec="55" bec="0" bev="0" fileid="16" />
                <SequencePoint vc="0" uspid="967" ordinal="4" offset="69" sl="41" sc="9" el="41" ec="10" bec="0" bev="0" fileid="16" />
              </SequencePoints>
              <BranchPoints />
              <MethodPoint xsi:type="SequencePoint" vc="0" uspid="963" ordinal="0" offset="0" sl="37" sc="9" el="37" ec="10" bec="0" bev="0" fileid="16" />
            </Method>
          </Methods>
        </Class>
        <Class>
          <Summary numSequencePoints="4" visitedSequencePoints="0" numBranchPoints="1" visitedBranchPoints="0" sequenceCoverage="0" branchCoverage="0" maxCyclomaticComplexity="1" minCyclomaticComplexity="1" maxCrapScore="2" minCrapScore="2" visitedClasses="0" numClasses="1" visitedMethods="0" numMethods="1" />
          <FullName>DrawingForm.DoubleBufferedPanel</FullName>
          <Methods>
            <Method visited="false" cyclomaticComplexity="1" nPathComplexity="0" sequenceCoverage="0" branchCoverage="0" crapScore="2" isConstructor="true" isStatic="false" isGetter="false" isSetter="false">
              <Summary numSequencePoints="4" visitedSequencePoints="0" numBranchPoints="1" visitedBranchPoints="0" sequenceCoverage="0" branchCoverage="0" maxCyclomaticComplexity="1" minCyclomaticComplexity="1" maxCrapScore="2" minCrapScore="2" visitedClasses="0" numClasses="0" visitedMethods="0" numMethods="1" />
              <MetadataToken>100663420</MetadataToken>
              <Name>System.Void DrawingForm.DoubleBufferedPanel::.ctor()</Name>
              <FileRef uid="17" />
              <SequencePoints>
                <SequencePoint vc="0" uspid="968" ordinal="0" offset="0" sl="6" sc="9" el="6" ec="37" bec="0" bev="0" fileid="17" />
                <SequencePoint vc="0" uspid="969" ordinal="1" offset="7" sl="7" sc="9" el="7" ec="10" bec="0" bev="0" fileid="17" />
                <SequencePoint vc="0" uspid="970" ordinal="2" offset="8" sl="8" sc="13" el="8" ec="35" bec="0" bev="0" fileid="17" />
                <SequencePoint vc="0" uspid="971" ordinal="3" offset="16" sl="9" sc="9" el="9" ec="10" bec="0" bev="0" fileid="17" />
              </SequencePoints>
              <BranchPoints />
              <MethodPoint xsi:type="SequencePoint" vc="0" uspid="968" ordinal="0" offset="0" sl="6" sc="9" el="6" ec="37" bec="0" bev="0" fileid="17" />
            </Method>
          </Methods>
        </Class>
      </Classes>
    </Module>
  </Modules>
</CoverageSession>