<?xml version="1.0" encoding="utf-8"?>
<CoverageSession xmlns:xsd="http://www.w3.org/2001/XMLSchema" xmlns:xsi="http://www.w3.org/2001/XMLSchema-instance" Version="4.7.922.0">
  <Summary numSequencePoints="1804" visitedSequencePoints="476" numBranchPoints="379" visitedBranchPoints="109" sequenceCoverage="26.39" branchCoverage="28.76" maxCyclomaticComplexity="12" minCyclomaticComplexity="1" maxCrapScore="156" minCrapScore="1" visitedClasses="18" numClasses="29" visitedMethods="81" numMethods="195" />
  <Modules>
    <Module hash="09-5B-3A-25-34-59-A9-C7-0E-5E-4B-76-C6-15-9C-B9-15-97-88-5F">
      <Summary numSequencePoints="336" visitedSequencePoints="100" numBranchPoints="67" visitedBranchPoints="15" sequenceCoverage="29.76" branchCoverage="22.39" maxCyclomaticComplexity="5" minCyclomaticComplexity="1" maxCrapScore="30" minCrapScore="1" visitedClasses="3" numClasses="3" visitedMethods="15" numMethods="37" />
      <ModulePath>C:\Users\Yihss\OneDrive\桌面\視窗程式設計\Windows-Programming-hw2\hw2Tests\bin\Debug\fine-code-coverage\build-output\hw2Tests.dll</ModulePath>
      <ModuleTime>2025-01-03T22:16:14.6030013Z</ModuleTime>
      <ModuleName>hw2Tests</ModuleName>
      <Files>
        <File uid="1" fullPath="C:\Users\Yihss\OneDrive\桌面\視窗程式設計\Windows-Programming-hw2\hw2Tests\Robot.cs" />
        <File uid="2" fullPath="C:\Users\Yihss\OneDrive\桌面\視窗程式設計\Windows-Programming-hw2\hw2Tests\MainFormUITest.cs" />
        <File uid="3" fullPath="C:\Users\Yihss\OneDrive\桌面\視窗程式設計\Windows-Programming-hw2\hw2Tests\Models\ModelTests.cs" />
      </Files>
      <Classes>
        <Class>
          <Summary numSequencePoints="167" visitedSequencePoints="9" numBranchPoints="44" visitedBranchPoints="2" sequenceCoverage="5.39" branchCoverage="4.55" maxCyclomaticComplexity="5" minCyclomaticComplexity="1" maxCrapScore="30" minCrapScore="1.02" visitedClasses="1" numClasses="1" visitedMethods="2" numMethods="22" />
          <FullName>hw2Tests.Robot</FullName>
          <Methods>
            <Method visited="true" cyclomaticComplexity="1" nPathComplexity="0" sequenceCoverage="75" branchCoverage="100" crapScore="1.02" isConstructor="true" isStatic="false" isGetter="false" isSetter="false">
              <Summary numSequencePoints="4" visitedSequencePoints="3" numBranchPoints="1" visitedBranchPoints="1" sequenceCoverage="75" branchCoverage="100" maxCyclomaticComplexity="1" minCyclomaticComplexity="1" maxCrapScore="1.02" minCrapScore="1.02" visitedClasses="0" numClasses="0" visitedMethods="1" numMethods="1" />
              <MetadataToken>100663297</MetadataToken>
              <Name>System.Void hw2Tests.Robot::.ctor(System.String,System.String)</Name>
              <FileRef uid="1" />
              <SequencePoints>
                <SequencePoint vc="1" uspid="1" ordinal="0" offset="0" sl="28" sc="9" el="28" ec="56" bec="0" bev="0" fileid="1" />
                <SequencePoint vc="1" uspid="2" ordinal="1" offset="7" sl="29" sc="9" el="29" ec="10" bec="0" bev="0" fileid="1" />
                <SequencePoint vc="1" uspid="3" ordinal="2" offset="8" sl="30" sc="13" el="30" ec="50" bec="0" bev="0" fileid="1" />
                <SequencePoint vc="0" uspid="4" ordinal="3" offset="17" sl="31" sc="9" el="31" ec="10" bec="0" bev="0" fileid="1" />
              </SequencePoints>
              <BranchPoints />
              <MethodPoint xsi:type="SequencePoint" vc="1" uspid="1" ordinal="0" offset="0" sl="28" sc="9" el="28" ec="56" bec="0" bev="0" fileid="1" />
            </Method>
            <Method visited="true" cyclomaticComplexity="1" nPathComplexity="0" sequenceCoverage="66.67" branchCoverage="100" crapScore="1.04" isConstructor="false" isStatic="false" isGetter="false" isSetter="false">
              <Summary numSequencePoints="9" visitedSequencePoints="6" numBranchPoints="1" visitedBranchPoints="1" sequenceCoverage="66.67" branchCoverage="100" maxCyclomaticComplexity="1" minCyclomaticComplexity="1" maxCrapScore="1.04" minCrapScore="1.04" visitedClasses="0" numClasses="0" visitedMethods="1" numMethods="1" />
              <MetadataToken>100663298</MetadataToken>
              <Name>System.Void hw2Tests.Robot::Initialize(System.String,System.String)</Name>
              <FileRef uid="1" />
              <SequencePoints>
                <SequencePoint vc="1" uspid="5" ordinal="0" offset="0" sl="35" sc="9" el="35" ec="10" bec="0" bev="0" fileid="1" />
                <SequencePoint vc="1" uspid="6" ordinal="1" offset="1" sl="36" sc="13" el="36" ec="26" bec="0" bev="0" fileid="1" />
                <SequencePoint vc="1" uspid="7" ordinal="2" offset="8" sl="37" sc="13" el="37" ec="47" bec="0" bev="0" fileid="1" />
                <SequencePoint vc="1" uspid="8" ordinal="3" offset="14" sl="38" sc="13" el="38" ec="67" bec="0" bev="0" fileid="1" />
                <SequencePoint vc="1" uspid="9" ordinal="4" offset="27" sl="39" sc="13" el="39" ec="72" bec="0" bev="0" fileid="1" />
                <SequencePoint vc="1" uspid="10" ordinal="5" offset="44" sl="41" sc="13" el="41" ec="95" bec="0" bev="0" fileid="1" />
                <SequencePoint vc="0" uspid="11" ordinal="6" offset="66" sl="42" sc="13" el="42" ec="80" bec="0" bev="0" fileid="1" />
                <SequencePoint vc="0" uspid="12" ordinal="7" offset="102" sl="43" sc="13" el="46" ec="15" bec="0" bev="0" fileid="1" />
                <SequencePoint vc="0" uspid="13" ordinal="8" offset="137" sl="47" sc="9" el="47" ec="10" bec="0" bev="0" fileid="1" />
              </SequencePoints>
              <BranchPoints />
              <MethodPoint xsi:type="SequencePoint" vc="1" uspid="5" ordinal="0" offset="0" sl="35" sc="9" el="35" ec="10" bec="0" bev="0" fileid="1" />
            </Method>
            <Method visited="false" cyclomaticComplexity="1" nPathComplexity="0" sequenceCoverage="0" branchCoverage="0" crapScore="2" isConstructor="false" isStatic="false" isGetter="false" isSetter="false">
              <Summary numSequencePoints="5" visitedSequencePoints="0" numBranchPoints="1" visitedBranchPoints="0" sequenceCoverage="0" branchCoverage="0" maxCyclomaticComplexity="1" minCyclomaticComplexity="1" maxCrapScore="2" minCrapScore="2" visitedClasses="0" numClasses="0" visitedMethods="0" numMethods="1" />
              <MetadataToken>100663299</MetadataToken>
              <Name>System.Void hw2Tests.Robot::CleanUp()</Name>
              <FileRef uid="1" />
              <SequencePoints>
                <SequencePoint vc="0" uspid="14" ordinal="0" offset="0" sl="51" sc="9" el="51" ec="10" bec="0" bev="0" fileid="1" />
                <SequencePoint vc="0" uspid="15" ordinal="1" offset="1" sl="52" sc="13" el="52" ec="29" bec="0" bev="0" fileid="1" />
                <SequencePoint vc="0" uspid="16" ordinal="2" offset="14" sl="53" sc="13" el="53" ec="32" bec="0" bev="0" fileid="1" />
                <SequencePoint vc="0" uspid="17" ordinal="3" offset="26" sl="54" sc="13" el="54" ec="31" bec="0" bev="0" fileid="1" />
                <SequencePoint vc="0" uspid="18" ordinal="4" offset="38" sl="55" sc="9" el="55" ec="10" bec="0" bev="0" fileid="1" />
              </SequencePoints>
              <BranchPoints />
              <MethodPoint xsi:type="SequencePoint" vc="0" uspid="14" ordinal="0" offset="0" sl="51" sc="9" el="51" ec="10" bec="0" bev="0" fileid="1" />
            </Method>
            <Method visited="false" cyclomaticComplexity="4" nPathComplexity="2" sequenceCoverage="0" branchCoverage="0" crapScore="20" isConstructor="false" isStatic="false" isGetter="false" isSetter="false">
              <Summary numSequencePoints="22" visitedSequencePoints="0" numBranchPoints="3" visitedBranchPoints="0" sequenceCoverage="0" branchCoverage="0" maxCyclomaticComplexity="4" minCyclomaticComplexity="4" maxCrapScore="20" minCrapScore="20" visitedClasses="0" numClasses="0" visitedMethods="0" numMethods="1" />
              <MetadataToken>100663300</MetadataToken>
              <Name>System.Void hw2Tests.Robot::SwitchTo(System.String)</Name>
              <FileRef uid="1" />
              <SequencePoints>
                <SequencePoint vc="0" uspid="19" ordinal="0" offset="0" sl="59" sc="9" el="59" ec="10" bec="0" bev="0" fileid="1" />
                <SequencePoint vc="0" uspid="20" ordinal="1" offset="1" sl="60" sc="13" el="60" ec="54" bec="2" bev="0" fileid="1" />
                <SequencePoint vc="0" uspid="21" ordinal="2" offset="17" sl="61" sc="13" el="61" ec="14" bec="0" bev="0" fileid="1" />
                <SequencePoint vc="0" uspid="22" ordinal="3" offset="18" sl="62" sc="17" el="62" ec="69" bec="0" bev="0" fileid="1" />
                <SequencePoint vc="0" uspid="23" ordinal="4" offset="47" sl="63" sc="13" el="63" ec="14" bec="0" bev="0" fileid="1" />
                <SequencePoint vc="0" uspid="24" ordinal="5" offset="50" sl="65" sc="13" el="65" ec="14" bec="0" bev="0" fileid="1" />
                <SequencePoint vc="0" uspid="25" ordinal="6" offset="51" sl="66" sc="17" el="66" ec="24" bec="0" bev="0" fileid="1" />
                <SequencePoint vc="0" uspid="26" ordinal="7" offset="52" sl="66" sc="46" el="66" ec="67" bec="0" bev="0" fileid="1" />
                <SequencePoint vc="0" uspid="27" ordinal="8" offset="71" sl="66" sc="26" el="66" ec="42" bec="0" bev="0" fileid="1" />
                <SequencePoint vc="0" uspid="28" ordinal="9" offset="78" sl="67" sc="17" el="67" ec="18" bec="0" bev="0" fileid="1" />
                <SequencePoint vc="0" uspid="29" ordinal="10" offset="79" sl="68" sc="21" el="68" ec="61" bec="0" bev="0" fileid="1" />
                <SequencePoint vc="0" uspid="30" ordinal="11" offset="97" sl="70" sc="21" el="70" ec="22" bec="0" bev="0" fileid="1" />
                <SequencePoint vc="0" uspid="31" ordinal="12" offset="98" sl="71" sc="25" el="71" ec="72" bec="0" bev="0" fileid="1" />
                <SequencePoint vc="0" uspid="32" ordinal="13" offset="111" sl="72" sc="25" el="72" ec="68" bec="0" bev="0" fileid="1" />
                <SequencePoint vc="0" uspid="33" ordinal="14" offset="125" sl="73" sc="25" el="73" ec="32" bec="0" bev="0" fileid="1" />
                <SequencePoint vc="0" uspid="34" ordinal="15" offset="127" sl="75" sc="21" el="75" ec="26" bec="0" bev="0" fileid="1" />
                <SequencePoint vc="0" uspid="35" ordinal="16" offset="128" sl="76" sc="21" el="76" ec="22" bec="0" bev="0" fileid="1" />
                <SequencePoint vc="0" uspid="36" ordinal="17" offset="129" sl="78" sc="21" el="78" ec="22" bec="0" bev="0" fileid="1" />
                <SequencePoint vc="0" uspid="37" ordinal="18" offset="132" sl="79" sc="17" el="79" ec="18" bec="0" bev="0" fileid="1" />
                <SequencePoint vc="0" uspid="38" ordinal="19" offset="133" sl="66" sc="43" el="66" ec="45" bec="0" bev="0" fileid="1" />
                <SequencePoint vc="0" uspid="39" ordinal="20" offset="154" sl="80" sc="13" el="80" ec="14" bec="0" bev="0" fileid="1" />
                <SequencePoint vc="0" uspid="40" ordinal="21" offset="155" sl="81" sc="9" el="81" ec="10" bec="0" bev="0" fileid="1" />
              </SequencePoints>
              <BranchPoints>
                <BranchPoint vc="0" uspid="41" ordinal="0" offset="15" sl="60" path="0" offsetend="17" fileid="1" />
                <BranchPoint vc="0" uspid="42" ordinal="1" offset="15" sl="60" path="1" offsetend="50" fileid="1" />
              </BranchPoints>
              <MethodPoint xsi:type="SequencePoint" vc="0" uspid="19" ordinal="0" offset="0" sl="59" sc="9" el="59" ec="10" bec="0" bev="0" fileid="1" />
            </Method>
            <Method visited="false" cyclomaticComplexity="1" nPathComplexity="0" sequenceCoverage="0" branchCoverage="0" crapScore="2" isConstructor="false" isStatic="false" isGetter="false" isSetter="false">
              <Summary numSequencePoints="3" visitedSequencePoints="0" numBranchPoints="1" visitedBranchPoints="0" sequenceCoverage="0" branchCoverage="0" maxCyclomaticComplexity="1" minCyclomaticComplexity="1" maxCrapScore="2" minCrapScore="2" visitedClasses="0" numClasses="0" visitedMethods="0" numMethods="1" />
              <MetadataToken>100663301</MetadataToken>
              <Name>System.Void hw2Tests.Robot::Sleep(System.Double)</Name>
              <FileRef uid="1" />
              <SequencePoints>
                <SequencePoint vc="0" uspid="45" ordinal="0" offset="0" sl="85" sc="9" el="85" ec="10" bec="0" bev="0" fileid="1" />
                <SequencePoint vc="0" uspid="46" ordinal="1" offset="1" sl="86" sc="13" el="86" ec="54" bec="0" bev="0" fileid="1" />
                <SequencePoint vc="0" uspid="47" ordinal="2" offset="13" sl="87" sc="9" el="87" ec="10" bec="0" bev="0" fileid="1" />
              </SequencePoints>
              <BranchPoints />
              <MethodPoint xsi:type="SequencePoint" vc="0" uspid="45" ordinal="0" offset="0" sl="85" sc="9" el="85" ec="10" bec="0" bev="0" fileid="1" />
            </Method>
            <Method visited="false" cyclomaticComplexity="1" nPathComplexity="0" sequenceCoverage="0" branchCoverage="0" crapScore="2" isConstructor="false" isStatic="false" isGetter="false" isSetter="false">
              <Summary numSequencePoints="2" visitedSequencePoints="0" numBranchPoints="1" visitedBranchPoints="0" sequenceCoverage="0" branchCoverage="0" maxCyclomaticComplexity="1" minCyclomaticComplexity="1" maxCrapScore="2" minCrapScore="2" visitedClasses="0" numClasses="0" visitedMethods="0" numMethods="1" />
              <MetadataToken>100663302</MetadataToken>
              <Name>System.Void hw2Tests.Robot::SetText(System.String,System.String)</Name>
              <FileRef uid="1" />
              <SequencePoints>
                <SequencePoint vc="0" uspid="48" ordinal="0" offset="0" sl="89" sc="9" el="89" ec="10" bec="0" bev="0" fileid="1" />
                <SequencePoint vc="0" uspid="49" ordinal="1" offset="1" sl="91" sc="9" el="91" ec="10" bec="0" bev="0" fileid="1" />
              </SequencePoints>
              <BranchPoints />
              <MethodPoint xsi:type="SequencePoint" vc="0" uspid="48" ordinal="0" offset="0" sl="89" sc="9" el="89" ec="10" bec="0" bev="0" fileid="1" />
            </Method>
            <Method visited="false" cyclomaticComplexity="1" nPathComplexity="0" sequenceCoverage="0" branchCoverage="0" crapScore="2" isConstructor="false" isStatic="false" isGetter="false" isSetter="false">
              <Summary numSequencePoints="3" visitedSequencePoints="0" numBranchPoints="1" visitedBranchPoints="0" sequenceCoverage="0" branchCoverage="0" maxCyclomaticComplexity="1" minCyclomaticComplexity="1" maxCrapScore="2" minCrapScore="2" visitedClasses="0" numClasses="0" visitedMethods="0" numMethods="1" />
              <MetadataToken>100663303</MetadataToken>
              <Name>System.Void hw2Tests.Robot::ClickButton(System.String)</Name>
              <FileRef uid="1" />
              <SequencePoints>
                <SequencePoint vc="0" uspid="50" ordinal="0" offset="0" sl="94" sc="9" el="94" ec="10" bec="0" bev="0" fileid="1" />
                <SequencePoint vc="0" uspid="51" ordinal="1" offset="1" sl="95" sc="13" el="95" ec="53" bec="0" bev="0" fileid="1" />
                <SequencePoint vc="0" uspid="52" ordinal="2" offset="19" sl="96" sc="9" el="96" ec="10" bec="0" bev="0" fileid="1" />
              </SequencePoints>
              <BranchPoints />
              <MethodPoint xsi:type="SequencePoint" vc="0" uspid="50" ordinal="0" offset="0" sl="94" sc="9" el="94" ec="10" bec="0" bev="0" fileid="1" />
            </Method>
            <Method visited="false" cyclomaticComplexity="4" nPathComplexity="2" sequenceCoverage="0" branchCoverage="0" crapScore="20" isConstructor="false" isStatic="false" isGetter="false" isSetter="false">
              <Summary numSequencePoints="11" visitedSequencePoints="0" numBranchPoints="3" visitedBranchPoints="0" sequenceCoverage="0" branchCoverage="0" maxCyclomaticComplexity="4" minCyclomaticComplexity="4" maxCrapScore="20" minCrapScore="20" visitedClasses="0" numClasses="0" visitedMethods="0" numMethods="1" />
              <MetadataToken>100663304</MetadataToken>
              <Name>System.Void hw2Tests.Robot::ClickTabControl(System.String)</Name>
              <FileRef uid="1" />
              <SequencePoints>
                <SequencePoint vc="0" uspid="53" ordinal="0" offset="0" sl="100" sc="9" el="100" ec="10" bec="0" bev="0" fileid="1" />
                <SequencePoint vc="0" uspid="54" ordinal="1" offset="1" sl="101" sc="13" el="101" ec="61" bec="0" bev="0" fileid="1" />
                <SequencePoint vc="0" uspid="55" ordinal="2" offset="14" sl="102" sc="13" el="102" ec="20" bec="0" bev="0" fileid="1" />
                <SequencePoint vc="0" uspid="56" ordinal="3" offset="15" sl="102" sc="37" el="102" ec="45" bec="0" bev="0" fileid="1" />
                <SequencePoint vc="0" uspid="57" ordinal="4" offset="24" sl="102" sc="22" el="102" ec="33" bec="0" bev="0" fileid="1" />
                <SequencePoint vc="0" uspid="58" ordinal="5" offset="31" sl="103" sc="13" el="103" ec="14" bec="0" bev="0" fileid="1" />
                <SequencePoint vc="0" uspid="59" ordinal="6" offset="32" sl="104" sc="17" el="104" ec="62" bec="2" bev="0" fileid="1" />
                <SequencePoint vc="0" uspid="60" ordinal="7" offset="52" sl="105" sc="21" el="105" ec="37" bec="0" bev="0" fileid="1" />
                <SequencePoint vc="0" uspid="61" ordinal="8" offset="59" sl="106" sc="13" el="106" ec="14" bec="0" bev="0" fileid="1" />
                <SequencePoint vc="0" uspid="62" ordinal="9" offset="60" sl="102" sc="34" el="102" ec="36" bec="0" bev="0" fileid="1" />
                <SequencePoint vc="0" uspid="63" ordinal="10" offset="81" sl="107" sc="9" el="107" ec="10" bec="0" bev="0" fileid="1" />
              </SequencePoints>
              <BranchPoints>
                <BranchPoint vc="0" uspid="64" ordinal="0" offset="50" sl="104" path="0" offsetend="52" fileid="1" />
                <BranchPoint vc="0" uspid="65" ordinal="1" offset="50" sl="104" path="1" offsetend="59" fileid="1" />
              </BranchPoints>
              <MethodPoint xsi:type="SequencePoint" vc="0" uspid="53" ordinal="0" offset="0" sl="100" sc="9" el="100" ec="10" bec="0" bev="0" fileid="1" />
            </Method>
            <Method visited="false" cyclomaticComplexity="1" nPathComplexity="0" sequenceCoverage="0" branchCoverage="0" crapScore="2" isConstructor="false" isStatic="false" isGetter="false" isSetter="false">
              <Summary numSequencePoints="3" visitedSequencePoints="0" numBranchPoints="1" visitedBranchPoints="0" sequenceCoverage="0" branchCoverage="0" maxCyclomaticComplexity="1" minCyclomaticComplexity="1" maxCrapScore="2" minCrapScore="2" visitedClasses="0" numClasses="0" visitedMethods="0" numMethods="1" />
              <MetadataToken>100663305</MetadataToken>
              <Name>System.Void hw2Tests.Robot::CloseWindow()</Name>
              <FileRef uid="1" />
              <SequencePoints>
                <SequencePoint vc="0" uspid="68" ordinal="0" offset="0" sl="111" sc="9" el="111" ec="10" bec="0" bev="0" fileid="1" />
                <SequencePoint vc="0" uspid="69" ordinal="1" offset="1" sl="112" sc="13" el="112" ec="40" bec="0" bev="0" fileid="1" />
                <SequencePoint vc="0" uspid="70" ordinal="2" offset="12" sl="113" sc="9" el="113" ec="10" bec="0" bev="0" fileid="1" />
              </SequencePoints>
              <BranchPoints />
              <MethodPoint xsi:type="SequencePoint" vc="0" uspid="68" ordinal="0" offset="0" sl="111" sc="9" el="111" ec="10" bec="0" bev="0" fileid="1" />
            </Method>
            <Method visited="false" cyclomaticComplexity="1" nPathComplexity="0" sequenceCoverage="0" branchCoverage="0" crapScore="2" isConstructor="false" isStatic="false" isGetter="false" isSetter="false">
              <Summary numSequencePoints="3" visitedSequencePoints="0" numBranchPoints="1" visitedBranchPoints="0" sequenceCoverage="0" branchCoverage="0" maxCyclomaticComplexity="1" minCyclomaticComplexity="1" maxCrapScore="2" minCrapScore="2" visitedClasses="0" numClasses="0" visitedMethods="0" numMethods="1" />
              <MetadataToken>100663306</MetadataToken>
              <Name>System.Void hw2Tests.Robot::CloseMessageBox()</Name>
              <FileRef uid="1" />
              <SequencePoints>
                <SequencePoint vc="0" uspid="71" ordinal="0" offset="0" sl="117" sc="9" el="117" ec="10" bec="0" bev="0" fileid="1" />
                <SequencePoint vc="0" uspid="72" ordinal="1" offset="1" sl="118" sc="13" el="118" ec="53" bec="0" bev="0" fileid="1" />
                <SequencePoint vc="0" uspid="73" ordinal="2" offset="23" sl="119" sc="9" el="119" ec="10" bec="0" bev="0" fileid="1" />
              </SequencePoints>
              <BranchPoints />
              <MethodPoint xsi:type="SequencePoint" vc="0" uspid="71" ordinal="0" offset="0" sl="117" sc="9" el="117" ec="10" bec="0" bev="0" fileid="1" />
            </Method>
            <Method visited="false" cyclomaticComplexity="1" nPathComplexity="0" sequenceCoverage="0" branchCoverage="0" crapScore="2" isConstructor="false" isStatic="false" isGetter="false" isSetter="false">
              <Summary numSequencePoints="4" visitedSequencePoints="0" numBranchPoints="1" visitedBranchPoints="0" sequenceCoverage="0" branchCoverage="0" maxCyclomaticComplexity="1" minCyclomaticComplexity="1" maxCrapScore="2" minCrapScore="2" visitedClasses="0" numClasses="0" visitedMethods="0" numMethods="1" />
              <MetadataToken>100663307</MetadataToken>
              <Name>System.Void hw2Tests.Robot::ClickDataGridViewCellBy(System.String,System.Int32,System.String)</Name>
              <FileRef uid="1" />
              <SequencePoints>
                <SequencePoint vc="0" uspid="74" ordinal="0" offset="0" sl="123" sc="9" el="123" ec="10" bec="0" bev="0" fileid="1" />
                <SequencePoint vc="0" uspid="75" ordinal="1" offset="1" sl="124" sc="13" el="124" ec="75" bec="0" bev="0" fileid="1" />
                <SequencePoint vc="0" uspid="76" ordinal="2" offset="14" sl="125" sc="13" el="125" ec="79" bec="0" bev="0" fileid="1" />
                <SequencePoint vc="0" uspid="77" ordinal="3" offset="48" sl="126" sc="9" el="126" ec="10" bec="0" bev="0" fileid="1" />
              </SequencePoints>
              <BranchPoints />
              <MethodPoint xsi:type="SequencePoint" vc="0" uspid="74" ordinal="0" offset="0" sl="123" sc="9" el="123" ec="10" bec="0" bev="0" fileid="1" />
            </Method>
            <Method visited="false" cyclomaticComplexity="1" nPathComplexity="0" sequenceCoverage="0" branchCoverage="0" crapScore="2" isConstructor="false" isStatic="false" isGetter="false" isSetter="false">
              <Summary numSequencePoints="4" visitedSequencePoints="0" numBranchPoints="1" visitedBranchPoints="0" sequenceCoverage="0" branchCoverage="0" maxCyclomaticComplexity="1" minCyclomaticComplexity="1" maxCrapScore="2" minCrapScore="2" visitedClasses="0" numClasses="0" visitedMethods="0" numMethods="1" />
              <MetadataToken>100663308</MetadataToken>
              <Name>System.Void hw2Tests.Robot::AssertEnable(System.String,System.Boolean)</Name>
              <FileRef uid="1" />
              <SequencePoints>
                <SequencePoint vc="0" uspid="78" ordinal="0" offset="0" sl="130" sc="9" el="130" ec="10" bec="0" bev="0" fileid="1" />
                <SequencePoint vc="0" uspid="79" ordinal="1" offset="1" sl="131" sc="13" el="131" ec="70" bec="0" bev="0" fileid="1" />
                <SequencePoint vc="0" uspid="80" ordinal="2" offset="14" sl="132" sc="13" el="132" ec="53" bec="0" bev="0" fileid="1" />
                <SequencePoint vc="0" uspid="81" ordinal="3" offset="27" sl="133" sc="9" el="133" ec="10" bec="0" bev="0" fileid="1" />
              </SequencePoints>
              <BranchPoints />
              <MethodPoint xsi:type="SequencePoint" vc="0" uspid="78" ordinal="0" offset="0" sl="130" sc="9" el="130" ec="10" bec="0" bev="0" fileid="1" />
            </Method>
            <Method visited="false" cyclomaticComplexity="4" nPathComplexity="8" sequenceCoverage="0" branchCoverage="0" crapScore="20" isConstructor="false" isStatic="false" isGetter="false" isSetter="false">
              <Summary numSequencePoints="11" visitedSequencePoints="0" numBranchPoints="7" visitedBranchPoints="0" sequenceCoverage="0" branchCoverage="0" maxCyclomaticComplexity="4" minCyclomaticComplexity="4" maxCrapScore="20" minCrapScore="20" visitedClasses="0" numClasses="0" visitedMethods="0" numMethods="1" />
              <MetadataToken>100663309</MetadataToken>
              <Name>System.Void hw2Tests.Robot::AssertCheck(System.String,System.Boolean)</Name>
              <FileRef uid="1" />
              <SequencePoints>
                <SequencePoint vc="0" uspid="82" ordinal="0" offset="0" sl="135" sc="9" el="135" ec="10" bec="0" bev="0" fileid="1" />
                <SequencePoint vc="0" uspid="83" ordinal="1" offset="1" sl="136" sc="13" el="136" ec="59" bec="0" bev="0" fileid="1" />
                <SequencePoint vc="0" uspid="84" ordinal="2" offset="14" sl="139" sc="13" el="139" ec="23" bec="2" bev="0" fileid="1" />
                <SequencePoint vc="0" uspid="85" ordinal="3" offset="19" sl="140" sc="13" el="140" ec="14" bec="0" bev="0" fileid="1" />
                <SequencePoint vc="0" uspid="86" ordinal="4" offset="20" sl="141" sc="17" el="141" ec="121" bec="4" bev="0" fileid="1" />
                <SequencePoint vc="0" uspid="87" ordinal="5" offset="71" sl="142" sc="17" el="142" ec="45" bec="0" bev="0" fileid="1" />
                <SequencePoint vc="0" uspid="88" ordinal="6" offset="79" sl="143" sc="13" el="143" ec="14" bec="0" bev="0" fileid="1" />
                <SequencePoint vc="0" uspid="89" ordinal="7" offset="82" sl="145" sc="13" el="145" ec="14" bec="0" bev="0" fileid="1" />
                <SequencePoint vc="0" uspid="90" ordinal="8" offset="83" sl="146" sc="17" el="146" ec="81" bec="0" bev="0" fileid="1" />
                <SequencePoint vc="0" uspid="91" ordinal="9" offset="105" sl="147" sc="13" el="147" ec="14" bec="0" bev="0" fileid="1" />
                <SequencePoint vc="0" uspid="92" ordinal="10" offset="106" sl="149" sc="9" el="149" ec="10" bec="0" bev="0" fileid="1" />
              </SequencePoints>
              <BranchPoints>
                <BranchPoint vc="0" uspid="93" ordinal="0" offset="17" sl="139" path="0" offsetend="19" fileid="1" />
                <BranchPoint vc="0" uspid="94" ordinal="1" offset="17" sl="139" path="1" offsetend="82" fileid="1" />
                <BranchPoint vc="0" uspid="95" ordinal="2" offset="41" sl="141" path="0" offsetend="43" fileid="1" />
                <BranchPoint vc="0" uspid="96" ordinal="3" offset="41" sl="141" path="1" offsetend="66" fileid="1" />
                <BranchPoint vc="0" uspid="97" ordinal="4" offset="69" sl="141" path="0" offsetend="71" fileid="1" />
                <BranchPoint vc="0" uspid="98" ordinal="5" offset="69" sl="141" path="1" offsetend="79" fileid="1" />
              </BranchPoints>
              <MethodPoint xsi:type="SequencePoint" vc="0" uspid="82" ordinal="0" offset="0" sl="135" sc="9" el="135" ec="10" bec="0" bev="0" fileid="1" />
            </Method>
            <Method visited="false" cyclomaticComplexity="1" nPathComplexity="0" sequenceCoverage="0" branchCoverage="0" crapScore="2" isConstructor="false" isStatic="false" isGetter="false" isSetter="false">
              <Summary numSequencePoints="4" visitedSequencePoints="0" numBranchPoints="1" visitedBranchPoints="0" sequenceCoverage="0" branchCoverage="0" maxCyclomaticComplexity="1" minCyclomaticComplexity="1" maxCrapScore="2" minCrapScore="2" visitedClasses="0" numClasses="0" visitedMethods="0" numMethods="1" />
              <MetadataToken>100663310</MetadataToken>
              <Name>System.Void hw2Tests.Robot::AssertText(System.String,System.String)</Name>
              <FileRef uid="1" />
              <SequencePoints>
                <SequencePoint vc="0" uspid="99" ordinal="0" offset="0" sl="153" sc="9" el="153" ec="10" bec="0" bev="0" fileid="1" />
                <SequencePoint vc="0" uspid="100" ordinal="1" offset="1" sl="154" sc="13" el="154" ec="81" bec="0" bev="0" fileid="1" />
                <SequencePoint vc="0" uspid="101" ordinal="2" offset="14" sl="155" sc="13" el="155" ec="49" bec="0" bev="0" fileid="1" />
                <SequencePoint vc="0" uspid="102" ordinal="3" offset="27" sl="156" sc="9" el="156" ec="10" bec="0" bev="0" fileid="1" />
              </SequencePoints>
              <BranchPoints />
              <MethodPoint xsi:type="SequencePoint" vc="0" uspid="99" ordinal="0" offset="0" sl="153" sc="9" el="153" ec="10" bec="0" bev="0" fileid="1" />
            </Method>
            <Method visited="false" cyclomaticComplexity="2" nPathComplexity="2" sequenceCoverage="0" branchCoverage="0" crapScore="6" isConstructor="false" isStatic="false" isGetter="false" isSetter="false">
              <Summary numSequencePoints="12" visitedSequencePoints="0" numBranchPoints="3" visitedBranchPoints="0" sequenceCoverage="0" branchCoverage="0" maxCyclomaticComplexity="2" minCyclomaticComplexity="2" maxCrapScore="6" minCrapScore="6" visitedClasses="0" numClasses="0" visitedMethods="0" numMethods="1" />
              <MetadataToken>100663311</MetadataToken>
              <Name>System.Void hw2Tests.Robot::AssertDataGridViewShape(System.String,System.Int32,System.String[])</Name>
              <FileRef uid="1" />
              <SequencePoints>
                <SequencePoint vc="0" uspid="103" ordinal="0" offset="0" sl="160" sc="9" el="160" ec="10" bec="0" bev="0" fileid="1" />
                <SequencePoint vc="0" uspid="104" ordinal="1" offset="1" sl="161" sc="13" el="161" ec="91" bec="0" bev="0" fileid="1" />
                <SequencePoint vc="0" uspid="105" ordinal="2" offset="18" sl="162" sc="13" el="162" ec="105" bec="0" bev="0" fileid="1" />
                <SequencePoint vc="0" uspid="106" ordinal="3" offset="51" sl="163" sc="18" el="163" ec="27" bec="0" bev="0" fileid="1" />
                <SequencePoint vc="0" uspid="107" ordinal="4" offset="55" sl="164" sc="13" el="164" ec="14" bec="0" bev="0" fileid="1" />
                <SequencePoint vc="0" uspid="108" ordinal="5" offset="56" sl="165" sc="17" el="165" ec="60" bec="0" bev="0" fileid="1" />
                <SequencePoint vc="0" uspid="109" ordinal="6" offset="67" sl="166" sc="17" el="166" ec="92" bec="0" bev="0" fileid="1" />
                <SequencePoint vc="0" uspid="110" ordinal="7" offset="106" sl="167" sc="17" el="168" ec="117" bec="0" bev="0" fileid="1" />
                <SequencePoint vc="0" uspid="111" ordinal="8" offset="150" sl="169" sc="13" el="169" ec="14" bec="0" bev="0" fileid="1" />
                <SequencePoint vc="0" uspid="112" ordinal="9" offset="151" sl="163" sc="49" el="163" ec="52" bec="0" bev="0" fileid="1" />
                <SequencePoint vc="0" uspid="113" ordinal="10" offset="155" sl="163" sc="29" el="163" ec="47" bec="2" bev="0" fileid="1" />
                <SequencePoint vc="0" uspid="114" ordinal="11" offset="170" sl="170" sc="9" el="170" ec="10" bec="0" bev="0" fileid="1" />
              </SequencePoints>
              <BranchPoints>
                <BranchPoint vc="0" uspid="115" ordinal="0" offset="168" sl="163" path="0" offsetend="170" fileid="1" />
                <BranchPoint vc="0" uspid="116" ordinal="1" offset="168" sl="163" path="1" offsetend="55" fileid="1" />
              </BranchPoints>
              <MethodPoint xsi:type="SequencePoint" vc="0" uspid="103" ordinal="0" offset="0" sl="160" sc="9" el="160" ec="10" bec="0" bev="0" fileid="1" />
            </Method>
            <Method visited="false" cyclomaticComplexity="1" nPathComplexity="0" sequenceCoverage="0" branchCoverage="0" crapScore="2" isConstructor="false" isStatic="false" isGetter="false" isSetter="false">
              <Summary numSequencePoints="2" visitedSequencePoints="0" numBranchPoints="1" visitedBranchPoints="0" sequenceCoverage="0" branchCoverage="0" maxCyclomaticComplexity="1" minCyclomaticComplexity="1" maxCrapScore="2" minCrapScore="2" visitedClasses="0" numClasses="0" visitedMethods="0" numMethods="1" />
              <MetadataToken>100663312</MetadataToken>
              <Name>System.Void hw2Tests.Robot::DeleteDataGridViewRowDataBy(System.String)</Name>
              <FileRef uid="1" />
              <SequencePoints>
                <SequencePoint vc="0" uspid="117" ordinal="0" offset="0" sl="173" sc="9" el="173" ec="10" bec="0" bev="0" fileid="1" />
                <SequencePoint vc="0" uspid="118" ordinal="1" offset="1" sl="175" sc="9" el="175" ec="10" bec="0" bev="0" fileid="1" />
              </SequencePoints>
              <BranchPoints />
              <MethodPoint xsi:type="SequencePoint" vc="0" uspid="117" ordinal="0" offset="0" sl="173" sc="9" el="173" ec="10" bec="0" bev="0" fileid="1" />
            </Method>
            <Method visited="false" cyclomaticComplexity="2" nPathComplexity="2" sequenceCoverage="0" branchCoverage="0" crapScore="6" isConstructor="false" isStatic="false" isGetter="false" isSetter="false">
              <Summary numSequencePoints="10" visitedSequencePoints="0" numBranchPoints="3" visitedBranchPoints="0" sequenceCoverage="0" branchCoverage="0" maxCyclomaticComplexity="2" minCyclomaticComplexity="2" maxCrapScore="6" minCrapScore="6" visitedClasses="0" numClasses="0" visitedMethods="0" numMethods="1" />
              <MetadataToken>100663313</MetadataToken>
              <Name>System.Void hw2Tests.Robot::AssertDataGridViewRowDataBy(System.String,System.Int32,System.String[])</Name>
              <FileRef uid="1" />
              <SequencePoints>
                <SequencePoint vc="0" uspid="119" ordinal="0" offset="0" sl="177" sc="9" el="177" ec="10" bec="0" bev="0" fileid="1" />
                <SequencePoint vc="0" uspid="120" ordinal="1" offset="1" sl="178" sc="13" el="178" ec="75" bec="0" bev="0" fileid="1" />
                <SequencePoint vc="0" uspid="121" ordinal="2" offset="14" sl="179" sc="13" el="179" ec="105" bec="0" bev="0" fileid="1" />
                <SequencePoint vc="0" uspid="122" ordinal="3" offset="47" sl="182" sc="18" el="182" ec="27" bec="0" bev="0" fileid="1" />
                <SequencePoint vc="0" uspid="123" ordinal="4" offset="51" sl="183" sc="13" el="183" ec="14" bec="0" bev="0" fileid="1" />
                <SequencePoint vc="0" uspid="124" ordinal="5" offset="52" sl="184" sc="17" el="184" ec="86" bec="0" bev="0" fileid="1" />
                <SequencePoint vc="0" uspid="125" ordinal="6" offset="90" sl="185" sc="13" el="185" ec="14" bec="0" bev="0" fileid="1" />
                <SequencePoint vc="0" uspid="126" ordinal="7" offset="91" sl="182" sc="49" el="182" ec="52" bec="0" bev="0" fileid="1" />
                <SequencePoint vc="0" uspid="127" ordinal="8" offset="95" sl="182" sc="29" el="182" ec="47" bec="2" bev="0" fileid="1" />
                <SequencePoint vc="0" uspid="128" ordinal="9" offset="108" sl="186" sc="9" el="186" ec="10" bec="0" bev="0" fileid="1" />
              </SequencePoints>
              <BranchPoints>
                <BranchPoint vc="0" uspid="129" ordinal="0" offset="106" sl="182" path="0" offsetend="108" fileid="1" />
                <BranchPoint vc="0" uspid="130" ordinal="1" offset="106" sl="182" path="1" offsetend="51" fileid="1" />
              </BranchPoints>
              <MethodPoint xsi:type="SequencePoint" vc="0" uspid="119" ordinal="0" offset="0" sl="177" sc="9" el="177" ec="10" bec="0" bev="0" fileid="1" />
            </Method>
            <Method visited="false" cyclomaticComplexity="5" nPathComplexity="16" sequenceCoverage="0" branchCoverage="0" crapScore="30" isConstructor="false" isStatic="false" isGetter="false" isSetter="false">
              <Summary numSequencePoints="17" visitedSequencePoints="0" numBranchPoints="9" visitedBranchPoints="0" sequenceCoverage="0" branchCoverage="0" maxCyclomaticComplexity="5" minCyclomaticComplexity="5" maxCrapScore="30" minCrapScore="30" visitedClasses="0" numClasses="0" visitedMethods="0" numMethods="1" />
              <MetadataToken>100663314</MetadataToken>
              <Name>System.Void hw2Tests.Robot::AssertDataGridViewRowCountBy(System.String,System.Int32)</Name>
              <FileRef uid="1" />
              <SequencePoints>
                <SequencePoint vc="0" uspid="131" ordinal="0" offset="0" sl="190" sc="9" el="190" ec="10" bec="0" bev="0" fileid="1" />
                <SequencePoint vc="0" uspid="132" ordinal="1" offset="1" sl="191" sc="13" el="191" ec="75" bec="0" bev="0" fileid="1" />
                <SequencePoint vc="0" uspid="133" ordinal="2" offset="14" sl="193" sc="13" el="193" ec="87" bec="0" bev="0" fileid="1" />
                <SequencePoint vc="0" uspid="134" ordinal="3" offset="51" sl="194" sc="13" el="194" ec="76" bec="0" bev="0" fileid="1" />
                <SequencePoint vc="0" uspid="135" ordinal="4" offset="60" sl="197" sc="13" el="197" ec="14" bec="0" bev="0" fileid="1" />
                <SequencePoint vc="0" uspid="136" ordinal="5" offset="61" sl="198" sc="17" el="198" ec="71" bec="0" bev="0" fileid="1" />
                <SequencePoint vc="0" uspid="137" ordinal="6" offset="73" sl="199" sc="13" el="199" ec="14" bec="0" bev="0" fileid="1" />
                <SequencePoint vc="0" uspid="138" ordinal="7" offset="74" sl="196" sc="13" el="196" ec="106" bec="4" bev="0" fileid="1" />
                <SequencePoint vc="0" uspid="139" ordinal="8" offset="120" sl="201" sc="13" el="201" ec="33" bec="2" bev="0" fileid="1" />
                <SequencePoint vc="0" uspid="140" ordinal="9" offset="133" sl="202" sc="13" el="202" ec="14" bec="0" bev="0" fileid="1" />
                <SequencePoint vc="0" uspid="141" ordinal="10" offset="134" sl="203" sc="17" el="203" ec="105" bec="0" bev="0" fileid="1" />
                <SequencePoint vc="0" uspid="142" ordinal="11" offset="152" sl="205" sc="17" el="205" ec="41" bec="2" bev="0" fileid="1" />
                <SequencePoint vc="0" uspid="143" ordinal="12" offset="163" sl="206" sc="17" el="206" ec="18" bec="0" bev="0" fileid="1" />
                <SequencePoint vc="0" uspid="144" ordinal="13" offset="164" sl="207" sc="21" el="207" ec="77" bec="0" bev="0" fileid="1" />
                <SequencePoint vc="0" uspid="145" ordinal="14" offset="187" sl="208" sc="17" el="208" ec="18" bec="0" bev="0" fileid="1" />
                <SequencePoint vc="0" uspid="146" ordinal="15" offset="188" sl="209" sc="13" el="209" ec="14" bec="0" bev="0" fileid="1" />
                <SequencePoint vc="0" uspid="147" ordinal="16" offset="189" sl="210" sc="9" el="210" ec="10" bec="0" bev="0" fileid="1" />
              </SequencePoints>
              <BranchPoints>
                <BranchPoint vc="0" uspid="148" ordinal="0" offset="81" sl="196" path="0" offsetend="83" fileid="1" />
                <BranchPoint vc="0" uspid="149" ordinal="1" offset="81" sl="196" path="1" offsetend="113" fileid="1" />
                <BranchPoint vc="0" uspid="150" ordinal="2" offset="118" sl="196" path="0" offsetend="120" fileid="1" />
                <BranchPoint vc="0" uspid="151" ordinal="3" offset="118" sl="196" path="1" offsetend="60" fileid="1" />
                <BranchPoint vc="0" uspid="152" ordinal="4" offset="131" sl="201" path="0" offsetend="133" fileid="1" />
                <BranchPoint vc="0" uspid="153" ordinal="5" offset="131" sl="201" path="1" offsetend="189" fileid="1" />
                <BranchPoint vc="0" uspid="154" ordinal="6" offset="161" sl="205" path="0" offsetend="163" fileid="1" />
                <BranchPoint vc="0" uspid="155" ordinal="7" offset="161" sl="205" path="1" offsetend="188" fileid="1" />
              </BranchPoints>
              <MethodPoint xsi:type="SequencePoint" vc="0" uspid="131" ordinal="0" offset="0" sl="190" sc="9" el="190" ec="10" bec="0" bev="0" fileid="1" />
            </Method>
            <Method visited="false" cyclomaticComplexity="1" nPathComplexity="0" sequenceCoverage="0" branchCoverage="0" crapScore="2" isConstructor="false" isStatic="false" isGetter="false" isSetter="false">
              <Summary numSequencePoints="18" visitedSequencePoints="0" numBranchPoints="1" visitedBranchPoints="0" sequenceCoverage="0" branchCoverage="0" maxCyclomaticComplexity="1" minCyclomaticComplexity="1" maxCrapScore="2" minCrapScore="2" visitedClasses="0" numClasses="0" visitedMethods="0" numMethods="1" />
              <MetadataToken>100663315</MetadataToken>
              <Name>System.Void hw2Tests.Robot::DataGridViewAddData(System.String,System.String,System.String,System.String,System.String,System.String)</Name>
              <FileRef uid="1" />
              <SequencePoints>
                <SequencePoint vc="0" uspid="156" ordinal="0" offset="0" sl="212" sc="9" el="212" ec="10" bec="0" bev="0" fileid="1" />
                <SequencePoint vc="0" uspid="157" ordinal="1" offset="1" sl="213" sc="13" el="213" ec="93" bec="0" bev="0" fileid="1" />
                <SequencePoint vc="0" uspid="158" ordinal="2" offset="18" sl="215" sc="13" el="215" ec="29" bec="0" bev="0" fileid="1" />
                <SequencePoint vc="0" uspid="159" ordinal="3" offset="25" sl="216" sc="13" el="216" ec="81" bec="0" bev="0" fileid="1" />
                <SequencePoint vc="0" uspid="160" ordinal="4" offset="38" sl="217" sc="13" el="217" ec="30" bec="0" bev="0" fileid="1" />
                <SequencePoint vc="0" uspid="161" ordinal="5" offset="51" sl="218" sc="13" el="218" ec="74" bec="0" bev="0" fileid="1" />
                <SequencePoint vc="0" uspid="162" ordinal="6" offset="68" sl="219" sc="13" el="219" ec="39" bec="0" bev="0" fileid="1" />
                <SequencePoint vc="0" uspid="163" ordinal="7" offset="76" sl="220" sc="13" el="220" ec="68" bec="0" bev="0" fileid="1" />
                <SequencePoint vc="0" uspid="164" ordinal="8" offset="93" sl="221" sc="13" el="221" ec="33" bec="0" bev="0" fileid="1" />
                <SequencePoint vc="0" uspid="165" ordinal="9" offset="101" sl="222" sc="13" el="222" ec="68" bec="0" bev="0" fileid="1" />
                <SequencePoint vc="0" uspid="166" ordinal="10" offset="118" sl="223" sc="13" el="223" ec="33" bec="0" bev="0" fileid="1" />
                <SequencePoint vc="0" uspid="167" ordinal="11" offset="127" sl="224" sc="13" el="224" ec="68" bec="0" bev="0" fileid="1" />
                <SequencePoint vc="0" uspid="168" ordinal="12" offset="144" sl="225" sc="13" el="225" ec="33" bec="0" bev="0" fileid="1" />
                <SequencePoint vc="0" uspid="169" ordinal="13" offset="153" sl="226" sc="13" el="226" ec="68" bec="0" bev="0" fileid="1" />
                <SequencePoint vc="0" uspid="170" ordinal="14" offset="170" sl="227" sc="13" el="227" ec="33" bec="0" bev="0" fileid="1" />
                <SequencePoint vc="0" uspid="171" ordinal="15" offset="179" sl="228" sc="13" el="228" ec="55" bec="0" bev="0" fileid="1" />
                <SequencePoint vc="0" uspid="172" ordinal="16" offset="196" sl="229" sc="13" el="229" ec="29" bec="0" bev="0" fileid="1" />
                <SequencePoint vc="0" uspid="173" ordinal="17" offset="203" sl="231" sc="9" el="231" ec="10" bec="0" bev="0" fileid="1" />
              </SequencePoints>
              <BranchPoints />
              <MethodPoint xsi:type="SequencePoint" vc="0" uspid="156" ordinal="0" offset="0" sl="212" sc="9" el="212" ec="10" bec="0" bev="0" fileid="1" />
            </Method>
            <Method visited="false" cyclomaticComplexity="1" nPathComplexity="0" sequenceCoverage="0" branchCoverage="0" crapScore="2" isConstructor="false" isStatic="false" isGetter="false" isSetter="false">
              <Summary numSequencePoints="8" visitedSequencePoints="0" numBranchPoints="1" visitedBranchPoints="0" sequenceCoverage="0" branchCoverage="0" maxCyclomaticComplexity="1" minCyclomaticComplexity="1" maxCrapScore="2" minCrapScore="2" visitedClasses="0" numClasses="0" visitedMethods="0" numMethods="1" />
              <MetadataToken>100663316</MetadataToken>
              <Name>System.Void hw2Tests.Robot::TextAlter(System.Int32,System.Int32,System.String)</Name>
              <FileRef uid="1" />
              <SequencePoints>
                <SequencePoint vc="0" uspid="174" ordinal="0" offset="0" sl="233" sc="9" el="233" ec="10" bec="0" bev="0" fileid="1" />
                <SequencePoint vc="0" uspid="175" ordinal="1" offset="1" sl="234" sc="13" el="234" ec="47" bec="0" bev="0" fileid="1" />
                <SequencePoint vc="0" uspid="176" ordinal="2" offset="13" sl="235" sc="13" el="235" ec="73" bec="0" bev="0" fileid="1" />
                <SequencePoint vc="0" uspid="177" ordinal="3" offset="32" sl="236" sc="13" el="236" ec="74" bec="0" bev="0" fileid="1" />
                <SequencePoint vc="0" uspid="178" ordinal="4" offset="49" sl="237" sc="13" el="237" ec="35" bec="0" bev="0" fileid="1" />
                <SequencePoint vc="0" uspid="179" ordinal="5" offset="57" sl="238" sc="13" el="238" ec="55" bec="0" bev="0" fileid="1" />
                <SequencePoint vc="0" uspid="180" ordinal="6" offset="74" sl="239" sc="13" el="239" ec="29" bec="0" bev="0" fileid="1" />
                <SequencePoint vc="0" uspid="181" ordinal="7" offset="81" sl="240" sc="9" el="240" ec="10" bec="0" bev="0" fileid="1" />
              </SequencePoints>
              <BranchPoints />
              <MethodPoint xsi:type="SequencePoint" vc="0" uspid="174" ordinal="0" offset="0" sl="233" sc="9" el="233" ec="10" bec="0" bev="0" fileid="1" />
            </Method>
            <Method visited="false" cyclomaticComplexity="1" nPathComplexity="0" sequenceCoverage="0" branchCoverage="0" crapScore="2" isConstructor="false" isStatic="false" isGetter="false" isSetter="false">
              <Summary numSequencePoints="5" visitedSequencePoints="0" numBranchPoints="1" visitedBranchPoints="0" sequenceCoverage="0" branchCoverage="0" maxCyclomaticComplexity="1" minCyclomaticComplexity="1" maxCrapScore="2" minCrapScore="2" visitedClasses="0" numClasses="0" visitedMethods="0" numMethods="1" />
              <MetadataToken>100663317</MetadataToken>
              <Name>System.Void hw2Tests.Robot::AssertText(System.String,System.Int32,System.String)</Name>
              <FileRef uid="1" />
              <SequencePoints>
                <SequencePoint vc="0" uspid="182" ordinal="0" offset="0" sl="243" sc="9" el="243" ec="10" bec="0" bev="0" fileid="1" />
                <SequencePoint vc="0" uspid="183" ordinal="1" offset="1" sl="244" sc="13" el="244" ec="75" bec="0" bev="0" fileid="1" />
                <SequencePoint vc="0" uspid="184" ordinal="2" offset="14" sl="245" sc="13" el="245" ec="105" bec="0" bev="0" fileid="1" />
                <SequencePoint vc="0" uspid="185" ordinal="3" offset="47" sl="246" sc="13" el="246" ec="52" bec="0" bev="0" fileid="1" />
                <SequencePoint vc="0" uspid="186" ordinal="4" offset="66" sl="247" sc="9" el="247" ec="10" bec="0" bev="0" fileid="1" />
              </SequencePoints>
              <BranchPoints />
              <MethodPoint xsi:type="SequencePoint" vc="0" uspid="182" ordinal="0" offset="0" sl="243" sc="9" el="243" ec="10" bec="0" bev="0" fileid="1" />
            </Method>
            <Method visited="false" cyclomaticComplexity="1" nPathComplexity="0" sequenceCoverage="0" branchCoverage="0" crapScore="2" isConstructor="false" isStatic="false" isGetter="false" isSetter="false">
              <Summary numSequencePoints="7" visitedSequencePoints="0" numBranchPoints="1" visitedBranchPoints="0" sequenceCoverage="0" branchCoverage="0" maxCyclomaticComplexity="1" minCyclomaticComplexity="1" maxCrapScore="2" minCrapScore="2" visitedClasses="0" numClasses="0" visitedMethods="0" numMethods="1" />
              <MetadataToken>100663318</MetadataToken>
              <Name>System.Void hw2Tests.Robot::DragAndDropByCoordinates(System.Int32,System.Int32,System.Int32,System.Int32)</Name>
              <FileRef uid="1" />
              <SequencePoints>
                <SequencePoint vc="0" uspid="187" ordinal="0" offset="0" sl="249" sc="9" el="249" ec="10" bec="0" bev="0" fileid="1" />
                <SequencePoint vc="0" uspid="188" ordinal="1" offset="1" sl="251" sc="13" el="251" ec="41" bec="0" bev="0" fileid="1" />
                <SequencePoint vc="0" uspid="189" ordinal="2" offset="5" sl="252" sc="13" el="252" ec="41" bec="0" bev="0" fileid="1" />
                <SequencePoint vc="0" uspid="190" ordinal="3" offset="10" sl="255" sc="13" el="255" ec="47" bec="0" bev="0" fileid="1" />
                <SequencePoint vc="0" uspid="191" ordinal="4" offset="22" sl="260" sc="13" el="261" ec="45" bec="0" bev="0" fileid="1" />
                <SequencePoint vc="0" uspid="192" ordinal="5" offset="41" sl="263" sc="13" el="265" ec="24" bec="0" bev="0" fileid="1" />
                <SequencePoint vc="0" uspid="193" ordinal="6" offset="60" sl="278" sc="9" el="278" ec="10" bec="0" bev="0" fileid="1" />
              </SequencePoints>
              <BranchPoints />
              <MethodPoint xsi:type="SequencePoint" vc="0" uspid="187" ordinal="0" offset="0" sl="249" sc="9" el="249" ec="10" bec="0" bev="0" fileid="1" />
            </Method>
          </Methods>
        </Class>
        <Class>
          <Summary numSequencePoints="85" visitedSequencePoints="7" numBranchPoints="12" visitedBranchPoints="2" sequenceCoverage="8.24" branchCoverage="16.67" maxCyclomaticComplexity="5" minCyclomaticComplexity="1" maxCrapScore="30" minCrapScore="1.00" visitedClasses="1" numClasses="1" visitedMethods="2" numMethods="4" />
          <FullName>hw2.Models.Tests.MainFormUITest</FullName>
          <Methods>
            <Method visited="true" cyclomaticComplexity="1" nPathComplexity="0" sequenceCoverage="83.33" branchCoverage="100" crapScore="1.00" isConstructor="false" isStatic="false" isGetter="false" isSetter="false">
              <Summary numSequencePoints="6" visitedSequencePoints="5" numBranchPoints="1" visitedBranchPoints="1" sequenceCoverage="83.33" branchCoverage="100" maxCyclomaticComplexity="1" minCyclomaticComplexity="1" maxCrapScore="1.00" minCrapScore="1.00" visitedClasses="0" numClasses="0" visitedMethods="1" numMethods="1" />
              <MetadataToken>100663319</MetadataToken>
              <Name>System.Void hw2.Models.Tests.MainFormUITest::Initialize()</Name>
              <FileRef uid="2" />
              <SequencePoints>
                <SequencePoint vc="1" uspid="194" ordinal="0" offset="0" sl="29" sc="9" el="29" ec="10" bec="0" bev="0" fileid="2" />
                <SequencePoint vc="1" uspid="195" ordinal="1" offset="1" sl="30" sc="13" el="30" ec="37" bec="0" bev="0" fileid="2" />
                <SequencePoint vc="1" uspid="196" ordinal="2" offset="7" sl="31" sc="13" el="31" ec="121" bec="0" bev="0" fileid="2" />
                <SequencePoint vc="1" uspid="197" ordinal="3" offset="33" sl="32" sc="13" el="32" ec="96" bec="0" bev="0" fileid="2" />
                <SequencePoint vc="1" uspid="198" ordinal="4" offset="82" sl="33" sc="13" el="33" ec="58" bec="0" bev="0" fileid="2" />
                <SequencePoint vc="0" uspid="199" ordinal="5" offset="104" sl="36" sc="9" el="36" ec="10" bec="0" bev="0" fileid="2" />
              </SequencePoints>
              <BranchPoints />
              <MethodPoint xsi:type="SequencePoint" vc="1" uspid="194" ordinal="0" offset="0" sl="29" sc="9" el="29" ec="10" bec="0" bev="0" fileid="2" />
            </Method>
            <Method visited="true" cyclomaticComplexity="1" nPathComplexity="0" sequenceCoverage="66.67" branchCoverage="100" crapScore="1.04" isConstructor="false" isStatic="false" isGetter="false" isSetter="false">
              <Summary numSequencePoints="3" visitedSequencePoints="2" numBranchPoints="1" visitedBranchPoints="1" sequenceCoverage="66.67" branchCoverage="100" maxCyclomaticComplexity="1" minCyclomaticComplexity="1" maxCrapScore="1.04" minCrapScore="1.04" visitedClasses="0" numClasses="0" visitedMethods="1" numMethods="1" />
              <MetadataToken>100663320</MetadataToken>
              <Name>System.Void hw2.Models.Tests.MainFormUITest::Cleanup()</Name>
              <FileRef uid="2" />
              <SequencePoints>
                <SequencePoint vc="1" uspid="200" ordinal="0" offset="0" sl="43" sc="9" el="43" ec="10" bec="0" bev="0" fileid="2" />
                <SequencePoint vc="1" uspid="201" ordinal="1" offset="1" sl="44" sc="13" el="44" ec="30" bec="0" bev="0" fileid="2" />
                <SequencePoint vc="0" uspid="202" ordinal="2" offset="13" sl="45" sc="9" el="45" ec="10" bec="0" bev="0" fileid="2" />
              </SequencePoints>
              <BranchPoints />
              <MethodPoint xsi:type="SequencePoint" vc="1" uspid="200" ordinal="0" offset="0" sl="43" sc="9" el="43" ec="10" bec="0" bev="0" fileid="2" />
            </Method>
            <Method visited="false" cyclomaticComplexity="5" nPathComplexity="16" sequenceCoverage="0" branchCoverage="0" crapScore="30" isConstructor="false" isStatic="false" isGetter="false" isSetter="false">
              <Summary numSequencePoints="73" visitedSequencePoints="0" numBranchPoints="9" visitedBranchPoints="0" sequenceCoverage="0" branchCoverage="0" maxCyclomaticComplexity="5" minCyclomaticComplexity="5" maxCrapScore="30" minCrapScore="30" visitedClasses="0" numClasses="0" visitedMethods="0" numMethods="1" />
              <MetadataToken>100663321</MetadataToken>
              <Name>System.Void hw2.Models.Tests.MainFormUITest::RunScriptShapeDraw()</Name>
              <FileRef uid="2" />
              <SequencePoints>
                <SequencePoint vc="0" uspid="203" ordinal="0" offset="0" sl="48" sc="9" el="48" ec="10" bec="0" bev="0" fileid="2" />
                <SequencePoint vc="0" uspid="204" ordinal="1" offset="1" sl="50" sc="13" el="50" ec="41" bec="0" bev="0" fileid="2" />
                <SequencePoint vc="0" uspid="205" ordinal="2" offset="18" sl="51" sc="13" el="51" ec="47" bec="0" bev="0" fileid="2" />
                <SequencePoint vc="0" uspid="206" ordinal="3" offset="36" sl="52" sc="13" el="52" ec="50" bec="0" bev="0" fileid="2" />
                <SequencePoint vc="0" uspid="207" ordinal="4" offset="54" sl="53" sc="13" el="53" ec="62" bec="0" bev="0" fileid="2" />
                <SequencePoint vc="0" uspid="208" ordinal="5" offset="77" sl="56" sc="13" el="56" ec="47" bec="0" bev="0" fileid="2" />
                <SequencePoint vc="0" uspid="209" ordinal="6" offset="98" sl="57" sc="13" el="57" ec="64" bec="0" bev="0" fileid="2" />
                <SequencePoint vc="0" uspid="210" ordinal="7" offset="121" sl="58" sc="13" el="58" ec="52" bec="0" bev="0" fileid="2" />
                <SequencePoint vc="0" uspid="211" ordinal="8" offset="139" sl="59" sc="13" el="59" ec="48" bec="0" bev="0" fileid="2" />
                <SequencePoint vc="0" uspid="212" ordinal="9" offset="157" sl="60" sc="13" el="60" ec="50" bec="0" bev="0" fileid="2" />
                <SequencePoint vc="0" uspid="213" ordinal="10" offset="175" sl="61" sc="13" el="61" ec="53" bec="0" bev="0" fileid="2" />
                <SequencePoint vc="0" uspid="214" ordinal="11" offset="193" sl="62" sc="13" el="62" ec="51" bec="0" bev="0" fileid="2" />
                <SequencePoint vc="0" uspid="215" ordinal="12" offset="211" sl="64" sc="13" el="64" ec="43" bec="0" bev="0" fileid="2" />
                <SequencePoint vc="0" uspid="216" ordinal="13" offset="228" sl="65" sc="13" el="65" ec="49" bec="0" bev="0" fileid="2" />
                <SequencePoint vc="0" uspid="217" ordinal="14" offset="246" sl="66" sc="13" el="66" ec="63" bec="0" bev="0" fileid="2" />
                <SequencePoint vc="0" uspid="218" ordinal="15" offset="272" sl="67" sc="13" el="67" ec="52" bec="0" bev="0" fileid="2" />
                <SequencePoint vc="0" uspid="219" ordinal="16" offset="290" sl="68" sc="13" el="68" ec="48" bec="0" bev="0" fileid="2" />
                <SequencePoint vc="0" uspid="220" ordinal="17" offset="308" sl="69" sc="13" el="69" ec="50" bec="0" bev="0" fileid="2" />
                <SequencePoint vc="0" uspid="221" ordinal="18" offset="326" sl="70" sc="13" el="70" ec="53" bec="0" bev="0" fileid="2" />
                <SequencePoint vc="0" uspid="222" ordinal="19" offset="344" sl="71" sc="13" el="71" ec="51" bec="0" bev="0" fileid="2" />
                <SequencePoint vc="0" uspid="223" ordinal="20" offset="362" sl="73" sc="13" el="73" ec="46" bec="0" bev="0" fileid="2" />
                <SequencePoint vc="0" uspid="224" ordinal="21" offset="379" sl="74" sc="13" el="74" ec="63" bec="0" bev="0" fileid="2" />
                <SequencePoint vc="0" uspid="225" ordinal="22" offset="408" sl="75" sc="13" el="75" ec="52" bec="0" bev="0" fileid="2" />
                <SequencePoint vc="0" uspid="226" ordinal="23" offset="426" sl="76" sc="13" el="76" ec="48" bec="0" bev="0" fileid="2" />
                <SequencePoint vc="0" uspid="227" ordinal="24" offset="444" sl="77" sc="13" el="77" ec="50" bec="0" bev="0" fileid="2" />
                <SequencePoint vc="0" uspid="228" ordinal="25" offset="462" sl="78" sc="13" el="78" ec="53" bec="0" bev="0" fileid="2" />
                <SequencePoint vc="0" uspid="229" ordinal="26" offset="480" sl="79" sc="13" el="79" ec="51" bec="0" bev="0" fileid="2" />
                <SequencePoint vc="0" uspid="230" ordinal="27" offset="498" sl="81" sc="13" el="81" ec="44" bec="0" bev="0" fileid="2" />
                <SequencePoint vc="0" uspid="231" ordinal="28" offset="515" sl="82" sc="13" el="82" ec="64" bec="0" bev="0" fileid="2" />
                <SequencePoint vc="0" uspid="232" ordinal="29" offset="541" sl="83" sc="13" el="83" ec="52" bec="0" bev="0" fileid="2" />
                <SequencePoint vc="0" uspid="233" ordinal="30" offset="559" sl="84" sc="13" el="84" ec="48" bec="0" bev="0" fileid="2" />
                <SequencePoint vc="0" uspid="234" ordinal="31" offset="577" sl="85" sc="13" el="85" ec="50" bec="0" bev="0" fileid="2" />
                <SequencePoint vc="0" uspid="235" ordinal="32" offset="595" sl="86" sc="13" el="86" ec="53" bec="0" bev="0" fileid="2" />
                <SequencePoint vc="0" uspid="236" ordinal="33" offset="613" sl="87" sc="13" el="87" ec="51" bec="0" bev="0" fileid="2" />
                <SequencePoint vc="0" uspid="237" ordinal="34" offset="631" sl="89" sc="13" el="95" ec="19" bec="0" bev="0" fileid="2" />
                <SequencePoint vc="0" uspid="238" ordinal="35" offset="819" sl="96" sc="18" el="96" ec="27" bec="0" bev="0" fileid="2" />
                <SequencePoint vc="0" uspid="239" ordinal="36" offset="823" sl="97" sc="13" el="97" ec="14" bec="0" bev="0" fileid="2" />
                <SequencePoint vc="0" uspid="240" ordinal="37" offset="824" sl="98" sc="17" el="98" ec="92" bec="0" bev="0" fileid="2" />
                <SequencePoint vc="0" uspid="241" ordinal="38" offset="853" sl="99" sc="13" el="99" ec="14" bec="0" bev="0" fileid="2" />
                <SequencePoint vc="0" uspid="242" ordinal="39" offset="854" sl="96" sc="36" el="96" ec="39" bec="0" bev="0" fileid="2" />
                <SequencePoint vc="0" uspid="243" ordinal="40" offset="858" sl="96" sc="29" el="96" ec="34" bec="2" bev="0" fileid="2" />
                <SequencePoint vc="0" uspid="244" ordinal="41" offset="869" sl="101" sc="13" el="101" ec="40" bec="0" bev="0" fileid="2" />
                <SequencePoint vc="0" uspid="245" ordinal="42" offset="886" sl="102" sc="13" el="102" ec="40" bec="0" bev="0" fileid="2" />
                <SequencePoint vc="0" uspid="246" ordinal="43" offset="903" sl="103" sc="13" el="103" ec="40" bec="0" bev="0" fileid="2" />
                <SequencePoint vc="0" uspid="247" ordinal="44" offset="920" sl="104" sc="13" el="104" ec="40" bec="0" bev="0" fileid="2" />
                <SequencePoint vc="0" uspid="248" ordinal="45" offset="937" sl="107" sc="13" el="107" ec="65" bec="0" bev="0" fileid="2" />
                <SequencePoint vc="0" uspid="249" ordinal="46" offset="963" sl="109" sc="13" el="115" ec="19" bec="0" bev="0" fileid="2" />
                <SequencePoint vc="0" uspid="250" ordinal="47" offset="1151" sl="116" sc="18" el="116" ec="27" bec="0" bev="0" fileid="2" />
                <SequencePoint vc="0" uspid="251" ordinal="48" offset="1156" sl="117" sc="13" el="117" ec="14" bec="0" bev="0" fileid="2" />
                <SequencePoint vc="0" uspid="252" ordinal="49" offset="1157" sl="118" sc="17" el="118" ec="94" bec="0" bev="0" fileid="2" />
                <SequencePoint vc="0" uspid="253" ordinal="50" offset="1188" sl="119" sc="13" el="119" ec="14" bec="0" bev="0" fileid="2" />
                <SequencePoint vc="0" uspid="254" ordinal="51" offset="1189" sl="116" sc="37" el="116" ec="40" bec="0" bev="0" fileid="2" />
                <SequencePoint vc="0" uspid="255" ordinal="52" offset="1195" sl="116" sc="29" el="116" ec="35" bec="2" bev="0" fileid="2" />
                <SequencePoint vc="0" uspid="256" ordinal="53" offset="1209" sl="120" sc="13" el="120" ec="44" bec="0" bev="0" fileid="2" />
                <SequencePoint vc="0" uspid="257" ordinal="54" offset="1226" sl="121" sc="14" el="127" ec="19" bec="0" bev="0" fileid="2" />
                <SequencePoint vc="0" uspid="258" ordinal="55" offset="1369" sl="128" sc="18" el="128" ec="27" bec="0" bev="0" fileid="2" />
                <SequencePoint vc="0" uspid="259" ordinal="56" offset="1374" sl="129" sc="13" el="129" ec="14" bec="0" bev="0" fileid="2" />
                <SequencePoint vc="0" uspid="260" ordinal="57" offset="1375" sl="130" sc="17" el="130" ec="94" bec="0" bev="0" fileid="2" />
                <SequencePoint vc="0" uspid="261" ordinal="58" offset="1406" sl="131" sc="13" el="131" ec="14" bec="0" bev="0" fileid="2" />
                <SequencePoint vc="0" uspid="262" ordinal="59" offset="1407" sl="128" sc="50" el="128" ec="53" bec="0" bev="0" fileid="2" />
                <SequencePoint vc="0" uspid="263" ordinal="60" offset="1413" sl="128" sc="29" el="128" ec="48" bec="2" bev="0" fileid="2" />
                <SequencePoint vc="0" uspid="264" ordinal="61" offset="1432" sl="133" sc="13" el="133" ec="80" bec="0" bev="0" fileid="2" />
                <SequencePoint vc="0" uspid="265" ordinal="62" offset="1474" sl="134" sc="13" el="134" ec="82" bec="0" bev="0" fileid="2" />
                <SequencePoint vc="0" uspid="266" ordinal="63" offset="1516" sl="135" sc="13" el="135" ec="84" bec="0" bev="0" fileid="2" />
                <SequencePoint vc="0" uspid="267" ordinal="64" offset="1558" sl="136" sc="13" el="136" ec="83" bec="0" bev="0" fileid="2" />
                <SequencePoint vc="0" uspid="268" ordinal="65" offset="1600" sl="138" sc="13" el="149" ec="19" bec="0" bev="0" fileid="2" />
                <SequencePoint vc="0" uspid="269" ordinal="66" offset="1923" sl="150" sc="18" el="150" ec="27" bec="0" bev="0" fileid="2" />
                <SequencePoint vc="0" uspid="270" ordinal="67" offset="1928" sl="151" sc="13" el="151" ec="14" bec="0" bev="0" fileid="2" />
                <SequencePoint vc="0" uspid="271" ordinal="68" offset="1929" sl="152" sc="17" el="152" ec="94" bec="0" bev="0" fileid="2" />
                <SequencePoint vc="0" uspid="272" ordinal="69" offset="1960" sl="153" sc="13" el="153" ec="14" bec="0" bev="0" fileid="2" />
                <SequencePoint vc="0" uspid="273" ordinal="70" offset="1961" sl="150" sc="50" el="150" ec="53" bec="0" bev="0" fileid="2" />
                <SequencePoint vc="0" uspid="274" ordinal="71" offset="1967" sl="150" sc="29" el="150" ec="48" bec="2" bev="0" fileid="2" />
                <SequencePoint vc="0" uspid="275" ordinal="72" offset="1986" sl="154" sc="9" el="154" ec="10" bec="0" bev="0" fileid="2" />
              </SequencePoints>
              <BranchPoints>
                <BranchPoint vc="0" uspid="276" ordinal="0" offset="867" sl="96" path="0" offsetend="869" fileid="2" />
                <BranchPoint vc="0" uspid="277" ordinal="1" offset="867" sl="96" path="1" offsetend="823" fileid="2" />
                <BranchPoint vc="0" uspid="278" ordinal="2" offset="1207" sl="116" path="0" offsetend="1209" fileid="2" />
                <BranchPoint vc="0" uspid="279" ordinal="3" offset="1207" sl="116" path="1" offsetend="1156" fileid="2" />
                <BranchPoint vc="0" uspid="280" ordinal="4" offset="1430" sl="128" path="0" offsetend="1432" fileid="2" />
                <BranchPoint vc="0" uspid="281" ordinal="5" offset="1430" sl="128" path="1" offsetend="1374" fileid="2" />
                <BranchPoint vc="0" uspid="282" ordinal="6" offset="1984" sl="150" path="0" offsetend="1986" fileid="2" />
                <BranchPoint vc="0" uspid="283" ordinal="7" offset="1984" sl="150" path="1" offsetend="1928" fileid="2" />
              </BranchPoints>
              <MethodPoint xsi:type="SequencePoint" vc="0" uspid="203" ordinal="0" offset="0" sl="48" sc="9" el="48" ec="10" bec="0" bev="0" fileid="2" />
            </Method>
            <Method visited="false" cyclomaticComplexity="1" nPathComplexity="0" sequenceCoverage="0" branchCoverage="0" crapScore="2" isConstructor="false" isStatic="false" isGetter="false" isSetter="false">
              <Summary numSequencePoints="3" visitedSequencePoints="0" numBranchPoints="1" visitedBranchPoints="0" sequenceCoverage="0" branchCoverage="0" maxCyclomaticComplexity="1" minCyclomaticComplexity="1" maxCrapScore="2" minCrapScore="2" visitedClasses="0" numClasses="0" visitedMethods="0" numMethods="1" />
              <MetadataToken>100663322</MetadataToken>
              <Name>System.Void hw2.Models.Tests.MainFormUITest::TestDraw()</Name>
              <FileRef uid="2" />
              <SequencePoints>
                <SequencePoint vc="0" uspid="284" ordinal="0" offset="0" sl="157" sc="9" el="157" ec="10" bec="0" bev="0" fileid="2" />
                <SequencePoint vc="0" uspid="285" ordinal="1" offset="1" sl="158" sc="13" el="158" ec="34" bec="0" bev="0" fileid="2" />
                <SequencePoint vc="0" uspid="286" ordinal="2" offset="8" sl="162" sc="9" el="162" ec="10" bec="0" bev="0" fileid="2" />
              </SequencePoints>
              <BranchPoints />
              <MethodPoint xsi:type="SequencePoint" vc="0" uspid="284" ordinal="0" offset="0" sl="157" sc="9" el="157" ec="10" bec="0" bev="0" fileid="2" />
            </Method>
            <Method visited="false" cyclomaticComplexity="1" nPathComplexity="0" sequenceCoverage="0" branchCoverage="0" crapScore="2" isConstructor="true" isStatic="false" isGetter="false" isSetter="false">
              <Summary numSequencePoints="0" visitedSequencePoints="0" numBranchPoints="0" visitedBranchPoints="0" sequenceCoverage="0" branchCoverage="0" maxCyclomaticComplexity="1" minCyclomaticComplexity="1" maxCrapScore="2" minCrapScore="2" visitedClasses="0" numClasses="0" visitedMethods="0" numMethods="0" />
              <MetadataToken>100663323</MetadataToken>
              <Name>System.Void hw2.Models.Tests.MainFormUITest::.ctor()</Name>
              <SequencePoints />
              <BranchPoints />
              <MethodPoint vc="0" uspid="287" ordinal="0" offset="0" />
            </Method>
          </Methods>
        </Class>
        <Class>
          <Summary numSequencePoints="84" visitedSequencePoints="84" numBranchPoints="11" visitedBranchPoints="11" sequenceCoverage="100" branchCoverage="100" maxCyclomaticComplexity="1" minCyclomaticComplexity="1" maxCrapScore="1" minCrapScore="1" visitedClasses="1" numClasses="1" visitedMethods="11" numMethods="11" />
          <FullName>hw2.Models.Tests.ModelTests</FullName>
          <Methods>
            <Method visited="true" cyclomaticComplexity="1" nPathComplexity="0" sequenceCoverage="100" branchCoverage="100" crapScore="1" isConstructor="false" isStatic="false" isGetter="false" isSetter="false">
              <Summary numSequencePoints="3" visitedSequencePoints="3" numBranchPoints="1" visitedBranchPoints="1" sequenceCoverage="100" branchCoverage="100" maxCyclomaticComplexity="1" minCyclomaticComplexity="1" maxCrapScore="1" minCrapScore="1" visitedClasses="0" numClasses="0" visitedMethods="1" numMethods="1" />
              <MetadataToken>100663324</MetadataToken>
              <Name>System.Void hw2.Models.Tests.ModelTests::ModelTest()</Name>
              <FileRef uid="3" />
              <SequencePoints>
                <SequencePoint vc="1" uspid="288" ordinal="0" offset="0" sl="23" sc="9" el="23" ec="10" bec="0" bev="0" fileid="3" />
                <SequencePoint vc="1" uspid="289" ordinal="1" offset="1" sl="24" sc="13" el="24" ec="33" bec="0" bev="0" fileid="3" />
                <SequencePoint vc="1" uspid="290" ordinal="2" offset="12" sl="25" sc="9" el="25" ec="10" bec="0" bev="0" fileid="3" />
              </SequencePoints>
              <BranchPoints />
              <MethodPoint xsi:type="SequencePoint" vc="1" uspid="288" ordinal="0" offset="0" sl="23" sc="9" el="23" ec="10" bec="0" bev="0" fileid="3" />
            </Method>
            <Method visited="true" cyclomaticComplexity="1" nPathComplexity="0" sequenceCoverage="100" branchCoverage="100" crapScore="1" isConstructor="false" isStatic="false" isGetter="false" isSetter="false">
              <Summary numSequencePoints="6" visitedSequencePoints="6" numBranchPoints="1" visitedBranchPoints="1" sequenceCoverage="100" branchCoverage="100" maxCyclomaticComplexity="1" minCyclomaticComplexity="1" maxCrapScore="1" minCrapScore="1" visitedClasses="0" numClasses="0" visitedMethods="1" numMethods="1" />
              <MetadataToken>100663325</MetadataToken>
              <Name>System.Void hw2.Models.Tests.ModelTests::EnterPointerStateTest()</Name>
              <FileRef uid="3" />
              <SequencePoints>
                <SequencePoint vc="1" uspid="291" ordinal="0" offset="0" sl="29" sc="9" el="29" ec="10" bec="0" bev="0" fileid="3" />
                <SequencePoint vc="1" uspid="292" ordinal="1" offset="1" sl="30" sc="13" el="30" ec="39" bec="0" bev="0" fileid="3" />
                <SequencePoint vc="1" uspid="293" ordinal="2" offset="13" sl="31" sc="13" el="31" ec="66" bec="0" bev="0" fileid="3" />
                <SequencePoint vc="1" uspid="294" ordinal="3" offset="31" sl="32" sc="13" el="32" ec="65" bec="0" bev="0" fileid="3" />
                <SequencePoint vc="1" uspid="295" ordinal="4" offset="49" sl="33" sc="13" el="33" ec="69" bec="0" bev="0" fileid="3" />
                <SequencePoint vc="1" uspid="296" ordinal="5" offset="77" sl="34" sc="9" el="34" ec="10" bec="0" bev="0" fileid="3" />
              </SequencePoints>
              <BranchPoints />
              <MethodPoint xsi:type="SequencePoint" vc="1" uspid="291" ordinal="0" offset="0" sl="29" sc="9" el="29" ec="10" bec="0" bev="0" fileid="3" />
            </Method>
            <Method visited="true" cyclomaticComplexity="1" nPathComplexity="0" sequenceCoverage="100" branchCoverage="100" crapScore="1" isConstructor="false" isStatic="false" isGetter="false" isSetter="false">
              <Summary numSequencePoints="6" visitedSequencePoints="6" numBranchPoints="1" visitedBranchPoints="1" sequenceCoverage="100" branchCoverage="100" maxCyclomaticComplexity="1" minCyclomaticComplexity="1" maxCrapScore="1" minCrapScore="1" visitedClasses="0" numClasses="0" visitedMethods="1" numMethods="1" />
              <MetadataToken>100663326</MetadataToken>
              <Name>System.Void hw2.Models.Tests.ModelTests::EnterDrawingStateTest()</Name>
              <FileRef uid="3" />
              <SequencePoints>
                <SequencePoint vc="1" uspid="297" ordinal="0" offset="0" sl="40" sc="9" el="40" ec="10" bec="0" bev="0" fileid="3" />
                <SequencePoint vc="1" uspid="298" ordinal="1" offset="1" sl="41" sc="13" el="41" ec="39" bec="0" bev="0" fileid="3" />
                <SequencePoint vc="1" uspid="299" ordinal="2" offset="13" sl="42" sc="13" el="42" ec="65" bec="0" bev="0" fileid="3" />
                <SequencePoint vc="1" uspid="300" ordinal="3" offset="31" sl="43" sc="13" el="43" ec="66" bec="0" bev="0" fileid="3" />
                <SequencePoint vc="1" uspid="301" ordinal="4" offset="49" sl="44" sc="13" el="44" ec="69" bec="0" bev="0" fileid="3" />
                <SequencePoint vc="1" uspid="302" ordinal="5" offset="77" sl="45" sc="9" el="45" ec="10" bec="0" bev="0" fileid="3" />
              </SequencePoints>
              <BranchPoints />
              <MethodPoint xsi:type="SequencePoint" vc="1" uspid="297" ordinal="0" offset="0" sl="40" sc="9" el="40" ec="10" bec="0" bev="0" fileid="3" />
            </Method>
            <Method visited="true" cyclomaticComplexity="1" nPathComplexity="0" sequenceCoverage="100" branchCoverage="100" crapScore="1" isConstructor="false" isStatic="false" isGetter="false" isSetter="false">
              <Summary numSequencePoints="17" visitedSequencePoints="17" numBranchPoints="1" visitedBranchPoints="1" sequenceCoverage="100" branchCoverage="100" maxCyclomaticComplexity="1" minCyclomaticComplexity="1" maxCrapScore="1" minCrapScore="1" visitedClasses="0" numClasses="0" visitedMethods="1" numMethods="1" />
              <MetadataToken>100663327</MetadataToken>
              <Name>System.Void hw2.Models.Tests.ModelTests::PointerActionTest()</Name>
              <FileRef uid="3" />
              <SequencePoints>
                <SequencePoint vc="1" uspid="303" ordinal="0" offset="0" sl="48" sc="9" el="48" ec="10" bec="0" bev="0" fileid="3" />
                <SequencePoint vc="1" uspid="304" ordinal="1" offset="1" sl="49" sc="13" el="49" ec="49" bec="0" bev="0" fileid="3" />
                <SequencePoint vc="1" uspid="305" ordinal="2" offset="36" sl="50" sc="13" el="50" ec="39" bec="0" bev="0" fileid="3" />
                <SequencePoint vc="1" uspid="306" ordinal="3" offset="66" sl="51" sc="13" el="51" ec="43" bec="0" bev="0" fileid="3" />
                <SequencePoint vc="1" uspid="307" ordinal="4" offset="96" sl="53" sc="13" el="53" ec="39" bec="0" bev="0" fileid="3" />
                <SequencePoint vc="1" uspid="308" ordinal="5" offset="108" sl="54" sc="13" el="54" ec="56" bec="0" bev="0" fileid="3" />
                <SequencePoint vc="1" uspid="309" ordinal="6" offset="143" sl="55" sc="13" el="55" ec="40" bec="0" bev="0" fileid="3" />
                <SequencePoint vc="1" uspid="310" ordinal="7" offset="173" sl="56" sc="13" el="56" ec="43" bec="0" bev="0" fileid="3" />
                <SequencePoint vc="1" uspid="311" ordinal="8" offset="203" sl="58" sc="13" el="58" ec="39" bec="0" bev="0" fileid="3" />
                <SequencePoint vc="1" uspid="312" ordinal="9" offset="215" sl="59" sc="13" el="59" ec="53" bec="0" bev="0" fileid="3" />
                <SequencePoint vc="1" uspid="313" ordinal="10" offset="250" sl="60" sc="13" el="60" ec="40" bec="0" bev="0" fileid="3" />
                <SequencePoint vc="1" uspid="314" ordinal="11" offset="280" sl="61" sc="13" el="61" ec="42" bec="0" bev="0" fileid="3" />
                <SequencePoint vc="1" uspid="315" ordinal="12" offset="310" sl="63" sc="13" el="63" ec="39" bec="0" bev="0" fileid="3" />
                <SequencePoint vc="1" uspid="316" ordinal="13" offset="322" sl="64" sc="13" el="64" ec="54" bec="0" bev="0" fileid="3" />
                <SequencePoint vc="1" uspid="317" ordinal="14" offset="357" sl="65" sc="13" el="65" ec="40" bec="0" bev="0" fileid="3" />
                <SequencePoint vc="1" uspid="318" ordinal="15" offset="387" sl="66" sc="13" el="66" ec="43" bec="0" bev="0" fileid="3" />
                <SequencePoint vc="1" uspid="319" ordinal="16" offset="417" sl="67" sc="9" el="67" ec="10" bec="0" bev="0" fileid="3" />
              </SequencePoints>
              <BranchPoints />
              <MethodPoint xsi:type="SequencePoint" vc="1" uspid="303" ordinal="0" offset="0" sl="48" sc="9" el="48" ec="10" bec="0" bev="0" fileid="3" />
            </Method>
            <Method visited="true" cyclomaticComplexity="1" nPathComplexity="0" sequenceCoverage="100" branchCoverage="100" crapScore="1" isConstructor="false" isStatic="false" isGetter="false" isSetter="false">
              <Summary numSequencePoints="19" visitedSequencePoints="19" numBranchPoints="1" visitedBranchPoints="1" sequenceCoverage="100" branchCoverage="100" maxCyclomaticComplexity="1" minCyclomaticComplexity="1" maxCrapScore="1" minCrapScore="1" visitedClasses="0" numClasses="0" visitedMethods="1" numMethods="1" />
              <MetadataToken>100663328</MetadataToken>
              <Name>System.Void hw2.Models.Tests.ModelTests::ini()</Name>
              <FileRef uid="3" />
              <SequencePoints>
                <SequencePoint vc="9" uspid="320" ordinal="0" offset="0" sl="71" sc="9" el="71" ec="10" bec="0" bev="0" fileid="3" />
                <SequencePoint vc="9" uspid="321" ordinal="1" offset="1" sl="72" sc="13" el="72" ec="39" bec="0" bev="0" fileid="3" />
                <SequencePoint vc="9" uspid="322" ordinal="2" offset="13" sl="73" sc="13" el="73" ec="49" bec="0" bev="0" fileid="3" />
                <SequencePoint vc="9" uspid="323" ordinal="3" offset="48" sl="74" sc="13" el="74" ec="39" bec="0" bev="0" fileid="3" />
                <SequencePoint vc="9" uspid="324" ordinal="4" offset="78" sl="75" sc="13" el="75" ec="42" bec="0" bev="0" fileid="3" />
                <SequencePoint vc="9" uspid="325" ordinal="5" offset="108" sl="76" sc="13" el="76" ec="61" bec="0" bev="0" fileid="3" />
                <SequencePoint vc="9" uspid="326" ordinal="6" offset="137" sl="79" sc="13" el="79" ec="39" bec="0" bev="0" fileid="3" />
                <SequencePoint vc="9" uspid="327" ordinal="7" offset="149" sl="80" sc="13" el="80" ec="56" bec="0" bev="0" fileid="3" />
                <SequencePoint vc="9" uspid="328" ordinal="8" offset="184" sl="81" sc="13" el="81" ec="40" bec="0" bev="0" fileid="3" />
                <SequencePoint vc="9" uspid="329" ordinal="9" offset="214" sl="82" sc="13" el="82" ec="43" bec="0" bev="0" fileid="3" />
                <SequencePoint vc="9" uspid="330" ordinal="10" offset="244" sl="84" sc="13" el="84" ec="39" bec="0" bev="0" fileid="3" />
                <SequencePoint vc="9" uspid="331" ordinal="11" offset="256" sl="85" sc="13" el="85" ec="53" bec="0" bev="0" fileid="3" />
                <SequencePoint vc="9" uspid="332" ordinal="12" offset="291" sl="86" sc="13" el="86" ec="40" bec="0" bev="0" fileid="3" />
                <SequencePoint vc="9" uspid="333" ordinal="13" offset="321" sl="87" sc="13" el="87" ec="43" bec="0" bev="0" fileid="3" />
                <SequencePoint vc="9" uspid="334" ordinal="14" offset="351" sl="89" sc="13" el="89" ec="39" bec="0" bev="0" fileid="3" />
                <SequencePoint vc="9" uspid="335" ordinal="15" offset="363" sl="90" sc="13" el="90" ec="54" bec="0" bev="0" fileid="3" />
                <SequencePoint vc="9" uspid="336" ordinal="16" offset="398" sl="91" sc="13" el="91" ec="40" bec="0" bev="0" fileid="3" />
                <SequencePoint vc="9" uspid="337" ordinal="17" offset="428" sl="92" sc="13" el="92" ec="43" bec="0" bev="0" fileid="3" />
                <SequencePoint vc="9" uspid="338" ordinal="18" offset="458" sl="93" sc="9" el="93" ec="10" bec="0" bev="0" fileid="3" />
              </SequencePoints>
              <BranchPoints />
              <MethodPoint xsi:type="SequencePoint" vc="9" uspid="320" ordinal="0" offset="0" sl="71" sc="9" el="71" ec="10" bec="0" bev="0" fileid="3" />
            </Method>
            <Method visited="true" cyclomaticComplexity="1" nPathComplexity="0" sequenceCoverage="100" branchCoverage="100" crapScore="1" isConstructor="false" isStatic="false" isGetter="false" isSetter="false">
[...]
                <SequencePoint vc="0" uspid="1944" ordinal="3" offset="27" sl="34" sc="13" el="34" ec="26" bec="0" bev="0" fileid="31" />
                <SequencePoint vc="0" uspid="1945" ordinal="4" offset="34" sl="35" sc="9" el="35" ec="10" bec="0" bev="0" fileid="31" />
              </SequencePoints>
              <BranchPoints />
              <MethodPoint xsi:type="SequencePoint" vc="0" uspid="1941" ordinal="0" offset="0" sl="30" sc="9" el="30" ec="10" bec="0" bev="0" fileid="31" />
            </Method>
            <Method visited="false" cyclomaticComplexity="1" nPathComplexity="0" sequenceCoverage="0" branchCoverage="0" crapScore="2" isConstructor="false" isStatic="false" isGetter="false" isSetter="false">
              <Summary numSequencePoints="4" visitedSequencePoints="0" numBranchPoints="1" visitedBranchPoints="0" sequenceCoverage="0" branchCoverage="0" maxCyclomaticComplexity="1" minCyclomaticComplexity="1" maxCrapScore="2" minCrapScore="2" visitedClasses="0" numClasses="0" visitedMethods="0" numMethods="1" />
              <MetadataToken>100663479</MetadataToken>
              <Name>System.Void hw2.Models.TextEditForm::btnCancel_Click(System.Object,System.EventArgs)</Name>
              <FileRef uid="31" />
              <SequencePoints>
                <SequencePoint vc="0" uspid="1946" ordinal="0" offset="0" sl="38" sc="9" el="38" ec="10" bec="0" bev="0" fileid="31" />
                <SequencePoint vc="0" uspid="1947" ordinal="1" offset="1" sl="40" sc="13" el="40" ec="53" bec="0" bev="0" fileid="31" />
                <SequencePoint vc="0" uspid="1948" ordinal="2" offset="9" sl="41" sc="13" el="41" ec="26" bec="0" bev="0" fileid="31" />
                <SequencePoint vc="0" uspid="1949" ordinal="3" offset="16" sl="42" sc="9" el="42" ec="10" bec="0" bev="0" fileid="31" />
              </SequencePoints>
              <BranchPoints />
              <MethodPoint xsi:type="SequencePoint" vc="0" uspid="1946" ordinal="0" offset="0" sl="38" sc="9" el="38" ec="10" bec="0" bev="0" fileid="31" />
            </Method>
            <Method visited="false" cyclomaticComplexity="3" nPathComplexity="4" sequenceCoverage="0" branchCoverage="0" crapScore="12" isConstructor="false" isStatic="false" isGetter="false" isSetter="false">
              <Summary numSequencePoints="7" visitedSequencePoints="0" numBranchPoints="5" visitedBranchPoints="0" sequenceCoverage="0" branchCoverage="0" maxCyclomaticComplexity="3" minCyclomaticComplexity="3" maxCrapScore="12" minCrapScore="12" visitedClasses="0" numClasses="0" visitedMethods="0" numMethods="1" />
              <MetadataToken>100663480</MetadataToken>
              <Name>System.Void hw2.Models.TextEditForm::Dispose(System.Boolean)</Name>
              <FileRef uid="32" />
              <SequencePoints>
                <SequencePoint vc="0" uspid="1950" ordinal="0" offset="0" sl="20" sc="9" el="20" ec="10" bec="0" bev="0" fileid="32" />
                <SequencePoint vc="0" uspid="1951" ordinal="1" offset="1" sl="21" sc="13" el="21" ec="51" bec="4" bev="0" fileid="32" />
                <SequencePoint vc="0" uspid="1952" ordinal="2" offset="20" sl="22" sc="13" el="22" ec="14" bec="0" bev="0" fileid="32" />
                <SequencePoint vc="0" uspid="1953" ordinal="3" offset="21" sl="23" sc="17" el="23" ec="38" bec="0" bev="0" fileid="32" />
                <SequencePoint vc="0" uspid="1954" ordinal="4" offset="33" sl="24" sc="13" el="24" ec="14" bec="0" bev="0" fileid="32" />
                <SequencePoint vc="0" uspid="1955" ordinal="5" offset="34" sl="25" sc="13" el="25" ec="37" bec="0" bev="0" fileid="32" />
                <SequencePoint vc="0" uspid="1956" ordinal="6" offset="42" sl="26" sc="9" el="26" ec="10" bec="0" bev="0" fileid="32" />
              </SequencePoints>
              <BranchPoints>
                <BranchPoint vc="0" uspid="1957" ordinal="0" offset="2" sl="21" path="0" offsetend="4" fileid="32" />
                <BranchPoint vc="0" uspid="1958" ordinal="1" offset="2" sl="21" path="1" offsetend="15" fileid="32" />
                <BranchPoint vc="0" uspid="1959" ordinal="2" offset="18" sl="21" path="0" offsetend="20" fileid="32" />
                <BranchPoint vc="0" uspid="1960" ordinal="3" offset="18" sl="21" path="1" offsetend="34" fileid="32" />
              </BranchPoints>
              <MethodPoint xsi:type="SequencePoint" vc="0" uspid="1950" ordinal="0" offset="0" sl="20" sc="9" el="20" ec="10" bec="0" bev="0" fileid="32" />
            </Method>
            <Method visited="false" cyclomaticComplexity="1" nPathComplexity="0" sequenceCoverage="0" branchCoverage="0" crapScore="2" isConstructor="false" isStatic="false" isGetter="false" isSetter="false">
              <Summary numSequencePoints="48" visitedSequencePoints="0" numBranchPoints="1" visitedBranchPoints="0" sequenceCoverage="0" branchCoverage="0" maxCyclomaticComplexity="1" minCyclomaticComplexity="1" maxCrapScore="2" minCrapScore="2" visitedClasses="0" numClasses="0" visitedMethods="0" numMethods="1" />
              <MetadataToken>100663481</MetadataToken>
              <Name>System.Void hw2.Models.TextEditForm::InitializeComponent()</Name>
              <FileRef uid="32" />
              <SequencePoints>
                <SequencePoint vc="0" uspid="1961" ordinal="0" offset="0" sl="29" sc="9" el="29" ec="10" bec="0" bev="0" fileid="32" />
                <SequencePoint vc="0" uspid="1962" ordinal="1" offset="1" sl="30" sc="13" el="30" ec="62" bec="0" bev="0" fileid="32" />
                <SequencePoint vc="0" uspid="1963" ordinal="2" offset="12" sl="31" sc="13" el="31" ec="64" bec="0" bev="0" fileid="32" />
                <SequencePoint vc="0" uspid="1964" ordinal="3" offset="23" sl="32" sc="13" el="32" ec="65" bec="0" bev="0" fileid="32" />
                <SequencePoint vc="0" uspid="1965" ordinal="4" offset="34" sl="33" sc="13" el="33" ec="64" bec="0" bev="0" fileid="32" />
                <SequencePoint vc="0" uspid="1966" ordinal="5" offset="45" sl="34" sc="13" el="34" ec="34" bec="0" bev="0" fileid="32" />
                <SequencePoint vc="0" uspid="1967" ordinal="6" offset="52" sl="38" sc="13" el="38" ec="43" bec="0" bev="0" fileid="32" />
                <SequencePoint vc="0" uspid="1968" ordinal="7" offset="65" sl="39" sc="13" el="39" ec="70" bec="0" bev="0" fileid="32" />
                <SequencePoint vc="0" uspid="1969" ordinal="8" offset="86" sl="40" sc="13" el="40" ec="45" bec="0" bev="0" fileid="32" />
                <SequencePoint vc="0" uspid="1970" ordinal="9" offset="103" sl="41" sc="13" el="41" ec="67" bec="0" bev="0" fileid="32" />
                <SequencePoint vc="0" uspid="1971" ordinal="10" offset="124" sl="42" sc="13" el="42" ec="40" bec="0" bev="0" fileid="32" />
                <SequencePoint vc="0" uspid="1972" ordinal="11" offset="137" sl="43" sc="13" el="43" ec="43" bec="0" bev="0" fileid="32" />
                <SequencePoint vc="0" uspid="1973" ordinal="12" offset="154" sl="47" sc="13" el="47" ec="71" bec="0" bev="0" fileid="32" />
                <SequencePoint vc="0" uspid="1974" ordinal="13" offset="175" sl="48" sc="13" el="48" ec="45" bec="0" bev="0" fileid="32" />
                <SequencePoint vc="0" uspid="1975" ordinal="14" offset="192" sl="49" sc="13" el="49" ec="67" bec="0" bev="0" fileid="32" />
                <SequencePoint vc="0" uspid="1976" ordinal="15" offset="216" sl="50" sc="13" el="50" ec="40" bec="0" bev="0" fileid="32" />
                <SequencePoint vc="0" uspid="1977" ordinal="16" offset="229" sl="51" sc="13" el="51" ec="93" bec="0" bev="0" fileid="32" />
                <SequencePoint vc="0" uspid="1978" ordinal="17" offset="253" sl="55" sc="13" el="55" ec="73" bec="0" bev="0" fileid="32" />
                <SequencePoint vc="0" uspid="1979" ordinal="18" offset="274" sl="56" sc="13" el="56" ec="49" bec="0" bev="0" fileid="32" />
                <SequencePoint vc="0" uspid="1980" ordinal="19" offset="291" sl="57" sc="13" el="57" ec="68" bec="0" bev="0" fileid="32" />
                <SequencePoint vc="0" uspid="1981" ordinal="20" offset="312" sl="58" sc="13" el="58" ec="42" bec="0" bev="0" fileid="32" />
                <SequencePoint vc="0" uspid="1982" ordinal="21" offset="325" sl="59" sc="13" el="59" ec="41" bec="0" bev="0" fileid="32" />
                <SequencePoint vc="0" uspid="1983" ordinal="22" offset="342" sl="60" sc="13" el="60" ec="60" bec="0" bev="0" fileid="32" />
                <SequencePoint vc="0" uspid="1984" ordinal="23" offset="355" sl="61" sc="13" el="61" ec="85" bec="0" bev="0" fileid="32" />
                <SequencePoint vc="0" uspid="1985" ordinal="24" offset="379" sl="62" sc="13" el="62" ec="45" bec="0" bev="0" fileid="32" />
                <SequencePoint vc="0" uspid="1986" ordinal="25" offset="392" sl="66" sc="13" el="66" ec="73" bec="0" bev="0" fileid="32" />
                <SequencePoint vc="0" uspid="1987" ordinal="26" offset="416" sl="67" sc="13" el="67" ec="47" bec="0" bev="0" fileid="32" />
                <SequencePoint vc="0" uspid="1988" ordinal="27" offset="433" sl="68" sc="13" el="68" ec="67" bec="0" bev="0" fileid="32" />
                <SequencePoint vc="0" uspid="1989" ordinal="28" offset="454" sl="69" sc="13" el="69" ec="41" bec="0" bev="0" fileid="32" />
                <SequencePoint vc="0" uspid="1990" ordinal="29" offset="467" sl="70" sc="13" el="70" ec="40" bec="0" bev="0" fileid="32" />
                <SequencePoint vc="0" uspid="1991" ordinal="30" offset="484" sl="71" sc="13" el="71" ec="59" bec="0" bev="0" fileid="32" />
                <SequencePoint vc="0" uspid="1992" ordinal="31" offset="497" sl="72" sc="13" el="72" ec="83" bec="0" bev="0" fileid="32" />
                <SequencePoint vc="0" uspid="1993" ordinal="32" offset="521" sl="76" sc="13" el="76" ec="74" bec="0" bev="0" fileid="32" />
                <SequencePoint vc="0" uspid="1994" ordinal="33" offset="543" sl="77" sc="13" el="77" ec="74" bec="0" bev="0" fileid="32" />
                <SequencePoint vc="0" uspid="1995" ordinal="34" offset="551" sl="78" sc="13" el="78" ec="65" bec="0" bev="0" fileid="32" />
                <SequencePoint vc="0" uspid="1996" ordinal="35" offset="570" sl="79" sc="13" el="79" ec="47" bec="0" bev="0" fileid="32" />
                <SequencePoint vc="0" uspid="1997" ordinal="36" offset="588" sl="80" sc="13" el="80" ec="48" bec="0" bev="0" fileid="32" />
                <SequencePoint vc="0" uspid="1998" ordinal="37" offset="606" sl="81" sc="13" el="81" ec="46" bec="0" bev="0" fileid="32" />
                <SequencePoint vc="0" uspid="1999" ordinal="38" offset="624" sl="82" sc="13" el="82" ec="46" bec="0" bev="0" fileid="32" />
                <SequencePoint vc="0" uspid="2000" ordinal="39" offset="642" sl="83" sc="13" el="83" ec="85" bec="0" bev="0" fileid="32" />
                <SequencePoint vc="0" uspid="2001" ordinal="40" offset="650" sl="84" sc="13" el="84" ec="38" bec="0" bev="0" fileid="32" />
                <SequencePoint vc="0" uspid="2002" ordinal="41" offset="658" sl="85" sc="13" el="85" ec="38" bec="0" bev="0" fileid="32" />
                <SequencePoint vc="0" uspid="2003" ordinal="42" offset="666" sl="86" sc="13" el="86" ec="40" bec="0" bev="0" fileid="32" />
                <SequencePoint vc="0" uspid="2004" ordinal="43" offset="678" sl="87" sc="13" el="87" ec="86" bec="0" bev="0" fileid="32" />
                <SequencePoint vc="0" uspid="2005" ordinal="44" offset="686" sl="88" sc="13" el="88" ec="32" bec="0" bev="0" fileid="32" />
                <SequencePoint vc="0" uspid="2006" ordinal="45" offset="698" sl="89" sc="13" el="89" ec="38" bec="0" bev="0" fileid="32" />
                <SequencePoint vc="0" uspid="2007" ordinal="46" offset="706" sl="90" sc="13" el="90" ec="34" bec="0" bev="0" fileid="32" />
                <SequencePoint vc="0" uspid="2008" ordinal="47" offset="713" sl="91" sc="9" el="91" ec="10" bec="0" bev="0" fileid="32" />
              </SequencePoints>
              <BranchPoints />
              <MethodPoint xsi:type="SequencePoint" vc="0" uspid="1961" ordinal="0" offset="0" sl="29" sc="9" el="29" ec="10" bec="0" bev="0" fileid="32" />
            </Method>
          </Methods>
        </Class>
        <Class>
          <Summary numSequencePoints="17" visitedSequencePoints="0" numBranchPoints="3" visitedBranchPoints="0" sequenceCoverage="0" branchCoverage="0" maxCyclomaticComplexity="1" minCyclomaticComplexity="1" maxCrapScore="2" minCrapScore="2" visitedClasses="0" numClasses="1" visitedMethods="0" numMethods="3" />
          <FullName>hw2.Models.TextChangeCommand</FullName>
          <Methods>
            <Method visited="false" cyclomaticComplexity="1" nPathComplexity="0" sequenceCoverage="0" branchCoverage="0" crapScore="2" isConstructor="true" isStatic="false" isGetter="false" isSetter="false">
              <Summary numSequencePoints="7" visitedSequencePoints="0" numBranchPoints="1" visitedBranchPoints="0" sequenceCoverage="0" branchCoverage="0" maxCyclomaticComplexity="1" minCyclomaticComplexity="1" maxCrapScore="2" minCrapScore="2" visitedClasses="0" numClasses="0" visitedMethods="0" numMethods="1" />
              <MetadataToken>100663482</MetadataToken>
              <Name>System.Void hw2.Models.TextChangeCommand::.ctor(hw2.Models.Model,hw2.Models.Shape)</Name>
              <FileRef uid="33" />
              <SequencePoints>
                <SequencePoint vc="0" uspid="2009" ordinal="0" offset="0" sl="12" sc="9" el="12" ec="35" bec="0" bev="0" fileid="33" />
                <SequencePoint vc="0" uspid="2010" ordinal="1" offset="11" sl="14" sc="9" el="14" ec="56" bec="0" bev="0" fileid="33" />
                <SequencePoint vc="0" uspid="2011" ordinal="2" offset="18" sl="15" sc="9" el="15" ec="10" bec="0" bev="0" fileid="33" />
                <SequencePoint vc="0" uspid="2012" ordinal="3" offset="19" sl="16" sc="13" el="16" ec="43" bec="0" bev="0" fileid="33" />
                <SequencePoint vc="0" uspid="2013" ordinal="4" offset="31" sl="17" sc="13" el="17" ec="28" bec="0" bev="0" fileid="33" />
                <SequencePoint vc="0" uspid="2014" ordinal="5" offset="38" sl="18" sc="13" el="18" ec="23" bec="0" bev="0" fileid="33" />
                <SequencePoint vc="0" uspid="2015" ordinal="6" offset="45" sl="19" sc="9" el="19" ec="10" bec="0" bev="0" fileid="33" />
              </SequencePoints>
              <BranchPoints />
              <MethodPoint xsi:type="SequencePoint" vc="0" uspid="2009" ordinal="0" offset="0" sl="12" sc="9" el="12" ec="35" bec="0" bev="0" fileid="33" />
            </Method>
            <Method visited="false" cyclomaticComplexity="1" nPathComplexity="0" sequenceCoverage="0" branchCoverage="0" crapScore="2" isConstructor="false" isStatic="false" isGetter="false" isSetter="false">
              <Summary numSequencePoints="5" visitedSequencePoints="0" numBranchPoints="1" visitedBranchPoints="0" sequenceCoverage="0" branchCoverage="0" maxCyclomaticComplexity="1" minCyclomaticComplexity="1" maxCrapScore="2" minCrapScore="2" visitedClasses="0" numClasses="0" visitedMethods="0" numMethods="1" />
              <MetadataToken>100663483</MetadataToken>
              <Name>System.Void hw2.Models.TextChangeCommand::Execute()</Name>
              <FileRef uid="33" />
              <SequencePoints>
                <SequencePoint vc="0" uspid="2016" ordinal="0" offset="0" sl="22" sc="9" el="22" ec="10" bec="0" bev="0" fileid="33" />
                <SequencePoint vc="0" uspid="2017" ordinal="1" offset="1" sl="23" sc="13" el="23" ec="41" bec="0" bev="0" fileid="33" />
                <SequencePoint vc="0" uspid="2018" ordinal="2" offset="13" sl="24" sc="13" el="24" ec="42" bec="0" bev="0" fileid="33" />
                <SequencePoint vc="0" uspid="2019" ordinal="3" offset="30" sl="25" sc="13" el="25" ec="33" bec="0" bev="0" fileid="33" />
                <SequencePoint vc="0" uspid="2020" ordinal="4" offset="37" sl="26" sc="9" el="26" ec="10" bec="0" bev="0" fileid="33" />
              </SequencePoints>
              <BranchPoints />
              <MethodPoint xsi:type="SequencePoint" vc="0" uspid="2016" ordinal="0" offset="0" sl="22" sc="9" el="22" ec="10" bec="0" bev="0" fileid="33" />
            </Method>
            <Method visited="false" cyclomaticComplexity="1" nPathComplexity="0" sequenceCoverage="0" branchCoverage="0" crapScore="2" isConstructor="false" isStatic="false" isGetter="false" isSetter="false">
              <Summary numSequencePoints="5" visitedSequencePoints="0" numBranchPoints="1" visitedBranchPoints="0" sequenceCoverage="0" branchCoverage="0" maxCyclomaticComplexity="1" minCyclomaticComplexity="1" maxCrapScore="2" minCrapScore="2" visitedClasses="0" numClasses="0" visitedMethods="0" numMethods="1" />
              <MetadataToken>100663484</MetadataToken>
              <Name>System.Void hw2.Models.TextChangeCommand::UnExecute()</Name>
              <FileRef uid="33" />
              <SequencePoints>
                <SequencePoint vc="0" uspid="2021" ordinal="0" offset="0" sl="29" sc="9" el="29" ec="10" bec="0" bev="0" fileid="33" />
                <SequencePoint vc="0" uspid="2022" ordinal="1" offset="1" sl="30" sc="13" el="30" ec="41" bec="0" bev="0" fileid="33" />
                <SequencePoint vc="0" uspid="2023" ordinal="2" offset="13" sl="31" sc="13" el="31" ec="42" bec="0" bev="0" fileid="33" />
                <SequencePoint vc="0" uspid="2024" ordinal="3" offset="30" sl="32" sc="13" el="32" ec="33" bec="0" bev="0" fileid="33" />
                <SequencePoint vc="0" uspid="2025" ordinal="4" offset="37" sl="33" sc="9" el="33" ec="10" bec="0" bev="0" fileid="33" />
              </SequencePoints>
              <BranchPoints />
              <MethodPoint xsi:type="SequencePoint" vc="0" uspid="2021" ordinal="0" offset="0" sl="29" sc="9" el="29" ec="10" bec="0" bev="0" fileid="33" />
            </Method>
          </Methods>
        </Class>
        <Class>
          <Summary numSequencePoints="4" visitedSequencePoints="0" numBranchPoints="1" visitedBranchPoints="0" sequenceCoverage="0" branchCoverage="0" maxCyclomaticComplexity="1" minCyclomaticComplexity="1" maxCrapScore="2" minCrapScore="2" visitedClasses="0" numClasses="1" visitedMethods="0" numMethods="1" />
          <FullName>DrawingForm.DoubleBufferedPanel</FullName>
          <Methods>
            <Method visited="false" cyclomaticComplexity="1" nPathComplexity="0" sequenceCoverage="0" branchCoverage="0" crapScore="2" isConstructor="true" isStatic="false" isGetter="false" isSetter="false">
              <Summary numSequencePoints="4" visitedSequencePoints="0" numBranchPoints="1" visitedBranchPoints="0" sequenceCoverage="0" branchCoverage="0" maxCyclomaticComplexity="1" minCyclomaticComplexity="1" maxCrapScore="2" minCrapScore="2" visitedClasses="0" numClasses="0" visitedMethods="0" numMethods="1" />
              <MetadataToken>100663485</MetadataToken>
              <Name>System.Void DrawingForm.DoubleBufferedPanel::.ctor()</Name>
              <FileRef uid="34" />
              <SequencePoints>
                <SequencePoint vc="0" uspid="2026" ordinal="0" offset="0" sl="6" sc="9" el="6" ec="37" bec="0" bev="0" fileid="34" />
                <SequencePoint vc="0" uspid="2027" ordinal="1" offset="7" sl="7" sc="9" el="7" ec="10" bec="0" bev="0" fileid="34" />
                <SequencePoint vc="0" uspid="2028" ordinal="2" offset="8" sl="9" sc="13" el="9" ec="35" bec="0" bev="0" fileid="34" />
                <SequencePoint vc="0" uspid="2029" ordinal="3" offset="16" sl="10" sc="9" el="10" ec="10" bec="0" bev="0" fileid="34" />
              </SequencePoints>
              <BranchPoints />
              <MethodPoint xsi:type="SequencePoint" vc="0" uspid="2026" ordinal="0" offset="0" sl="6" sc="9" el="6" ec="37" bec="0" bev="0" fileid="34" />
            </Method>
          </Methods>
        </Class>
      </Classes>
    </Module>
  </Modules>
</CoverageSession>